<?xml version="1.0" encoding="UTF-8"?>
<robot generator="Robot 6.0.2 (Python 3.11.2 on win32)" generated="20230328 07:48:19.056" rpa="false" schemaversion="3">
<suite id="s1" name="Worten.Test.Bdd" source="C:\Users\Luan\Documents\Projetos\Worten-pratica-robot\worten.test.bdd.robot">
<test id="s1-t1" name="Cenário 00 - Aceitando cookies" line="8">
<kw name="Abrir o navegador" library="Worten.resource" type="SETUP">
<kw name="Open Browser" library="SeleniumLibrary">
<arg>browser=chrome</arg>
<doc>Opens a new browser instance to the optional ``url``.</doc>
<msg timestamp="20230328 07:48:19.303" level="INFO">Opening browser 'chrome' to base url 'None'.</msg>
<status status="PASS" starttime="20230328 07:48:19.302" endtime="20230328 07:48:21.163"/>
</kw>
<kw name="Maximize Browser Window" library="SeleniumLibrary">
<doc>Maximizes current browser window.</doc>
<status status="PASS" starttime="20230328 07:48:21.164" endtime="20230328 07:48:21.325"/>
</kw>
<kw name="Set Selenium Speed" library="SeleniumLibrary">
<arg>${DELAY}</arg>
<doc>Sets the delay that is waited after each Selenium command.</doc>
<status status="PASS" starttime="20230328 07:48:21.326" endtime="20230328 07:48:21.327"/>
</kw>
<status status="PASS" starttime="20230328 07:48:19.302" endtime="20230328 07:48:21.328"/>
</kw>
<kw name="Dado que o usuário está na home page www.worten.pt" library="Worten.resource">
<kw name="Go To" library="SeleniumLibrary">
<arg>url=${URL}</arg>
<doc>Navigates the current browser window to the provided ``url``.</doc>
<msg timestamp="20230328 07:48:21.332" level="INFO">Opening url 'https://www.worten.pt'</msg>
<status status="PASS" starttime="20230328 07:48:21.331" endtime="20230328 07:48:28.640"/>
</kw>
<status status="PASS" starttime="20230328 07:48:21.329" endtime="20230328 07:48:28.640"/>
</kw>
<kw name="E aceitou o cookies" library="Worten.resource">
<kw name="Wait Until Element Is Visible" library="SeleniumLibrary">
<arg>locator=${Aceitar_cookies}</arg>
<doc>Waits until the element ``locator`` is visible.</doc>
<status status="PASS" starttime="20230328 07:48:28.640" endtime="20230328 07:48:29.698"/>
</kw>
<kw name="Click Button" library="SeleniumLibrary">
<arg>locator=${Aceitar_cookies}</arg>
<doc>Clicks the button identified by ``locator``.</doc>
<msg timestamp="20230328 07:48:29.698" level="INFO">Clicking button '//button[@type='button'][contains(.,'Aceitar Tudo')]'.</msg>
<status status="PASS" starttime="20230328 07:48:29.698" endtime="20230328 07:48:32.339"/>
</kw>
<status status="PASS" starttime="20230328 07:48:28.640" endtime="20230328 07:48:32.339"/>
</kw>
<kw name="Então a modal deve desaperecer" library="Worten.resource">
<kw name="Wait Until Element Is Visible" library="SeleniumLibrary">
<arg>${Ver_Produtos}</arg>
<doc>Waits until the element ``locator`` is visible.</doc>
<status status="PASS" starttime="20230328 07:48:32.340" endtime="20230328 07:48:33.428"/>
</kw>
<status status="PASS" starttime="20230328 07:48:32.340" endtime="20230328 07:48:33.428"/>
</kw>
<kw name="Fechar o navegador" library="Worten.resource" type="TEARDOWN">
<kw name="Capture Page Screenshot" library="SeleniumLibrary">
<doc>Takes a screenshot of the current page and embeds it into a log file.</doc>
<msg timestamp="20230328 07:48:34.422" level="INFO" html="true">&lt;/td&gt;&lt;/tr&gt;&lt;tr&gt;&lt;td colspan="3"&gt;&lt;a href="selenium-screenshot-1.png"&gt;&lt;img src="selenium-screenshot-1.png" width="800px"&gt;&lt;/a&gt;</msg>
<status status="PASS" starttime="20230328 07:48:33.430" endtime="20230328 07:48:34.422"/>
</kw>
<kw name="Close Browser" library="SeleniumLibrary">
<doc>Closes the current browser.</doc>
<status status="PASS" starttime="20230328 07:48:34.423" endtime="20230328 07:48:37.058"/>
</kw>
<kw name="Set Selenium Speed" library="SeleniumLibrary">
<arg>${DELAY}</arg>
<doc>Sets the delay that is waited after each Selenium command.</doc>
<status status="PASS" starttime="20230328 07:48:37.058" endtime="20230328 07:48:37.058"/>
</kw>
<status status="PASS" starttime="20230328 07:48:33.430" endtime="20230328 07:48:37.058"/>
</kw>
<doc>Esse teste aceita todos os cookies</doc>
<tag>Aceita_cookies</tag>
<status status="PASS" starttime="20230328 07:48:19.302" endtime="20230328 07:48:37.059"/>
</test>
<test id="s1-t2" name="Cenário 01 - Fazendo login" line="15">
<kw name="Abrir o navegador" library="Worten.resource" type="SETUP">
<kw name="Open Browser" library="SeleniumLibrary">
<arg>browser=chrome</arg>
<doc>Opens a new browser instance to the optional ``url``.</doc>
<msg timestamp="20230328 07:48:37.061" level="INFO">Opening browser 'chrome' to base url 'None'.</msg>
<status status="PASS" starttime="20230328 07:48:37.060" endtime="20230328 07:48:38.495"/>
</kw>
<kw name="Maximize Browser Window" library="SeleniumLibrary">
<doc>Maximizes current browser window.</doc>
<status status="PASS" starttime="20230328 07:48:38.495" endtime="20230328 07:48:39.129"/>
</kw>
<kw name="Set Selenium Speed" library="SeleniumLibrary">
<arg>${DELAY}</arg>
<doc>Sets the delay that is waited after each Selenium command.</doc>
<status status="PASS" starttime="20230328 07:48:39.129" endtime="20230328 07:48:39.129"/>
</kw>
<status status="PASS" starttime="20230328 07:48:37.060" endtime="20230328 07:48:39.129"/>
</kw>
<kw name="Dado que o usuário está na home page www.worten.pt" library="Worten.resource">
<kw name="Go To" library="SeleniumLibrary">
<arg>url=${URL}</arg>
<doc>Navigates the current browser window to the provided ``url``.</doc>
<msg timestamp="20230328 07:48:39.130" level="INFO">Opening url 'https://www.worten.pt'</msg>
<status status="PASS" starttime="20230328 07:48:39.130" endtime="20230328 07:48:45.857"/>
</kw>
<status status="PASS" starttime="20230328 07:48:39.130" endtime="20230328 07:48:45.857"/>
</kw>
<kw name="E aceitou o cookies" library="Worten.resource">
<kw name="Wait Until Element Is Visible" library="SeleniumLibrary">
<arg>locator=${Aceitar_cookies}</arg>
<doc>Waits until the element ``locator`` is visible.</doc>
<status status="PASS" starttime="20230328 07:48:45.858" endtime="20230328 07:48:46.904"/>
</kw>
<kw name="Click Button" library="SeleniumLibrary">
<arg>locator=${Aceitar_cookies}</arg>
<doc>Clicks the button identified by ``locator``.</doc>
<msg timestamp="20230328 07:48:46.904" level="INFO">Clicking button '//button[@type='button'][contains(.,'Aceitar Tudo')]'.</msg>
<status status="PASS" starttime="20230328 07:48:46.904" endtime="20230328 07:48:49.701"/>
</kw>
<status status="PASS" starttime="20230328 07:48:45.857" endtime="20230328 07:48:49.703"/>
</kw>
<kw name="Quando o usuário clicar em Olá! Iniciar Sessão" library="Worten.resource">
<kw name="Click Button" library="SeleniumLibrary">
<arg>${Olá!_IniciarSessão}</arg>
<doc>Clicks the button identified by ``locator``.</doc>
<msg timestamp="20230328 07:48:49.808" level="INFO">Clicking button '(//button[contains(@type,'button')])[4]'.</msg>
<status status="PASS" starttime="20230328 07:48:49.807" endtime="20230328 07:48:52.662"/>
</kw>
<status status="PASS" starttime="20230328 07:48:49.806" endtime="20230328 07:48:52.662"/>
</kw>
<kw name="E clicar em Iniciar Sessão" library="Worten.resource">
<kw name="Click Link" library="SeleniumLibrary">
<arg>${Iniciar_Sessão}</arg>
<doc>Clicks a link identified by ``locator``.</doc>
<msg timestamp="20230328 07:48:52.664" level="INFO">Clicking link '//a[contains(.,'Iniciar Sessão')]'.</msg>
<status status="PASS" starttime="20230328 07:48:52.662" endtime="20230328 07:48:54.301"/>
</kw>
<status status="PASS" starttime="20230328 07:48:52.662" endtime="20230328 07:48:54.301"/>
</kw>
<kw name="Então deve ser redirecionado para a página de login" library="Worten.resource">
<kw name="Wait Until Element Is Visible" library="SeleniumLibrary">
<arg>${Área_Cliente}</arg>
<doc>Waits until the element ``locator`` is visible.</doc>
<status status="PASS" starttime="20230328 07:48:54.302" endtime="20230328 07:48:57.569"/>
</kw>
<status status="PASS" starttime="20230328 07:48:54.301" endtime="20230328 07:48:57.569"/>
</kw>
<kw name="Fechar o navegador" library="Worten.resource" type="TEARDOWN">
<kw name="Capture Page Screenshot" library="SeleniumLibrary">
<doc>Takes a screenshot of the current page and embeds it into a log file.</doc>
<msg timestamp="20230328 07:48:58.729" level="INFO" html="true">&lt;/td&gt;&lt;/tr&gt;&lt;tr&gt;&lt;td colspan="3"&gt;&lt;a href="selenium-screenshot-2.png"&gt;&lt;img src="selenium-screenshot-2.png" width="800px"&gt;&lt;/a&gt;</msg>
<status status="PASS" starttime="20230328 07:48:57.609" endtime="20230328 07:48:58.729"/>
</kw>
<kw name="Close Browser" library="SeleniumLibrary">
<doc>Closes the current browser.</doc>
<status status="PASS" starttime="20230328 07:48:58.729" endtime="20230328 07:49:01.417"/>
</kw>
<kw name="Set Selenium Speed" library="SeleniumLibrary">
<arg>${DELAY}</arg>
<doc>Sets the delay that is waited after each Selenium command.</doc>
<status status="PASS" starttime="20230328 07:49:01.418" endtime="20230328 07:49:01.418"/>
</kw>
<status status="PASS" starttime="20230328 07:48:57.609" endtime="20230328 07:49:01.418"/>
</kw>
<doc>Esse teste verifica o login do usuário</doc>
<tag>Login</tag>
<status status="PASS" starttime="20230328 07:48:37.059" endtime="20230328 07:49:01.419"/>
</test>
<test id="s1-t3" name="Cenário 02 - Verificação do menu &quot;Produtos&quot;" line="24">
<kw name="Abrir o navegador" library="Worten.resource" type="SETUP">
<kw name="Open Browser" library="SeleniumLibrary">
<arg>browser=chrome</arg>
<doc>Opens a new browser instance to the optional ``url``.</doc>
<msg timestamp="20230328 07:49:01.421" level="INFO">Opening browser 'chrome' to base url 'None'.</msg>
<status status="PASS" starttime="20230328 07:49:01.421" endtime="20230328 07:49:02.799"/>
</kw>
<kw name="Maximize Browser Window" library="SeleniumLibrary">
<doc>Maximizes current browser window.</doc>
<status status="PASS" starttime="20230328 07:49:02.799" endtime="20230328 07:49:03.466"/>
</kw>
<kw name="Set Selenium Speed" library="SeleniumLibrary">
<arg>${DELAY}</arg>
<doc>Sets the delay that is waited after each Selenium command.</doc>
<status status="PASS" starttime="20230328 07:49:03.466" endtime="20230328 07:49:03.466"/>
</kw>
<status status="PASS" starttime="20230328 07:49:01.420" endtime="20230328 07:49:03.466"/>
</kw>
<kw name="Dado que o usuário está na home page www.worten.pt" library="Worten.resource">
<kw name="Go To" library="SeleniumLibrary">
<arg>url=${URL}</arg>
<doc>Navigates the current browser window to the provided ``url``.</doc>
<msg timestamp="20230328 07:49:03.467" level="INFO">Opening url 'https://www.worten.pt'</msg>
<status status="PASS" starttime="20230328 07:49:03.467" endtime="20230328 07:49:11.655"/>
</kw>
<status status="PASS" starttime="20230328 07:49:03.467" endtime="20230328 07:49:11.656"/>
</kw>
<kw name="E aceitou o cookies" library="Worten.resource">
<kw name="Wait Until Element Is Visible" library="SeleniumLibrary">
<arg>locator=${Aceitar_cookies}</arg>
<doc>Waits until the element ``locator`` is visible.</doc>
<status status="PASS" starttime="20230328 07:49:11.656" endtime="20230328 07:49:12.984"/>
</kw>
<kw name="Click Button" library="SeleniumLibrary">
<arg>locator=${Aceitar_cookies}</arg>
<doc>Clicks the button identified by ``locator``.</doc>
<msg timestamp="20230328 07:49:12.985" level="INFO">Clicking button '//button[@type='button'][contains(.,'Aceitar Tudo')]'.</msg>
<status status="PASS" starttime="20230328 07:49:12.984" endtime="20230328 07:49:15.647"/>
</kw>
<status status="PASS" starttime="20230328 07:49:11.656" endtime="20230328 07:49:15.647"/>
</kw>
<kw name="Quando o usuário clicar em &quot;Produtos&quot;" library="Worten.resource">
<kw name="Click Button" library="SeleniumLibrary">
<arg>${Produtos}</arg>
<doc>Clicks the button identified by ``locator``.</doc>
<msg timestamp="20230328 07:49:15.648" level="INFO">Clicking button '//button[@aria-label='Produtos']'.</msg>
<status status="PASS" starttime="20230328 07:49:15.648" endtime="20230328 07:49:18.345"/>
</kw>
<status status="PASS" starttime="20230328 07:49:15.647" endtime="20230328 07:49:18.345"/>
</kw>
<kw name="Então deve retornar um menu de produtos com várias opções" library="Worten.resource">
<kw name="Wait Until Element Is Visible" library="SeleniumLibrary">
<arg>${Verifica_Marcas}</arg>
<doc>Waits until the element ``locator`` is visible.</doc>
<status status="PASS" starttime="20230328 07:49:18.346" endtime="20230328 07:49:19.386"/>
</kw>
<status status="PASS" starttime="20230328 07:49:18.346" endtime="20230328 07:49:19.386"/>
</kw>
<kw name="Fechar o navegador" library="Worten.resource" type="TEARDOWN">
<kw name="Capture Page Screenshot" library="SeleniumLibrary">
<doc>Takes a screenshot of the current page and embeds it into a log file.</doc>
<msg timestamp="20230328 07:49:20.210" level="INFO" html="true">&lt;/td&gt;&lt;/tr&gt;&lt;tr&gt;&lt;td colspan="3"&gt;&lt;a href="selenium-screenshot-3.png"&gt;&lt;img src="selenium-screenshot-3.png" width="800px"&gt;&lt;/a&gt;</msg>
<status status="PASS" starttime="20230328 07:49:19.387" endtime="20230328 07:49:20.210"/>
</kw>
<kw name="Close Browser" library="SeleniumLibrary">
<doc>Closes the current browser.</doc>
<status status="PASS" starttime="20230328 07:49:20.210" endtime="20230328 07:49:22.872"/>
</kw>
<kw name="Set Selenium Speed" library="SeleniumLibrary">
<arg>${DELAY}</arg>
<doc>Sets the delay that is waited after each Selenium command.</doc>
<status status="PASS" starttime="20230328 07:49:22.872" endtime="20230328 07:49:22.874"/>
</kw>
<status status="PASS" starttime="20230328 07:49:19.386" endtime="20230328 07:49:22.874"/>
</kw>
<doc>Esse teste verifica o menu Produtos</doc>
<tag>Verifica_produtos</tag>
<status status="PASS" starttime="20230328 07:49:01.420" endtime="20230328 07:49:22.875"/>
</test>
<test id="s1-t4" name="Cenário 03 - Verificação Produto Tablet" line="32">
<kw name="Abrir o navegador" library="Worten.resource" type="SETUP">
<kw name="Open Browser" library="SeleniumLibrary">
<arg>browser=chrome</arg>
<doc>Opens a new browser instance to the optional ``url``.</doc>
<msg timestamp="20230328 07:49:22.878" level="INFO">Opening browser 'chrome' to base url 'None'.</msg>
<status status="PASS" starttime="20230328 07:49:22.878" endtime="20230328 07:49:24.338"/>
</kw>
<kw name="Maximize Browser Window" library="SeleniumLibrary">
<doc>Maximizes current browser window.</doc>
<status status="PASS" starttime="20230328 07:49:24.338" endtime="20230328 07:49:24.977"/>
</kw>
<kw name="Set Selenium Speed" library="SeleniumLibrary">
<arg>${DELAY}</arg>
<doc>Sets the delay that is waited after each Selenium command.</doc>
<status status="PASS" starttime="20230328 07:49:24.978" endtime="20230328 07:49:24.978"/>
</kw>
<status status="PASS" starttime="20230328 07:49:22.877" endtime="20230328 07:49:24.979"/>
</kw>
<kw name="Dado que o usuário está na home page www.worten.pt" library="Worten.resource">
<kw name="Go To" library="SeleniumLibrary">
<arg>url=${URL}</arg>
<doc>Navigates the current browser window to the provided ``url``.</doc>
<msg timestamp="20230328 07:49:24.980" level="INFO">Opening url 'https://www.worten.pt'</msg>
<status status="PASS" starttime="20230328 07:49:24.980" endtime="20230328 07:49:30.380"/>
</kw>
<status status="PASS" starttime="20230328 07:49:24.979" endtime="20230328 07:49:30.380"/>
</kw>
<kw name="E aceitou o cookies" library="Worten.resource">
<kw name="Wait Until Element Is Visible" library="SeleniumLibrary">
<arg>locator=${Aceitar_cookies}</arg>
<doc>Waits until the element ``locator`` is visible.</doc>
<msg timestamp="20230328 07:49:38.000" level="INFO" html="true">&lt;/td&gt;&lt;/tr&gt;&lt;tr&gt;&lt;td colspan="3"&gt;&lt;a href="selenium-screenshot-4.png"&gt;&lt;img src="selenium-screenshot-4.png" width="800px"&gt;&lt;/a&gt;</msg>
<msg timestamp="20230328 07:49:38.001" level="FAIL">Element '//button[@type='button'][contains(.,'Aceitar Tudo')]' not visible after 5 seconds.</msg>
<status status="FAIL" starttime="20230328 07:49:30.381" endtime="20230328 07:49:38.006"/>
</kw>
<kw name="Click Button" library="SeleniumLibrary">
<arg>locator=${Aceitar_cookies}</arg>
<doc>Clicks the button identified by ``locator``.</doc>
<status status="NOT RUN" starttime="20230328 07:49:38.006" endtime="20230328 07:49:38.007"/>
</kw>
<status status="FAIL" starttime="20230328 07:49:30.380" endtime="20230328 07:49:38.007"/>
</kw>
<kw name="Quando o usuário clicar em &quot;Produtos&quot;" library="Worten.resource">
<status status="NOT RUN" starttime="20230328 07:49:38.008" endtime="20230328 07:49:38.008"/>
</kw>
<kw name="E clicar em &quot;Informática&quot;" library="Worten.resource">
<status status="NOT RUN" starttime="20230328 07:49:38.009" endtime="20230328 07:49:38.009"/>
</kw>
<kw name="E clicar em &quot;Tablets&quot;" library="Worten.resource">
<status status="NOT RUN" starttime="20230328 07:49:38.009" endtime="20230328 07:49:38.009"/>
</kw>
<kw name="Então verifica se aparece a opção LENOVO M10 Plus + Capa + Pen(10.6'' - 128 GB - 4 GB RAM - Wi-Fi - Cinzento)" library="Worten.resource">
<status status="NOT RUN" starttime="20230328 07:49:38.011" endtime="20230328 07:49:38.011"/>
</kw>
<kw name="Fechar o navegador" library="Worten.resource" type="TEARDOWN">
<kw name="Capture Page Screenshot" library="SeleniumLibrary">
<doc>Takes a screenshot of the current page and embeds it into a log file.</doc>
<msg timestamp="20230328 07:49:38.919" level="INFO" html="true">&lt;/td&gt;&lt;/tr&gt;&lt;tr&gt;&lt;td colspan="3"&gt;&lt;a href="selenium-screenshot-5.png"&gt;&lt;img src="selenium-screenshot-5.png" width="800px"&gt;&lt;/a&gt;</msg>
<status status="PASS" starttime="20230328 07:49:38.012" endtime="20230328 07:49:38.919"/>
</kw>
<kw name="Close Browser" library="SeleniumLibrary">
<doc>Closes the current browser.</doc>
<status status="PASS" starttime="20230328 07:49:38.919" endtime="20230328 07:49:41.607"/>
</kw>
<kw name="Set Selenium Speed" library="SeleniumLibrary">
<arg>${DELAY}</arg>
<doc>Sets the delay that is waited after each Selenium command.</doc>
<status status="PASS" starttime="20230328 07:49:41.607" endtime="20230328 07:49:41.607"/>
</kw>
<status status="PASS" starttime="20230328 07:49:38.012" endtime="20230328 07:49:41.607"/>
</kw>
<doc>Esse teste verifica o elementos produtos</doc>
<tag>Pesquisa_produtos</tag>
<status status="FAIL" starttime="20230328 07:49:22.876" endtime="20230328 07:49:41.608">Element '//button[@type='button'][contains(.,'Aceitar Tudo')]' not visible after 5 seconds.</status>
</test>
<test id="s1-t5" name="Cenário 04 - Adicionando produto ao carrinho" line="42">
<kw name="Abrir o navegador" library="Worten.resource" type="SETUP">
<kw name="Open Browser" library="SeleniumLibrary">
<arg>browser=chrome</arg>
<doc>Opens a new browser instance to the optional ``url``.</doc>
<msg timestamp="20230328 07:49:41.610" level="INFO">Opening browser 'chrome' to base url 'None'.</msg>
<status status="PASS" starttime="20230328 07:49:41.610" endtime="20230328 07:49:43.021"/>
</kw>
<kw name="Maximize Browser Window" library="SeleniumLibrary">
<doc>Maximizes current browser window.</doc>
<status status="PASS" starttime="20230328 07:49:43.021" endtime="20230328 07:49:43.742"/>
</kw>
<kw name="Set Selenium Speed" library="SeleniumLibrary">
<arg>${DELAY}</arg>
<doc>Sets the delay that is waited after each Selenium command.</doc>
<status status="PASS" starttime="20230328 07:49:43.742" endtime="20230328 07:49:43.742"/>
</kw>
<status status="PASS" starttime="20230328 07:49:41.610" endtime="20230328 07:49:43.742"/>
</kw>
<kw name="Dado que o usuário está na home page www.worten.pt" library="Worten.resource">
<kw name="Go To" library="SeleniumLibrary">
<arg>url=${URL}</arg>
<doc>Navigates the current browser window to the provided ``url``.</doc>
<msg timestamp="20230328 07:49:43.743" level="INFO">Opening url 'https://www.worten.pt'</msg>
<status status="PASS" starttime="20230328 07:49:43.743" endtime="20230328 07:49:49.304"/>
</kw>
<status status="PASS" starttime="20230328 07:49:43.742" endtime="20230328 07:49:49.306"/>
</kw>
<kw name="E aceitou o cookies" library="Worten.resource">
<kw name="Wait Until Element Is Visible" library="SeleniumLibrary">
<arg>locator=${Aceitar_cookies}</arg>
<doc>Waits until the element ``locator`` is visible.</doc>
<status status="PASS" starttime="20230328 07:49:49.308" endtime="20230328 07:49:50.773"/>
</kw>
<kw name="Click Button" library="SeleniumLibrary">
<arg>locator=${Aceitar_cookies}</arg>
<doc>Clicks the button identified by ``locator``.</doc>
<msg timestamp="20230328 07:49:50.774" level="INFO">Clicking button '//button[@type='button'][contains(.,'Aceitar Tudo')]'.</msg>
<status status="PASS" starttime="20230328 07:49:50.773" endtime="20230328 07:49:53.504"/>
</kw>
<status status="PASS" starttime="20230328 07:49:49.308" endtime="20230328 07:49:53.504"/>
</kw>
<kw name="Quando o usuário clicar em &quot;Produtos&quot;" library="Worten.resource">
<kw name="Click Button" library="SeleniumLibrary">
<arg>${Produtos}</arg>
<doc>Clicks the button identified by ``locator``.</doc>
<msg timestamp="20230328 07:49:53.506" level="INFO">Clicking button '//button[@aria-label='Produtos']'.</msg>
<status status="PASS" starttime="20230328 07:49:53.505" endtime="20230328 07:49:56.246"/>
</kw>
<status status="PASS" starttime="20230328 07:49:53.505" endtime="20230328 07:49:56.246"/>
</kw>
<kw name="E clicar em &quot;Informática&quot;" library="Worten.resource">
<kw name="Click Button" library="SeleniumLibrary">
<arg>${Informática}</arg>
<doc>Clicks the button identified by ``locator``.</doc>
<msg timestamp="20230328 07:49:56.248" level="INFO">Clicking button '(//button[@class='nav-tab__categories__button'][contains(.,'Informática')])[1]'.</msg>
<status status="PASS" starttime="20230328 07:49:56.247" endtime="20230328 07:49:58.912"/>
</kw>
<status status="PASS" starttime="20230328 07:49:56.246" endtime="20230328 07:49:58.912"/>
</kw>
<kw name="E clicar em &quot;Tablets&quot;" library="Worten.resource">
<kw name="Click Link" library="SeleniumLibrary">
<arg>${Tablets}</arg>
<doc>Clicks a link identified by ``locator``.</doc>
<msg timestamp="20230328 07:49:58.916" level="INFO">Clicking link '//a[@href='/informatica-e-acessorios/tablets']'.</msg>
<status status="PASS" starttime="20230328 07:49:58.914" endtime="20230328 07:50:00.610"/>
</kw>
<status status="PASS" starttime="20230328 07:49:58.913" endtime="20230328 07:50:00.610"/>
</kw>
<kw name="Então clica no produto Tablet LENOVO M10 Plus + Capa + Pen(10.6'' - 128 GB - 4 GB RAM - Wi-Fi - Cinzento)" library="Worten.resource">
<kw name="Wait Until Element Is Visible" library="SeleniumLibrary">
<arg>${Título_Tablets}</arg>
<doc>Waits until the element ``locator`` is visible.</doc>
<status status="PASS" starttime="20230328 07:50:00.611" endtime="20230328 07:50:03.750"/>
</kw>
<kw name="Click Element" library="SeleniumLibrary">
<arg>${Produto_Tablets}</arg>
<doc>Click the element identified by ``locator``.</doc>
<msg timestamp="20230328 07:50:03.753" level="INFO">Clicking element '(//div[contains(@class,'product-card__flag flag--modal-disabled')])[1]'.</msg>
<status status="PASS" starttime="20230328 07:50:03.750" endtime="20230328 07:50:07.110"/>
</kw>
<status status="PASS" starttime="20230328 07:50:00.611" endtime="20230328 07:50:07.110"/>
</kw>
<kw name="E adiciona ao carrinho" library="Worten.resource">
<kw name="Wait Until Element Is Visible" library="SeleniumLibrary">
<arg>${Adiciona_Carrinho}</arg>
<doc>Waits until the element ``locator`` is visible.</doc>
<msg timestamp="20230328 07:50:13.865" level="INFO" html="true">&lt;/td&gt;&lt;/tr&gt;&lt;tr&gt;&lt;td colspan="3"&gt;&lt;a href="selenium-screenshot-6.png"&gt;&lt;img src="selenium-screenshot-6.png" width="800px"&gt;&lt;/a&gt;</msg>
<msg timestamp="20230328 07:50:13.865" level="FAIL">Element '//button[@type='button'][contains(.,'Adicionar ao carrinho')]' not visible after 5 seconds.</msg>
<status status="FAIL" starttime="20230328 07:50:07.111" endtime="20230328 07:50:13.866"/>
</kw>
<kw name="Click Button" library="SeleniumLibrary">
<arg>${Adiciona_Carrinho}</arg>
<doc>Clicks the button identified by ``locator``.</doc>
<status status="NOT RUN" starttime="20230328 07:50:13.867" endtime="20230328 07:50:13.867"/>
</kw>
<status status="FAIL" starttime="20230328 07:50:07.110" endtime="20230328 07:50:13.867"/>
</kw>
<kw name="E verifica se foi adicionado ao carrinho" library="Worten.resource">
<status status="NOT RUN" starttime="20230328 07:50:13.868" endtime="20230328 07:50:13.868"/>
</kw>
<kw name="Fechar o navegador" library="Worten.resource" type="TEARDOWN">
<kw name="Capture Page Screenshot" library="SeleniumLibrary">
<doc>Takes a screenshot of the current page and embeds it into a log file.</doc>
<msg timestamp="20230328 07:50:14.648" level="INFO" html="true">&lt;/td&gt;&lt;/tr&gt;&lt;tr&gt;&lt;td colspan="3"&gt;&lt;a href="selenium-screenshot-7.png"&gt;&lt;img src="selenium-screenshot-7.png" width="800px"&gt;&lt;/a&gt;</msg>
<status status="PASS" starttime="20230328 07:50:13.870" endtime="20230328 07:50:14.648"/>
</kw>
<kw name="Close Browser" library="SeleniumLibrary">
<doc>Closes the current browser.</doc>
<status status="PASS" starttime="20230328 07:50:14.648" endtime="20230328 07:50:18.286"/>
</kw>
<kw name="Set Selenium Speed" library="SeleniumLibrary">
<arg>${DELAY}</arg>
<doc>Sets the delay that is waited after each Selenium command.</doc>
<status status="PASS" starttime="20230328 07:50:18.286" endtime="20230328 07:50:18.287"/>
</kw>
<status status="PASS" starttime="20230328 07:50:13.869" endtime="20230328 07:50:18.287"/>
</kw>
<doc>Esse teste adiciona produto ao carrinho</doc>
<tag>Adiciona_carrinho</tag>
<status status="FAIL" starttime="20230328 07:49:41.609" endtime="20230328 07:50:18.287">Element '//button[@type='button'][contains(.,'Adicionar ao carrinho')]' not visible after 5 seconds.</status>
</test>
<test id="s1-t6" name="Cenário 05 - Remover produto do carrinho" line="54">
<kw name="Abrir o navegador" library="Worten.resource" type="SETUP">
<kw name="Open Browser" library="SeleniumLibrary">
<arg>browser=chrome</arg>
<doc>Opens a new browser instance to the optional ``url``.</doc>
<msg timestamp="20230328 07:50:18.290" level="INFO">Opening browser 'chrome' to base url 'None'.</msg>
<status status="PASS" starttime="20230328 07:50:18.290" endtime="20230328 07:50:19.943"/>
</kw>
<kw name="Maximize Browser Window" library="SeleniumLibrary">
<doc>Maximizes current browser window.</doc>
<status status="PASS" starttime="20230328 07:50:19.943" endtime="20230328 07:50:20.602"/>
</kw>
<kw name="Set Selenium Speed" library="SeleniumLibrary">
<arg>${DELAY}</arg>
<doc>Sets the delay that is waited after each Selenium command.</doc>
<status status="PASS" starttime="20230328 07:50:20.602" endtime="20230328 07:50:20.602"/>
</kw>
<status status="PASS" starttime="20230328 07:50:18.290" endtime="20230328 07:50:20.602"/>
</kw>
<kw name="Dado que o usuário está na home page www.worten.pt" library="Worten.resource">
<kw name="Go To" library="SeleniumLibrary">
<arg>url=${URL}</arg>
<doc>Navigates the current browser window to the provided ``url``.</doc>
<msg timestamp="20230328 07:50:20.603" level="INFO">Opening url 'https://www.worten.pt'</msg>
<status status="PASS" starttime="20230328 07:50:20.603" endtime="20230328 07:50:28.272"/>
</kw>
<status status="PASS" starttime="20230328 07:50:20.603" endtime="20230328 07:50:28.274"/>
</kw>
<kw name="E aceitou o cookies" library="Worten.resource">
<kw name="Wait Until Element Is Visible" library="SeleniumLibrary">
<arg>locator=${Aceitar_cookies}</arg>
<doc>Waits until the element ``locator`` is visible.</doc>
<status status="PASS" starttime="20230328 07:50:28.286" endtime="20230328 07:50:29.894"/>
</kw>
<kw name="Click Button" library="SeleniumLibrary">
<arg>locator=${Aceitar_cookies}</arg>
<doc>Clicks the button identified by ``locator``.</doc>
<msg timestamp="20230328 07:50:29.896" level="INFO">Clicking button '//button[@type='button'][contains(.,'Aceitar Tudo')]'.</msg>
<status status="PASS" starttime="20230328 07:50:29.895" endtime="20230328 07:50:32.659"/>
</kw>
<status status="PASS" starttime="20230328 07:50:28.283" endtime="20230328 07:50:32.659"/>
</kw>
<kw name="Quando o usuário clicar em &quot;Produtos&quot;" library="Worten.resource">
<kw name="Click Button" library="SeleniumLibrary">
<arg>${Produtos}</arg>
<doc>Clicks the button identified by ``locator``.</doc>
<msg timestamp="20230328 07:50:32.664" level="INFO">Clicking button '//button[@aria-label='Produtos']'.</msg>
<status status="PASS" starttime="20230328 07:50:32.661" endtime="20230328 07:50:35.575"/>
</kw>
<status status="PASS" starttime="20230328 07:50:32.659" endtime="20230328 07:50:35.576"/>
</kw>
<kw name="E clicou em &quot;Informática&quot;" library="Worten.resource">
<kw name="Click Button" library="SeleniumLibrary">
<arg>${Informática}</arg>
<doc>Clicks the button identified by ``locator``.</doc>
<msg timestamp="20230328 07:50:35.577" level="INFO">Clicking button '(//button[@class='nav-tab__categories__button'][contains(.,'Informática')])[1]'.</msg>
<status status="PASS" starttime="20230328 07:50:35.577" endtime="20230328 07:50:38.263"/>
</kw>
<status status="PASS" starttime="20230328 07:50:35.576" endtime="20230328 07:50:38.263"/>
</kw>
<kw name="E clicou em &quot;Tablets&quot;" library="Worten.resource">
<kw name="Click Link" library="SeleniumLibrary">
<arg>${Tablets}</arg>
<doc>Clicks a link identified by ``locator``.</doc>
<msg timestamp="20230328 07:50:38.264" level="INFO">Clicking link '//a[@href='/informatica-e-acessorios/tablets']'.</msg>
<status status="PASS" starttime="20230328 07:50:38.264" endtime="20230328 07:50:40.006"/>
</kw>
<status status="PASS" starttime="20230328 07:50:38.263" endtime="20230328 07:50:40.007"/>
</kw>
<kw name="E clicou no produto Tablet LENOVO M10 Plus + Capa + Pen(10.6'' - 128 GB - 4 GB RAM - Wi-Fi - Cinzento)" library="Worten.resource">
<kw name="Wait Until Element Is Visible" library="SeleniumLibrary">
<arg>${Título_Tablets}</arg>
<doc>Waits until the element ``locator`` is visible.</doc>
<status status="PASS" starttime="20230328 07:50:40.029" endtime="20230328 07:50:49.595"/>
</kw>
<kw name="Click Element" library="SeleniumLibrary">
<arg>${Produto_Tablets}</arg>
<doc>Click the element identified by ``locator``.</doc>
<msg timestamp="20230328 07:50:49.596" level="INFO">Clicking element '(//div[contains(@class,'product-card__flag flag--modal-disabled')])[1]'.</msg>
<status status="PASS" starttime="20230328 07:50:49.595" endtime="20230328 07:50:51.713"/>
</kw>
<status status="PASS" starttime="20230328 07:50:40.029" endtime="20230328 07:50:51.714"/>
</kw>
<kw name="Então adiciona ao carrinho" library="Worten.resource">
<kw name="Wait Until Element Is Visible" library="SeleniumLibrary">
<arg>${Adiciona_Carrinho}</arg>
<doc>Waits until the element ``locator`` is visible.</doc>
<msg timestamp="20230328 07:50:58.928" level="INFO" html="true">&lt;/td&gt;&lt;/tr&gt;&lt;tr&gt;&lt;td colspan="3"&gt;&lt;a href="selenium-screenshot-8.png"&gt;&lt;img src="selenium-screenshot-8.png" width="800px"&gt;&lt;/a&gt;</msg>
<msg timestamp="20230328 07:50:58.928" level="FAIL">Element '//button[@type='button'][contains(.,'Adicionar ao carrinho')]' not visible after 5 seconds.</msg>
<status status="FAIL" starttime="20230328 07:50:51.715" endtime="20230328 07:50:58.930"/>
</kw>
<kw name="Click Button" library="SeleniumLibrary">
<arg>${Adiciona_Carrinho}</arg>
<doc>Clicks the button identified by ``locator``.</doc>
<status status="NOT RUN" starttime="20230328 07:50:58.930" endtime="20230328 07:50:58.930"/>
</kw>
<status status="FAIL" starttime="20230328 07:50:51.714" endtime="20230328 07:50:58.930"/>
</kw>
<kw name="E verifica se foi adicionado ao carrinho" library="Worten.resource">
<status status="NOT RUN" starttime="20230328 07:50:58.931" endtime="20230328 07:50:58.931"/>
</kw>
<kw name="E remova o produto &quot;Tablet LENOVO M10 Plus + Capa + Pen(10.6'' - 128 GB - 4 GB RAM - Wi-Fi - Cinzento)&quot;&quot; do carrinho" library="Worten.resource">
<status status="NOT RUN" starttime="20230328 07:50:58.932" endtime="20230328 07:50:58.932"/>
</kw>
<kw name="E o carrinho deve ficar vazio" library="Worten.resource">
<status status="NOT RUN" starttime="20230328 07:50:58.932" endtime="20230328 07:50:58.932"/>
</kw>
<kw name="Fechar o navegador" library="Worten.resource" type="TEARDOWN">
<kw name="Capture Page Screenshot" library="SeleniumLibrary">
<doc>Takes a screenshot of the current page and embeds it into a log file.</doc>
<msg timestamp="20230328 07:50:59.719" level="INFO" html="true">&lt;/td&gt;&lt;/tr&gt;&lt;tr&gt;&lt;td colspan="3"&gt;&lt;a href="selenium-screenshot-9.png"&gt;&lt;img src="selenium-screenshot-9.png" width="800px"&gt;&lt;/a&gt;</msg>
<status status="PASS" starttime="20230328 07:50:58.934" endtime="20230328 07:50:59.719"/>
</kw>
<kw name="Close Browser" library="SeleniumLibrary">
<doc>Closes the current browser.</doc>
<status status="PASS" starttime="20230328 07:50:59.720" endtime="20230328 07:51:02.469"/>
</kw>
<kw name="Set Selenium Speed" library="SeleniumLibrary">
<arg>${DELAY}</arg>
<doc>Sets the delay that is waited after each Selenium command.</doc>
<status status="PASS" starttime="20230328 07:51:02.469" endtime="20230328 07:51:02.469"/>
</kw>
<status status="PASS" starttime="20230328 07:50:58.934" endtime="20230328 07:51:02.470"/>
</kw>
<doc>Esse teste remove o produto do carrinho</doc>
<tag>Remove_produto</tag>
<status status="FAIL" starttime="20230328 07:50:18.289" endtime="20230328 07:51:02.470">Element '//button[@type='button'][contains(.,'Adicionar ao carrinho')]' not visible after 5 seconds.</status>
</test>
<test id="s1-t7" name="Cenário 06 - Adicionando uma &quot;TV&quot; ao carrinho" line="68">
<kw name="Abrir o navegador" library="Worten.resource" type="SETUP">
<kw name="Open Browser" library="SeleniumLibrary">
<arg>browser=chrome</arg>
<doc>Opens a new browser instance to the optional ``url``.</doc>
<msg timestamp="20230328 07:51:02.473" level="INFO">Opening browser 'chrome' to base url 'None'.</msg>
<status status="PASS" starttime="20230328 07:51:02.472" endtime="20230328 07:51:04.489"/>
</kw>
<kw name="Maximize Browser Window" library="SeleniumLibrary">
<doc>Maximizes current browser window.</doc>
<status status="PASS" starttime="20230328 07:51:04.489" endtime="20230328 07:51:05.158"/>
</kw>
<kw name="Set Selenium Speed" library="SeleniumLibrary">
<arg>${DELAY}</arg>
<doc>Sets the delay that is waited after each Selenium command.</doc>
<status status="PASS" starttime="20230328 07:51:05.158" endtime="20230328 07:51:05.159"/>
</kw>
<status status="PASS" starttime="20230328 07:51:02.472" endtime="20230328 07:51:05.159"/>
</kw>
<kw name="Dado que o usuário está na home page www.worten.pt" library="Worten.resource">
<kw name="Go To" library="SeleniumLibrary">
<arg>url=${URL}</arg>
<doc>Navigates the current browser window to the provided ``url``.</doc>
<msg timestamp="20230328 07:51:05.160" level="INFO">Opening url 'https://www.worten.pt'</msg>
<status status="PASS" starttime="20230328 07:51:05.159" endtime="20230328 07:51:12.167"/>
</kw>
<status status="PASS" starttime="20230328 07:51:05.159" endtime="20230328 07:51:12.167"/>
</kw>
<kw name="E aceitou o cookies" library="Worten.resource">
<kw name="Wait Until Element Is Visible" library="SeleniumLibrary">
<arg>locator=${Aceitar_cookies}</arg>
<doc>Waits until the element ``locator`` is visible.</doc>
<status status="PASS" starttime="20230328 07:51:12.168" endtime="20230328 07:51:13.301"/>
</kw>
<kw name="Click Button" library="SeleniumLibrary">
<arg>locator=${Aceitar_cookies}</arg>
<doc>Clicks the button identified by ``locator``.</doc>
<msg timestamp="20230328 07:51:13.303" level="INFO">Clicking button '//button[@type='button'][contains(.,'Aceitar Tudo')]'.</msg>
<status status="PASS" starttime="20230328 07:51:13.302" endtime="20230328 07:51:16.014"/>
</kw>
<status status="PASS" starttime="20230328 07:51:12.168" endtime="20230328 07:51:16.016"/>
</kw>
<kw name="E clicou em &quot;TVs&quot;" library="Worten.resource">
<kw name="Click Element" library="SeleniumLibrary">
<arg>${Click_Tvs}</arg>
<doc>Click the element identified by ``locator``.</doc>
<msg timestamp="20230328 07:51:16.056" level="INFO">Clicking element '//h2[contains(.,'TVs')]'.</msg>
<status status="PASS" starttime="20230328 07:51:16.053" endtime="20230328 07:51:17.695"/>
</kw>
<status status="PASS" starttime="20230328 07:51:16.049" endtime="20230328 07:51:17.695"/>
</kw>
<kw name="E clicou na opção &quot;samsung&quot;" library="Worten.resource">
<kw name="Wait Until Element Is Visible" library="SeleniumLibrary">
<arg>${Opção_Samsung}</arg>
<doc>Waits until the element ``locator`` is visible.</doc>
<status status="PASS" starttime="20230328 07:51:17.696" endtime="20230328 07:51:24.678"/>
</kw>
<kw name="Click Element" library="SeleniumLibrary">
<arg>${Opção_Samsung}</arg>
<doc>Click the element identified by ``locator``.</doc>
<msg timestamp="20230328 07:51:24.680" level="INFO">Clicking element '//h3[@class='simple-link__label'][contains(.,'Samsung')]'.</msg>
<status status="PASS" starttime="20230328 07:51:24.678" endtime="20230328 07:51:32.945"/>
</kw>
<status status="PASS" starttime="20230328 07:51:17.696" endtime="20230328 07:51:32.945"/>
</kw>
<kw name="Quando clicar em &quot; TV SAMSUNG UE55AU7175 (LED - 55'' - 140 cm - 4K Ultra HD - Smart TV)&quot;" library="Worten.resource">
<kw name="Wait Until Element Is Visible" library="SeleniumLibrary">
<arg>${Título_TV}</arg>
<doc>Waits until the element ``locator`` is visible.</doc>
<status status="PASS" starttime="20230328 07:51:33.001" endtime="20230328 07:51:40.080"/>
</kw>
<kw name="Click Element" library="SeleniumLibrary">
<arg>${Opção_Tv}</arg>
<doc>Click the element identified by ``locator``.</doc>
<msg timestamp="20230328 07:51:40.081" level="INFO">Clicking element '(//div[contains(@class,'product-card__flag flag--modal-disabled')])[2]'.</msg>
<status status="PASS" starttime="20230328 07:51:40.081" endtime="20230328 07:51:42.129"/>
</kw>
<status status="PASS" starttime="20230328 07:51:33.000" endtime="20230328 07:51:42.129"/>
</kw>
<kw name="Então adiciona ao carrinho" library="Worten.resource">
<kw name="Wait Until Element Is Visible" library="SeleniumLibrary">
<arg>${Adiciona_Carrinho}</arg>
<doc>Waits until the element ``locator`` is visible.</doc>
<msg timestamp="20230328 07:51:52.048" level="INFO" html="true">&lt;/td&gt;&lt;/tr&gt;&lt;tr&gt;&lt;td colspan="3"&gt;&lt;a href="selenium-screenshot-10.png"&gt;&lt;img src="selenium-screenshot-10.png" width="800px"&gt;&lt;/a&gt;</msg>
<msg timestamp="20230328 07:51:52.048" level="FAIL">Element '//button[@type='button'][contains(.,'Adicionar ao carrinho')]' not visible after 5 seconds.</msg>
<status status="FAIL" starttime="20230328 07:51:42.131" endtime="20230328 07:51:52.050"/>
</kw>
<kw name="Click Button" library="SeleniumLibrary">
<arg>${Adiciona_Carrinho}</arg>
<doc>Clicks the button identified by ``locator``.</doc>
<status status="NOT RUN" starttime="20230328 07:51:52.050" endtime="20230328 07:51:52.050"/>
</kw>
<status status="FAIL" starttime="20230328 07:51:42.131" endtime="20230328 07:51:52.051"/>
</kw>
<kw name="E verifica se foi adicionado ao carrinho" library="Worten.resource">
<status status="NOT RUN" starttime="20230328 07:51:52.057" endtime="20230328 07:51:52.057"/>
</kw>
<kw name="Fechar o navegador" library="Worten.resource" type="TEARDOWN">
<kw name="Capture Page Screenshot" library="SeleniumLibrary">
<doc>Takes a screenshot of the current page and embeds it into a log file.</doc>
<msg timestamp="20230328 07:51:53.697" level="INFO" html="true">&lt;/td&gt;&lt;/tr&gt;&lt;tr&gt;&lt;td colspan="3"&gt;&lt;a href="selenium-screenshot-11.png"&gt;&lt;img src="selenium-screenshot-11.png" width="800px"&gt;&lt;/a&gt;</msg>
<status status="PASS" starttime="20230328 07:51:52.062" endtime="20230328 07:51:53.697"/>
</kw>
<kw name="Close Browser" library="SeleniumLibrary">
<doc>Closes the current browser.</doc>
<status status="PASS" starttime="20230328 07:51:53.697" endtime="20230328 07:51:56.492"/>
</kw>
<kw name="Set Selenium Speed" library="SeleniumLibrary">
<arg>${DELAY}</arg>
<doc>Sets the delay that is waited after each Selenium command.</doc>
<status status="PASS" starttime="20230328 07:51:56.492" endtime="20230328 07:51:56.493"/>
</kw>
<status status="PASS" starttime="20230328 07:51:52.060" endtime="20230328 07:51:56.493"/>
</kw>
<doc>Esse teste adiciona uma TV ao carrinho</doc>
<tag>Adiciona_TV</tag>
<status status="FAIL" starttime="20230328 07:51:02.471" endtime="20230328 07:51:56.493">Element '//button[@type='button'][contains(.,'Adicionar ao carrinho')]' not visible after 5 seconds.</status>
</test>
<test id="s1-t8" name="Cenário 07 - Removendo uma TV do carrinho" line="79">
<kw name="Abrir o navegador" library="Worten.resource" type="SETUP">
<kw name="Open Browser" library="SeleniumLibrary">
<arg>browser=chrome</arg>
<doc>Opens a new browser instance to the optional ``url``.</doc>
<msg timestamp="20230328 07:51:56.496" level="INFO">Opening browser 'chrome' to base url 'None'.</msg>
<status status="PASS" starttime="20230328 07:51:56.496" endtime="20230328 07:51:58.722"/>
</kw>
<kw name="Maximize Browser Window" library="SeleniumLibrary">
<doc>Maximizes current browser window.</doc>
<status status="PASS" starttime="20230328 07:51:58.722" endtime="20230328 07:51:59.404"/>
</kw>
<kw name="Set Selenium Speed" library="SeleniumLibrary">
<arg>${DELAY}</arg>
<doc>Sets the delay that is waited after each Selenium command.</doc>
<status status="PASS" starttime="20230328 07:51:59.405" endtime="20230328 07:51:59.406"/>
</kw>
<status status="PASS" starttime="20230328 07:51:56.496" endtime="20230328 07:51:59.407"/>
</kw>
<kw name="Dado que o usuário está na home page www.worten.pt" library="Worten.resource">
<kw name="Go To" library="SeleniumLibrary">
<arg>url=${URL}</arg>
<doc>Navigates the current browser window to the provided ``url``.</doc>
<msg timestamp="20230328 07:51:59.410" level="INFO">Opening url 'https://www.worten.pt'</msg>
<status status="PASS" starttime="20230328 07:51:59.409" endtime="20230328 07:52:08.744"/>
</kw>
<status status="PASS" starttime="20230328 07:51:59.408" endtime="20230328 07:52:08.744"/>
</kw>
<kw name="E aceitou o cookies" library="Worten.resource">
<kw name="Wait Until Element Is Visible" library="SeleniumLibrary">
<arg>locator=${Aceitar_cookies}</arg>
<doc>Waits until the element ``locator`` is visible.</doc>
<status status="PASS" starttime="20230328 07:52:08.858" endtime="20230328 07:52:10.443"/>
</kw>
<kw name="Click Button" library="SeleniumLibrary">
<arg>locator=${Aceitar_cookies}</arg>
<doc>Clicks the button identified by ``locator``.</doc>
<msg timestamp="20230328 07:52:10.445" level="INFO">Clicking button '//button[@type='button'][contains(.,'Aceitar Tudo')]'.</msg>
<status status="PASS" starttime="20230328 07:52:10.443" endtime="20230328 07:52:13.475"/>
</kw>
<status status="PASS" starttime="20230328 07:52:08.857" endtime="20230328 07:52:13.477"/>
</kw>
<kw name="E clicou em &quot;TVs&quot;" library="Worten.resource">
<kw name="Click Element" library="SeleniumLibrary">
<arg>${Click_Tvs}</arg>
<doc>Click the element identified by ``locator``.</doc>
<msg timestamp="20230328 07:52:13.479" level="INFO">Clicking element '//h2[contains(.,'TVs')]'.</msg>
<status status="PASS" starttime="20230328 07:52:13.479" endtime="20230328 07:52:14.786"/>
</kw>
<status status="PASS" starttime="20230328 07:52:13.478" endtime="20230328 07:52:14.786"/>
</kw>
<kw name="E clicou na opção &quot;samsung&quot;" library="Worten.resource">
<kw name="Wait Until Element Is Visible" library="SeleniumLibrary">
<arg>${Opção_Samsung}</arg>
<doc>Waits until the element ``locator`` is visible.</doc>
<status status="PASS" starttime="20230328 07:52:14.787" endtime="20230328 07:52:22.158"/>
</kw>
<kw name="Click Element" library="SeleniumLibrary">
<arg>${Opção_Samsung}</arg>
<doc>Click the element identified by ``locator``.</doc>
<msg timestamp="20230328 07:52:22.160" level="INFO">Clicking element '//h3[@class='simple-link__label'][contains(.,'Samsung')]'.</msg>
<status status="PASS" starttime="20230328 07:52:22.158" endtime="20230328 07:52:25.341"/>
</kw>
<status status="PASS" starttime="20230328 07:52:14.787" endtime="20230328 07:52:25.341"/>
</kw>
<kw name="Quando clicar em &quot; TV SAMSUNG UE55AU7175 (LED - 55'' - 140 cm - 4K Ultra HD - Smart TV)&quot;" library="Worten.resource">
<kw name="Wait Until Element Is Visible" library="SeleniumLibrary">
<arg>${Título_TV}</arg>
<doc>Waits until the element ``locator`` is visible.</doc>
<status status="PASS" starttime="20230328 07:52:25.342" endtime="20230328 07:52:29.578"/>
</kw>
<kw name="Click Element" library="SeleniumLibrary">
<arg>${Opção_Tv}</arg>
<doc>Click the element identified by ``locator``.</doc>
<msg timestamp="20230328 07:52:29.579" level="INFO">Clicking element '(//div[contains(@class,'product-card__flag flag--modal-disabled')])[2]'.</msg>
<status status="PASS" starttime="20230328 07:52:29.578" endtime="20230328 07:52:32.136"/>
</kw>
<status status="PASS" starttime="20230328 07:52:25.341" endtime="20230328 07:52:32.136"/>
</kw>
<kw name="E adiciona ao carrinho" library="Worten.resource">
<kw name="Wait Until Element Is Visible" library="SeleniumLibrary">
<arg>${Adiciona_Carrinho}</arg>
<doc>Waits until the element ``locator`` is visible.</doc>
<msg timestamp="20230328 07:52:39.718" level="INFO" html="true">&lt;/td&gt;&lt;/tr&gt;&lt;tr&gt;&lt;td colspan="3"&gt;&lt;a href="selenium-screenshot-12.png"&gt;&lt;img src="selenium-screenshot-12.png" width="800px"&gt;&lt;/a&gt;</msg>
<msg timestamp="20230328 07:52:39.718" level="FAIL">Element '//button[@type='button'][contains(.,'Adicionar ao carrinho')]' not visible after 5 seconds.</msg>
<status status="FAIL" starttime="20230328 07:52:32.138" endtime="20230328 07:52:39.719"/>
</kw>
<kw name="Click Button" library="SeleniumLibrary">
<arg>${Adiciona_Carrinho}</arg>
<doc>Clicks the button identified by ``locator``.</doc>
<status status="NOT RUN" starttime="20230328 07:52:39.720" endtime="20230328 07:52:39.720"/>
</kw>
<status status="FAIL" starttime="20230328 07:52:32.137" endtime="20230328 07:52:39.720"/>
</kw>
<kw name="E verificou se foi adicionado ao carrinho" library="Worten.resource">
<status status="NOT RUN" starttime="20230328 07:52:39.721" endtime="20230328 07:52:39.721"/>
</kw>
<kw name="Então remove o produto &quot;TV SAMSUNG UE43BU8505KXXC (LED - 43'' - 109 cm - 4K Ultra HD - Smart TV)&quot; do carrinho" library="Worten.resource">
<status status="NOT RUN" starttime="20230328 07:52:39.721" endtime="20230328 07:52:39.721"/>
</kw>
<kw name="E o carrinho deve estar vazio" library="Worten.resource">
<status status="NOT RUN" starttime="20230328 07:52:39.722" endtime="20230328 07:52:39.722"/>
</kw>
<kw name="Fechar o navegador" library="Worten.resource" type="TEARDOWN">
<kw name="Capture Page Screenshot" library="SeleniumLibrary">
<doc>Takes a screenshot of the current page and embeds it into a log file.</doc>
<msg timestamp="20230328 07:52:40.750" level="INFO" html="true">&lt;/td&gt;&lt;/tr&gt;&lt;tr&gt;&lt;td colspan="3"&gt;&lt;a href="selenium-screenshot-13.png"&gt;&lt;img src="selenium-screenshot-13.png" width="800px"&gt;&lt;/a&gt;</msg>
<status status="PASS" starttime="20230328 07:52:39.723" endtime="20230328 07:52:40.750"/>
</kw>
<kw name="Close Browser" library="SeleniumLibrary">
<doc>Closes the current browser.</doc>
<status status="PASS" starttime="20230328 07:52:40.750" endtime="20230328 07:52:43.564"/>
</kw>
<kw name="Set Selenium Speed" library="SeleniumLibrary">
<arg>${DELAY}</arg>
<doc>Sets the delay that is waited after each Selenium command.</doc>
<status status="PASS" starttime="20230328 07:52:43.564" endtime="20230328 07:52:43.565"/>
</kw>
<status status="PASS" starttime="20230328 07:52:39.722" endtime="20230328 07:52:43.565"/>
</kw>
<doc>Esse teste remove uma TV ao carrinho</doc>
<tag>Remove_TV</tag>
<status status="FAIL" starttime="20230328 07:51:56.495" endtime="20230328 07:52:43.838">Element '//button[@type='button'][contains(.,'Adicionar ao carrinho')]' not visible after 5 seconds.</status>
</test>
<test id="s1-t9" name="Cenário 08 - Adicionando um smartphone ao carrinho" line="92">
<kw name="Abrir o navegador" library="Worten.resource" type="SETUP">
<kw name="Open Browser" library="SeleniumLibrary">
<arg>browser=chrome</arg>
<doc>Opens a new browser instance to the optional ``url``.</doc>
<msg timestamp="20230328 07:52:44.342" level="INFO">Opening browser 'chrome' to base url 'None'.</msg>
<status status="PASS" starttime="20230328 07:52:44.341" endtime="20230328 07:52:46.861"/>
</kw>
<kw name="Maximize Browser Window" library="SeleniumLibrary">
<doc>Maximizes current browser window.</doc>
<status status="PASS" starttime="20230328 07:52:46.861" endtime="20230328 07:52:47.521"/>
</kw>
<kw name="Set Selenium Speed" library="SeleniumLibrary">
<arg>${DELAY}</arg>
<doc>Sets the delay that is waited after each Selenium command.</doc>
<status status="PASS" starttime="20230328 07:52:47.521" endtime="20230328 07:52:47.521"/>
</kw>
<status status="PASS" starttime="20230328 07:52:44.341" endtime="20230328 07:52:47.521"/>
</kw>
<kw name="Dado que o usuário está na home page www.worten.pt" library="Worten.resource">
<kw name="Go To" library="SeleniumLibrary">
<arg>url=${URL}</arg>
<doc>Navigates the current browser window to the provided ``url``.</doc>
<msg timestamp="20230328 07:52:47.523" level="INFO">Opening url 'https://www.worten.pt'</msg>
<status status="PASS" starttime="20230328 07:52:47.522" endtime="20230328 07:52:55.286"/>
</kw>
<status status="PASS" starttime="20230328 07:52:47.522" endtime="20230328 07:52:55.287"/>
</kw>
<kw name="E aceitou o cookies" library="Worten.resource">
<kw name="Wait Until Element Is Visible" library="SeleniumLibrary">
<arg>locator=${Aceitar_cookies}</arg>
<doc>Waits until the element ``locator`` is visible.</doc>
<status status="PASS" starttime="20230328 07:52:55.308" endtime="20230328 07:52:57.543"/>
</kw>
<kw name="Click Button" library="SeleniumLibrary">
<arg>locator=${Aceitar_cookies}</arg>
<doc>Clicks the button identified by ``locator``.</doc>
<msg timestamp="20230328 07:52:57.544" level="INFO">Clicking button '//button[@type='button'][contains(.,'Aceitar Tudo')]'.</msg>
<status status="PASS" starttime="20230328 07:52:57.543" endtime="20230328 07:53:00.315"/>
</kw>
<status status="PASS" starttime="20230328 07:52:55.308" endtime="20230328 07:53:00.316"/>
</kw>
<kw name="E clicou em &quot;Telemóveis e Smartphones&quot;" library="Worten.resource">
<kw name="Wait Until Element Is Visible" library="SeleniumLibrary">
<arg>${Telemóveis_Smartphones}</arg>
<doc>Waits until the element ``locator`` is visible.</doc>
<status status="PASS" starttime="20230328 07:53:00.332" endtime="20230328 07:53:01.799"/>
</kw>
<kw name="Click Element" library="SeleniumLibrary">
<arg>${Telemóveis_Smartphones}</arg>
<doc>Click the element identified by ``locator``.</doc>
<msg timestamp="20230328 07:53:01.801" level="INFO">Clicking element '//h2[contains(.,'Telemóveis e Smartphones')]'.</msg>
<status status="PASS" starttime="20230328 07:53:01.800" endtime="20230328 07:53:03.030"/>
</kw>
<status status="PASS" starttime="20230328 07:53:00.329" endtime="20230328 07:53:03.030"/>
</kw>
<kw name="E clicou na opção &quot;Iphone&quot;" library="Worten.resource">
<kw name="Wait Until Element Is Visible" library="SeleniumLibrary">
<arg>${Opção_Iphone}</arg>
<doc>Waits until the element ``locator`` is visible.</doc>
<status status="PASS" starttime="20230328 07:53:03.032" endtime="20230328 07:53:07.632"/>
</kw>
<kw name="Click Element" library="SeleniumLibrary">
<arg>${Opção_Iphone}</arg>
<doc>Click the element identified by ``locator``.</doc>
<msg timestamp="20230328 07:53:07.633" level="INFO">Clicking element '//h2[contains(.,'iPhone')]'.</msg>
<status status="PASS" starttime="20230328 07:53:07.632" endtime="20230328 07:53:10.319"/>
</kw>
<status status="PASS" starttime="20230328 07:53:03.031" endtime="20230328 07:53:10.319"/>
</kw>
<kw name="E clicou na opção &quot;iPhone 14 Pro Max APPLE (6.7'' - 128 GB - Roxo Escuro)&quot;" library="Worten.resource">
<kw name="Wait Until Element Is Visible" library="SeleniumLibrary">
<arg>${Produto_Iphone14}</arg>
<doc>Waits until the element ``locator`` is visible.</doc>
<msg timestamp="20230328 07:53:23.198" level="INFO" html="true">&lt;/td&gt;&lt;/tr&gt;&lt;tr&gt;&lt;td colspan="3"&gt;&lt;a href="selenium-screenshot-14.png"&gt;&lt;img src="selenium-screenshot-14.png" width="800px"&gt;&lt;/a&gt;</msg>
<msg timestamp="20230328 07:53:23.198" level="FAIL">Element '(//span[contains(@class,'produc-card__name__link')])[3]' not visible after 5 seconds.</msg>
<status status="FAIL" starttime="20230328 07:53:10.320" endtime="20230328 07:53:23.199"/>
</kw>
<kw name="Click Element" library="SeleniumLibrary">
<arg>${Produto_Iphone14}</arg>
<doc>Click the element identified by ``locator``.</doc>
<status status="NOT RUN" starttime="20230328 07:53:23.199" endtime="20230328 07:53:23.199"/>
</kw>
<status status="FAIL" starttime="20230328 07:53:10.319" endtime="20230328 07:53:23.200"/>
</kw>
<kw name="Quando adicionar o &quot;iPhone 14 Pro Max APPLE (6.7'' - 128 GB - Roxo Escuro)&quot; no carrinho" library="Worten.resource">
<status status="NOT RUN" starttime="20230328 07:53:23.200" endtime="20230328 07:53:23.200"/>
</kw>
<kw name="Então verifica se foi adicionado ao carrinho" library="Worten.resource">
<status status="NOT RUN" starttime="20230328 07:53:23.200" endtime="20230328 07:53:23.200"/>
</kw>
<kw name="Fechar o navegador" library="Worten.resource" type="TEARDOWN">
<kw name="Capture Page Screenshot" library="SeleniumLibrary">
<doc>Takes a screenshot of the current page and embeds it into a log file.</doc>
<msg timestamp="20230328 07:53:24.311" level="INFO" html="true">&lt;/td&gt;&lt;/tr&gt;&lt;tr&gt;&lt;td colspan="3"&gt;&lt;a href="selenium-screenshot-15.png"&gt;&lt;img src="selenium-screenshot-15.png" width="800px"&gt;&lt;/a&gt;</msg>
<status status="PASS" starttime="20230328 07:53:23.201" endtime="20230328 07:53:24.311"/>
</kw>
<kw name="Close Browser" library="SeleniumLibrary">
<doc>Closes the current browser.</doc>
<status status="PASS" starttime="20230328 07:53:24.311" endtime="20230328 07:53:26.982"/>
</kw>
<kw name="Set Selenium Speed" library="SeleniumLibrary">
<arg>${DELAY}</arg>
<doc>Sets the delay that is waited after each Selenium command.</doc>
<status status="PASS" starttime="20230328 07:53:26.982" endtime="20230328 07:53:26.983"/>
</kw>
<status status="PASS" starttime="20230328 07:53:23.201" endtime="20230328 07:53:26.983"/>
</kw>
<doc>Esse teste adiciona smartphone ao carrinho</doc>
<tag>Adiciona_smartphone</tag>
<status status="FAIL" starttime="20230328 07:52:44.340" endtime="20230328 07:53:26.983">Element '(//span[contains(@class,'produc-card__name__link')])[3]' not visible after 5 seconds.</status>
</test>
<test id="s1-t10" name="Cenário 09 - Removendo smarphone do carrinho" line="103">
<kw name="Abrir o navegador" library="Worten.resource" type="SETUP">
<kw name="Open Browser" library="SeleniumLibrary">
<arg>browser=chrome</arg>
<doc>Opens a new browser instance to the optional ``url``.</doc>
<msg timestamp="20230328 07:53:26.985" level="INFO">Opening browser 'chrome' to base url 'None'.</msg>
<status status="PASS" starttime="20230328 07:53:26.985" endtime="20230328 07:53:28.486"/>
</kw>
<kw name="Maximize Browser Window" library="SeleniumLibrary">
<doc>Maximizes current browser window.</doc>
<status status="PASS" starttime="20230328 07:53:28.486" endtime="20230328 07:53:29.141"/>
</kw>
<kw name="Set Selenium Speed" library="SeleniumLibrary">
<arg>${DELAY}</arg>
<doc>Sets the delay that is waited after each Selenium command.</doc>
<status status="PASS" starttime="20230328 07:53:29.141" endtime="20230328 07:53:29.146"/>
</kw>
<status status="PASS" starttime="20230328 07:53:26.985" endtime="20230328 07:53:29.146"/>
</kw>
<kw name="Dado que o usuário está na home page www.worten.pt" library="Worten.resource">
<kw name="Go To" library="SeleniumLibrary">
<arg>url=${URL}</arg>
<doc>Navigates the current browser window to the provided ``url``.</doc>
<msg timestamp="20230328 07:53:29.174" level="INFO">Opening url 'https://www.worten.pt'</msg>
<status status="PASS" starttime="20230328 07:53:29.174" endtime="20230328 07:53:34.473"/>
</kw>
<status status="PASS" starttime="20230328 07:53:29.173" endtime="20230328 07:53:34.474"/>
</kw>
<kw name="E aceitou o cookies" library="Worten.resource">
<kw name="Wait Until Element Is Visible" library="SeleniumLibrary">
<arg>locator=${Aceitar_cookies}</arg>
<doc>Waits until the element ``locator`` is visible.</doc>
<status status="PASS" starttime="20230328 07:53:34.478" endtime="20230328 07:53:35.772"/>
</kw>
<kw name="Click Button" library="SeleniumLibrary">
<arg>locator=${Aceitar_cookies}</arg>
<doc>Clicks the button identified by ``locator``.</doc>
<msg timestamp="20230328 07:53:35.774" level="INFO">Clicking button '//button[@type='button'][contains(.,'Aceitar Tudo')]'.</msg>
<status status="PASS" starttime="20230328 07:53:35.773" endtime="20230328 07:53:38.481"/>
</kw>
<status status="PASS" starttime="20230328 07:53:34.476" endtime="20230328 07:53:38.481"/>
</kw>
<kw name="E clicou em &quot;Telemóveis e Smartphones&quot;" library="Worten.resource">
<kw name="Wait Until Element Is Visible" library="SeleniumLibrary">
<arg>${Telemóveis_Smartphones}</arg>
<doc>Waits until the element ``locator`` is visible.</doc>
<status status="PASS" starttime="20230328 07:53:38.483" endtime="20230328 07:53:39.619"/>
</kw>
<kw name="Click Element" library="SeleniumLibrary">
<arg>${Telemóveis_Smartphones}</arg>
<doc>Click the element identified by ``locator``.</doc>
<msg timestamp="20230328 07:53:39.620" level="INFO">Clicking element '//h2[contains(.,'Telemóveis e Smartphones')]'.</msg>
<status status="PASS" starttime="20230328 07:53:39.619" endtime="20230328 07:53:40.715"/>
</kw>
<status status="PASS" starttime="20230328 07:53:38.483" endtime="20230328 07:53:40.715"/>
</kw>
<kw name="E clicou na opção &quot;Iphone&quot;" library="Worten.resource">
<kw name="Wait Until Element Is Visible" library="SeleniumLibrary">
<arg>${Opção_Iphone}</arg>
<doc>Waits until the element ``locator`` is visible.</doc>
<status status="PASS" starttime="20230328 07:53:40.716" endtime="20230328 07:53:43.973"/>
</kw>
<kw name="Click Element" library="SeleniumLibrary">
<arg>${Opção_Iphone}</arg>
<doc>Click the element identified by ``locator``.</doc>
<msg timestamp="20230328 07:53:43.974" level="INFO">Clicking element '//h2[contains(.,'iPhone')]'.</msg>
<status status="PASS" starttime="20230328 07:53:43.973" endtime="20230328 07:53:46.435"/>
</kw>
<status status="PASS" starttime="20230328 07:53:40.715" endtime="20230328 07:53:46.436"/>
</kw>
<kw name="E clicou na opção &quot;iPhone 14 Pro Max APPLE (6.7'' - 128 GB - Roxo Escuro)&quot;" library="Worten.resource">
<kw name="Wait Until Element Is Visible" library="SeleniumLibrary">
<arg>${Produto_Iphone14}</arg>
<doc>Waits until the element ``locator`` is visible.</doc>
<status status="PASS" starttime="20230328 07:53:46.437" endtime="20230328 07:53:55.772"/>
</kw>
<kw name="Click Element" library="SeleniumLibrary">
<arg>${Produto_Iphone14}</arg>
<doc>Click the element identified by ``locator``.</doc>
<msg timestamp="20230328 07:53:55.772" level="INFO">Clicking element '(//span[contains(@class,'produc-card__name__link')])[3]'.</msg>
<status status="PASS" starttime="20230328 07:53:55.772" endtime="20230328 07:53:57.070"/>
</kw>
<status status="PASS" starttime="20230328 07:53:46.437" endtime="20230328 07:53:57.070"/>
</kw>
<kw name="Quando adicionar o &quot;iPhone 14 Pro Max APPLE (6.7'' - 128 GB - Roxo Escuro)&quot; no carrinho" library="Worten.resource">
<kw name="Wait Until Element Is Visible" library="SeleniumLibrary">
<arg>${Adiciona_Carrinho}</arg>
<doc>Waits until the element ``locator`` is visible.</doc>
<status status="PASS" starttime="20230328 07:53:57.072" endtime="20230328 07:54:02.217"/>
</kw>
<kw name="Click Button" library="SeleniumLibrary">
<arg>${Adiciona_Carrinho}</arg>
<doc>Clicks the button identified by ``locator``.</doc>
<msg timestamp="20230328 07:54:02.218" level="INFO">Clicking button '//button[@type='button'][contains(.,'Adicionar ao carrinho')]'.</msg>
<status status="PASS" starttime="20230328 07:54:02.217" endtime="20230328 07:54:05.051"/>
</kw>
<status status="PASS" starttime="20230328 07:53:57.072" endtime="20230328 07:54:05.052"/>
</kw>
<kw name="Então verifica se foi adicionado ao carrinho" library="Worten.resource">
<kw name="Wait Until Element Is Visible" library="SeleniumLibrary">
<arg>${Ir_Carrinho}</arg>
<doc>Waits until the element ``locator`` is visible.</doc>
<status status="PASS" starttime="20230328 07:54:05.054" endtime="20230328 07:54:09.688"/>
</kw>
<kw name="Click Button" library="SeleniumLibrary">
<arg>${Ir_Carrinho}</arg>
<doc>Clicks the button identified by ``locator``.</doc>
<msg timestamp="20230328 07:54:09.689" level="INFO">Clicking button '//button[@type='button'][contains(.,'ir para carrinho')]'.</msg>
<status status="PASS" starttime="20230328 07:54:09.688" endtime="20230328 07:54:12.383"/>
</kw>
<status status="PASS" starttime="20230328 07:54:05.053" endtime="20230328 07:54:12.383"/>
</kw>
<kw name="E remova o smartphone do carrinho" library="Worten.resource">
<kw name="Wait Until Element Is Visible" library="SeleniumLibrary">
<arg>${Remover_Carrinho}</arg>
<doc>Waits until the element ``locator`` is visible.</doc>
<status status="PASS" starttime="20230328 07:54:12.397" endtime="20230328 07:54:17.434"/>
</kw>
<kw name="Click Button" library="SeleniumLibrary">
<arg>${Remover_Carrinho}</arg>
<doc>Clicks the button identified by ``locator``.</doc>
<msg timestamp="20230328 07:54:17.436" level="INFO">Clicking button '//button[contains(.,'Remover')]'.</msg>
<status status="PASS" starttime="20230328 07:54:17.434" endtime="20230328 07:54:21.008"/>
</kw>
<status status="PASS" starttime="20230328 07:54:12.397" endtime="20230328 07:54:21.008"/>
</kw>
<kw name="E verifica o carrinho" library="Worten.resource">
<kw name="Wait Until Element Is Visible" library="SeleniumLibrary">
<arg>${Carrinho_Vazio}</arg>
<doc>Waits until the element ``locator`` is visible.</doc>
<status status="PASS" starttime="20230328 07:54:21.009" endtime="20230328 07:54:22.949"/>
</kw>
<status status="PASS" starttime="20230328 07:54:21.009" endtime="20230328 07:54:22.949"/>
</kw>
<kw name="Fechar o navegador" library="Worten.resource" type="TEARDOWN">
<kw name="Capture Page Screenshot" library="SeleniumLibrary">
<doc>Takes a screenshot of the current page and embeds it into a log file.</doc>
<msg timestamp="20230328 07:54:23.645" level="INFO" html="true">&lt;/td&gt;&lt;/tr&gt;&lt;tr&gt;&lt;td colspan="3"&gt;&lt;a href="selenium-screenshot-16.png"&gt;&lt;img src="selenium-screenshot-16.png" width="800px"&gt;&lt;/a&gt;</msg>
<status status="PASS" starttime="20230328 07:54:22.950" endtime="20230328 07:54:23.645"/>
</kw>
<kw name="Close Browser" library="SeleniumLibrary">
<doc>Closes the current browser.</doc>
<status status="PASS" starttime="20230328 07:54:23.646" endtime="20230328 07:54:26.308"/>
</kw>
<kw name="Set Selenium Speed" library="SeleniumLibrary">
<arg>${DELAY}</arg>
<doc>Sets the delay that is waited after each Selenium command.</doc>
<status status="PASS" starttime="20230328 07:54:26.308" endtime="20230328 07:54:26.308"/>
</kw>
<status status="PASS" starttime="20230328 07:54:22.950" endtime="20230328 07:54:26.309"/>
</kw>
<doc>Esse teste remove um smartphone do carrinho</doc>
<tag>Remove_smartphone</tag>
<status status="PASS" starttime="20230328 07:53:26.985" endtime="20230328 07:54:26.310"/>
</test>
<test id="s1-t11" name="Cenário 10 - Adicionando uma cama ao carrinho" line="116">
<kw name="Abrir o navegador" library="Worten.resource" type="SETUP">
<kw name="Open Browser" library="SeleniumLibrary">
<arg>browser=chrome</arg>
<doc>Opens a new browser instance to the optional ``url``.</doc>
<msg timestamp="20230328 07:54:26.314" level="INFO">Opening browser 'chrome' to base url 'None'.</msg>
<status status="PASS" starttime="20230328 07:54:26.314" endtime="20230328 07:54:27.849"/>
</kw>
<kw name="Maximize Browser Window" library="SeleniumLibrary">
<doc>Maximizes current browser window.</doc>
<status status="PASS" starttime="20230328 07:54:27.849" endtime="20230328 07:54:28.481"/>
</kw>
<kw name="Set Selenium Speed" library="SeleniumLibrary">
<arg>${DELAY}</arg>
<doc>Sets the delay that is waited after each Selenium command.</doc>
<status status="PASS" starttime="20230328 07:54:28.481" endtime="20230328 07:54:28.481"/>
</kw>
<status status="PASS" starttime="20230328 07:54:26.313" endtime="20230328 07:54:28.482"/>
</kw>
<kw name="Dado que o usuário está na home page www.worten.pt" library="Worten.resource">
<kw name="Go To" library="SeleniumLibrary">
<arg>url=${URL}</arg>
<doc>Navigates the current browser window to the provided ``url``.</doc>
<msg timestamp="20230328 07:54:28.483" level="INFO">Opening url 'https://www.worten.pt'</msg>
<status status="PASS" starttime="20230328 07:54:28.482" endtime="20230328 07:54:35.984"/>
</kw>
<status status="PASS" starttime="20230328 07:54:28.482" endtime="20230328 07:54:35.984"/>
</kw>
<kw name="E aceitou o cookies" library="Worten.resource">
<kw name="Wait Until Element Is Visible" library="SeleniumLibrary">
<arg>locator=${Aceitar_cookies}</arg>
<doc>Waits until the element ``locator`` is visible.</doc>
<status status="PASS" starttime="20230328 07:54:35.984" endtime="20230328 07:54:37.375"/>
</kw>
<kw name="Click Button" library="SeleniumLibrary">
<arg>locator=${Aceitar_cookies}</arg>
<doc>Clicks the button identified by ``locator``.</doc>
<msg timestamp="20230328 07:54:37.376" level="INFO">Clicking button '//button[@type='button'][contains(.,'Aceitar Tudo')]'.</msg>
<status status="PASS" starttime="20230328 07:54:37.375" endtime="20230328 07:54:40.097"/>
</kw>
<status status="PASS" starttime="20230328 07:54:35.984" endtime="20230328 07:54:40.097"/>
</kw>
<kw name="Quando pesquisar por cama" library="Worten.resource">
<kw name="Input Text" library="SeleniumLibrary">
<arg>search</arg>
<arg>cama</arg>
<doc>Types the given ``text`` into the text field identified by ``locator``.</doc>
<msg timestamp="20230328 07:54:40.102" level="INFO">Typing text 'cama' into text field 'search'.</msg>
<status status="PASS" starttime="20230328 07:54:40.100" endtime="20230328 07:54:41.920"/>
</kw>
<status status="PASS" starttime="20230328 07:54:40.097" endtime="20230328 07:54:41.920"/>
</kw>
<kw name="E clicar na opção de cama" library="Worten.resource">
<kw name="Wait Until Element Is Visible" library="SeleniumLibrary">
<arg>${Opção_Cama}</arg>
<doc>Waits until the element ``locator`` is visible.</doc>
<status status="PASS" starttime="20230328 07:54:41.921" endtime="20230328 07:54:43.023"/>
</kw>
<kw name="Click Element" library="SeleniumLibrary">
<arg>${Opção_Cama}</arg>
<doc>Click the element identified by ``locator``.</doc>
<msg timestamp="20230328 07:54:43.023" level="INFO">Clicking element '(//span[@class='bold'][contains(.,'cama')])[1]'.</msg>
<status status="PASS" starttime="20230328 07:54:43.023" endtime="20230328 07:54:44.204"/>
</kw>
<status status="PASS" starttime="20230328 07:54:41.920" endtime="20230328 07:54:44.205"/>
</kw>
<kw name="Então clica na &quot;vidaXL Estrutura de cama c/ gavetas 90x200 cm branco&quot;" library="Worten.resource">
<kw name="Wait Until Element Is Visible" library="SeleniumLibrary">
<arg>${Produto_Cama}</arg>
<doc>Waits until the element ``locator`` is visible.</doc>
<msg timestamp="20230328 07:54:52.910" level="INFO" html="true">&lt;/td&gt;&lt;/tr&gt;&lt;tr&gt;&lt;td colspan="3"&gt;&lt;a href="selenium-screenshot-17.png"&gt;&lt;img src="selenium-screenshot-17.png" width="800px"&gt;&lt;/a&gt;</msg>
<msg timestamp="20230328 07:54:52.911" level="FAIL">Element '//span[contains(.,'vidaXL Estrutura de cama c/ gavetas 90x200 cm branco')]' not visible after 5 seconds.</msg>
<status status="FAIL" starttime="20230328 07:54:44.206" endtime="20230328 07:54:52.912"/>
</kw>
<kw name="Click Element" library="SeleniumLibrary">
<arg>${Produto_Cama}</arg>
<doc>Click the element identified by ``locator``.</doc>
<status status="NOT RUN" starttime="20230328 07:54:52.913" endtime="20230328 07:54:52.913"/>
</kw>
<status status="FAIL" starttime="20230328 07:54:44.205" endtime="20230328 07:54:52.913"/>
</kw>
<kw name="E adicione a &quot;vidaXL Estrutura de cama c/ gavetas 90x200 cm branco&quot; no carrinho" library="Worten.resource">
<status status="NOT RUN" starttime="20230328 07:54:52.919" endtime="20230328 07:54:52.919"/>
</kw>
<kw name="E verifica se adicionou ao carrinho" library="Worten.resource">
<status status="NOT RUN" starttime="20230328 07:54:52.919" endtime="20230328 07:54:52.919"/>
</kw>
<kw name="Fechar o navegador" library="Worten.resource" type="TEARDOWN">
<kw name="Capture Page Screenshot" library="SeleniumLibrary">
<doc>Takes a screenshot of the current page and embeds it into a log file.</doc>
<msg timestamp="20230328 07:54:54.007" level="INFO" html="true">&lt;/td&gt;&lt;/tr&gt;&lt;tr&gt;&lt;td colspan="3"&gt;&lt;a href="selenium-screenshot-18.png"&gt;&lt;img src="selenium-screenshot-18.png" width="800px"&gt;&lt;/a&gt;</msg>
<status status="PASS" starttime="20230328 07:54:52.920" endtime="20230328 07:54:54.008"/>
</kw>
<kw name="Close Browser" library="SeleniumLibrary">
<doc>Closes the current browser.</doc>
<status status="PASS" starttime="20230328 07:54:54.008" endtime="20230328 07:54:56.682"/>
</kw>
<kw name="Set Selenium Speed" library="SeleniumLibrary">
<arg>${DELAY}</arg>
<doc>Sets the delay that is waited after each Selenium command.</doc>
<status status="PASS" starttime="20230328 07:54:56.682" endtime="20230328 07:54:56.683"/>
</kw>
<status status="PASS" starttime="20230328 07:54:52.920" endtime="20230328 07:54:56.683"/>
</kw>
<doc>Esse teste adiciona uma cama ao carrinho</doc>
<tag>Adiciona_cama</tag>
<status status="FAIL" starttime="20230328 07:54:26.311" endtime="20230328 07:54:56.683">Element '//span[contains(.,'vidaXL Estrutura de cama c/ gavetas 90x200 cm branco')]' not visible after 5 seconds.</status>
</test>
<test id="s1-t12" name="Cenário 11 - Removendo uma cama do carrinho" line="127">
<kw name="Abrir o navegador" library="Worten.resource" type="SETUP">
<kw name="Open Browser" library="SeleniumLibrary">
<arg>browser=chrome</arg>
<doc>Opens a new browser instance to the optional ``url``.</doc>
<msg timestamp="20230328 07:54:56.686" level="INFO">Opening browser 'chrome' to base url 'None'.</msg>
<status status="PASS" starttime="20230328 07:54:56.686" endtime="20230328 07:54:58.537"/>
</kw>
<kw name="Maximize Browser Window" library="SeleniumLibrary">
<doc>Maximizes current browser window.</doc>
<status status="PASS" starttime="20230328 07:54:58.538" endtime="20230328 07:54:59.222"/>
</kw>
<kw name="Set Selenium Speed" library="SeleniumLibrary">
<arg>${DELAY}</arg>
<doc>Sets the delay that is waited after each Selenium command.</doc>
<status status="PASS" starttime="20230328 07:54:59.223" endtime="20230328 07:54:59.223"/>
</kw>
<status status="PASS" starttime="20230328 07:54:56.686" endtime="20230328 07:54:59.224"/>
</kw>
<kw name="Dado que o usuário está na home page www.worten.pt" library="Worten.resource">
<kw name="Go To" library="SeleniumLibrary">
<arg>url=${URL}</arg>
<doc>Navigates the current browser window to the provided ``url``.</doc>
<msg timestamp="20230328 07:54:59.226" level="INFO">Opening url 'https://www.worten.pt'</msg>
<status status="PASS" starttime="20230328 07:54:59.226" endtime="20230328 07:55:04.521"/>
</kw>
<status status="PASS" starttime="20230328 07:54:59.225" endtime="20230328 07:55:04.521"/>
</kw>
<kw name="E aceitou o cookies" library="Worten.resource">
<kw name="Wait Until Element Is Visible" library="SeleniumLibrary">
<arg>locator=${Aceitar_cookies}</arg>
<doc>Waits until the element ``locator`` is visible.</doc>
<status status="PASS" starttime="20230328 07:55:04.524" endtime="20230328 07:55:06.023"/>
</kw>
<kw name="Click Button" library="SeleniumLibrary">
<arg>locator=${Aceitar_cookies}</arg>
<doc>Clicks the button identified by ``locator``.</doc>
<msg timestamp="20230328 07:55:06.023" level="INFO">Clicking button '//button[@type='button'][contains(.,'Aceitar Tudo')]'.</msg>
<status status="PASS" starttime="20230328 07:55:06.023" endtime="20230328 07:55:08.824"/>
</kw>
<status status="PASS" starttime="20230328 07:55:04.522" endtime="20230328 07:55:08.824"/>
</kw>
<kw name="Quando pesquisar por cama" library="Worten.resource">
<kw name="Input Text" library="SeleniumLibrary">
<arg>search</arg>
<arg>cama</arg>
<doc>Types the given ``text`` into the text field identified by ``locator``.</doc>
<msg timestamp="20230328 07:55:08.838" level="INFO">Typing text 'cama' into text field 'search'.</msg>
<status status="PASS" starttime="20230328 07:55:08.837" endtime="20230328 07:55:10.835"/>
</kw>
<status status="PASS" starttime="20230328 07:55:08.837" endtime="20230328 07:55:10.835"/>
</kw>
<kw name="E clicar na opção de cama" library="Worten.resource">
<kw name="Wait Until Element Is Visible" library="SeleniumLibrary">
<arg>${Opção_Cama}</arg>
<doc>Waits until the element ``locator`` is visible.</doc>
<status status="PASS" starttime="20230328 07:55:10.836" endtime="20230328 07:55:11.933"/>
</kw>
<kw name="Click Element" library="SeleniumLibrary">
<arg>${Opção_Cama}</arg>
<doc>Click the element identified by ``locator``.</doc>
<msg timestamp="20230328 07:55:11.934" level="INFO">Clicking element '(//span[@class='bold'][contains(.,'cama')])[1]'.</msg>
<status status="PASS" starttime="20230328 07:55:11.933" endtime="20230328 07:55:13.129"/>
</kw>
<status status="PASS" starttime="20230328 07:55:10.836" endtime="20230328 07:55:13.130"/>
</kw>
<kw name="Então clica na &quot;vidaXL Estrutura de cama c/ gavetas 90x200 cm branco&quot;" library="Worten.resource">
<kw name="Wait Until Element Is Visible" library="SeleniumLibrary">
<arg>${Produto_Cama}</arg>
<doc>Waits until the element ``locator`` is visible.</doc>
<status status="PASS" starttime="20230328 07:55:13.138" endtime="20230328 07:55:20.600"/>
</kw>
<kw name="Click Element" library="SeleniumLibrary">
<arg>${Produto_Cama}</arg>
<doc>Click the element identified by ``locator``.</doc>
<msg timestamp="20230328 07:55:20.601" level="INFO">Clicking element '//span[contains(.,'vidaXL Estrutura de cama c/ gavetas 90x200 cm branco')]'.</msg>
<status status="PASS" starttime="20230328 07:55:20.600" endtime="20230328 07:55:22.180"/>
</kw>
<status status="PASS" starttime="20230328 07:55:13.137" endtime="20230328 07:55:22.180"/>
</kw>
<kw name="E adicione a &quot;vidaXL Estrutura de cama c/ gavetas 90x200 cm branco&quot; no carrinho" library="Worten.resource">
<kw name="Wait Until Element Is Visible" library="SeleniumLibrary">
<arg>${Adiciona_Carrinho}</arg>
<doc>Waits until the element ``locator`` is visible.</doc>
<status status="PASS" starttime="20230328 07:55:22.181" endtime="20230328 07:55:27.005"/>
</kw>
<kw name="Click Button" library="SeleniumLibrary">
<arg>${Adiciona_Carrinho}</arg>
<doc>Clicks the button identified by ``locator``.</doc>
<msg timestamp="20230328 07:55:27.006" level="INFO">Clicking button '//button[@type='button'][contains(.,'Adicionar ao carrinho')]'.</msg>
<status status="PASS" starttime="20230328 07:55:27.005" endtime="20230328 07:55:29.716"/>
</kw>
<status status="PASS" starttime="20230328 07:55:22.180" endtime="20230328 07:55:29.717"/>
</kw>
<kw name="E remova a cama do carrinho" library="Worten.resource">
<kw name="Wait Until Element Is Visible" library="SeleniumLibrary">
<arg>${Remover_Carrinho}</arg>
<doc>Waits until the element ``locator`` is visible.</doc>
<status status="PASS" starttime="20230328 07:55:29.718" endtime="20230328 07:55:33.140"/>
</kw>
<kw name="Click Button" library="SeleniumLibrary">
<arg>${Remover_Carrinho}</arg>
<doc>Clicks the button identified by ``locator``.</doc>
<msg timestamp="20230328 07:55:33.142" level="INFO">Clicking button '//button[contains(.,'Remover')]'.</msg>
<status status="PASS" starttime="20230328 07:55:33.141" endtime="20230328 07:55:36.399"/>
</kw>
<status status="PASS" starttime="20230328 07:55:29.718" endtime="20230328 07:55:36.399"/>
</kw>
<kw name="E verifica o carrinho" library="Worten.resource">
<kw name="Wait Until Element Is Visible" library="SeleniumLibrary">
<arg>${Carrinho_Vazio}</arg>
<doc>Waits until the element ``locator`` is visible.</doc>
<status status="PASS" starttime="20230328 07:55:36.399" endtime="20230328 07:55:38.459"/>
</kw>
<status status="PASS" starttime="20230328 07:55:36.399" endtime="20230328 07:55:38.459"/>
</kw>
<kw name="Fechar o navegador" library="Worten.resource" type="TEARDOWN">
<kw name="Capture Page Screenshot" library="SeleniumLibrary">
<doc>Takes a screenshot of the current page and embeds it into a log file.</doc>
<msg timestamp="20230328 07:55:39.162" level="INFO" html="true">&lt;/td&gt;&lt;/tr&gt;&lt;tr&gt;&lt;td colspan="3"&gt;&lt;a href="selenium-screenshot-19.png"&gt;&lt;img src="selenium-screenshot-19.png" width="800px"&gt;&lt;/a&gt;</msg>
<status status="PASS" starttime="20230328 07:55:38.459" endtime="20230328 07:55:39.162"/>
</kw>
<kw name="Close Browser" library="SeleniumLibrary">
<doc>Closes the current browser.</doc>
<status status="PASS" starttime="20230328 07:55:39.162" endtime="20230328 07:55:41.938"/>
</kw>
<kw name="Set Selenium Speed" library="SeleniumLibrary">
<arg>${DELAY}</arg>
<doc>Sets the delay that is waited after each Selenium command.</doc>
<status status="PASS" starttime="20230328 07:55:41.938" endtime="20230328 07:55:41.938"/>
</kw>
<status status="PASS" starttime="20230328 07:55:38.459" endtime="20230328 07:55:41.938"/>
</kw>
<doc>Esse teste remove uma cama do carrinho</doc>
<tag>Adiciona_cama</tag>
<status status="PASS" starttime="20230328 07:54:56.685" endtime="20230328 07:55:41.938"/>
</test>
<test id="s1-t13" name="Cenário 12- Verificação do menu &quot;Serviços&quot;" line="139">
<kw name="Abrir o navegador" library="Worten.resource" type="SETUP">
<kw name="Open Browser" library="SeleniumLibrary">
<arg>browser=chrome</arg>
<doc>Opens a new browser instance to the optional ``url``.</doc>
<msg timestamp="20230328 07:55:41.941" level="INFO">Opening browser 'chrome' to base url 'None'.</msg>
<status status="PASS" starttime="20230328 07:55:41.940" endtime="20230328 07:55:43.388"/>
</kw>
<kw name="Maximize Browser Window" library="SeleniumLibrary">
<doc>Maximizes current browser window.</doc>
<status status="PASS" starttime="20230328 07:55:43.388" endtime="20230328 07:55:44.022"/>
</kw>
<kw name="Set Selenium Speed" library="SeleniumLibrary">
<arg>${DELAY}</arg>
<doc>Sets the delay that is waited after each Selenium command.</doc>
<status status="PASS" starttime="20230328 07:55:44.022" endtime="20230328 07:55:44.024"/>
</kw>
<status status="PASS" starttime="20230328 07:55:41.940" endtime="20230328 07:55:44.024"/>
</kw>
<kw name="Dado que o usuário está na home page www.worten.pt" library="Worten.resource">
<kw name="Go To" library="SeleniumLibrary">
<arg>url=${URL}</arg>
<doc>Navigates the current browser window to the provided ``url``.</doc>
<msg timestamp="20230328 07:55:44.048" level="INFO">Opening url 'https://www.worten.pt'</msg>
<status status="PASS" starttime="20230328 07:55:44.047" endtime="20230328 07:55:50.036"/>
</kw>
<status status="PASS" starttime="20230328 07:55:44.047" endtime="20230328 07:55:50.037"/>
</kw>
<kw name="E aceitou o cookies" library="Worten.resource">
<kw name="Wait Until Element Is Visible" library="SeleniumLibrary">
<arg>locator=${Aceitar_cookies}</arg>
<doc>Waits until the element ``locator`` is visible.</doc>
<status status="PASS" starttime="20230328 07:55:50.042" endtime="20230328 07:55:51.155"/>
</kw>
<kw name="Click Button" library="SeleniumLibrary">
[...]
<msg timestamp="20230328 07:59:04.860" level="INFO">Opening browser 'chrome' to base url 'None'.</msg>
<status status="PASS" starttime="20230328 07:59:04.859" endtime="20230328 07:59:06.506"/>
</kw>
<kw name="Maximize Browser Window" library="SeleniumLibrary">
<doc>Maximizes current browser window.</doc>
<status status="PASS" starttime="20230328 07:59:06.506" endtime="20230328 07:59:07.165"/>
</kw>
<kw name="Set Selenium Speed" library="SeleniumLibrary">
<arg>${DELAY}</arg>
<doc>Sets the delay that is waited after each Selenium command.</doc>
<status status="PASS" starttime="20230328 07:59:07.165" endtime="20230328 07:59:07.166"/>
</kw>
<status status="PASS" starttime="20230328 07:59:04.859" endtime="20230328 07:59:07.166"/>
</kw>
<kw name="Dado que o usuário está na home page www.worten.pt" library="Worten.resource">
<kw name="Go To" library="SeleniumLibrary">
<arg>url=${URL}</arg>
<doc>Navigates the current browser window to the provided ``url``.</doc>
<msg timestamp="20230328 07:59:07.167" level="INFO">Opening url 'https://www.worten.pt'</msg>
<status status="PASS" starttime="20230328 07:59:07.166" endtime="20230328 07:59:14.976"/>
</kw>
<status status="PASS" starttime="20230328 07:59:07.166" endtime="20230328 07:59:14.976"/>
</kw>
<kw name="E aceitou o cookies" library="Worten.resource">
<kw name="Wait Until Element Is Visible" library="SeleniumLibrary">
<arg>locator=${Aceitar_cookies}</arg>
<doc>Waits until the element ``locator`` is visible.</doc>
<status status="PASS" starttime="20230328 07:59:14.977" endtime="20230328 07:59:16.345"/>
</kw>
<kw name="Click Button" library="SeleniumLibrary">
<arg>locator=${Aceitar_cookies}</arg>
<doc>Clicks the button identified by ``locator``.</doc>
<msg timestamp="20230328 07:59:16.347" level="INFO">Clicking button '//button[@type='button'][contains(.,'Aceitar Tudo')]'.</msg>
<status status="PASS" starttime="20230328 07:59:16.346" endtime="20230328 07:59:19.051"/>
</kw>
<status status="PASS" starttime="20230328 07:59:14.977" endtime="20230328 07:59:19.051"/>
</kw>
<kw name="Quando clicar na opção &quot;Levanta grátis na loja em 15 minutos&quot;" library="Worten.resource">
<kw name="Click Element" library="SeleniumLibrary">
<arg>${Opção_LevantaGrátis}</arg>
<doc>Click the element identified by ``locator``.</doc>
<msg timestamp="20230328 07:59:19.054" level="INFO">Clicking element '//p[contains(.,'Levanta grátis na loja em 15 minutos')]'.</msg>
<status status="PASS" starttime="20230328 07:59:19.053" endtime="20230328 07:59:20.364"/>
</kw>
<status status="PASS" starttime="20230328 07:59:19.053" endtime="20230328 07:59:20.364"/>
</kw>
<kw name="Então deve aparecer a lista de entregas rápidas" library="Worten.resource">
<kw name="Wait Until Element Is Visible" library="SeleniumLibrary">
<arg>${Lista_Entregas}</arg>
<doc>Waits until the element ``locator`` is visible.</doc>
<status status="PASS" starttime="20230328 07:59:20.365" endtime="20230328 07:59:27.370"/>
</kw>
<status status="PASS" starttime="20230328 07:59:20.365" endtime="20230328 07:59:27.370"/>
</kw>
<kw name="Fechar o navegador" library="Worten.resource" type="TEARDOWN">
<kw name="Capture Page Screenshot" library="SeleniumLibrary">
<doc>Takes a screenshot of the current page and embeds it into a log file.</doc>
<msg timestamp="20230328 07:59:28.220" level="INFO" html="true">&lt;/td&gt;&lt;/tr&gt;&lt;tr&gt;&lt;td colspan="3"&gt;&lt;a href="selenium-screenshot-26.png"&gt;&lt;img src="selenium-screenshot-26.png" width="800px"&gt;&lt;/a&gt;</msg>
<status status="PASS" starttime="20230328 07:59:27.376" endtime="20230328 07:59:28.220"/>
</kw>
<kw name="Close Browser" library="SeleniumLibrary">
<doc>Closes the current browser.</doc>
<status status="PASS" starttime="20230328 07:59:28.220" endtime="20230328 07:59:30.907"/>
</kw>
<kw name="Set Selenium Speed" library="SeleniumLibrary">
<arg>${DELAY}</arg>
<doc>Sets the delay that is waited after each Selenium command.</doc>
<status status="PASS" starttime="20230328 07:59:30.908" endtime="20230328 07:59:30.909"/>
</kw>
<status status="PASS" starttime="20230328 07:59:27.375" endtime="20230328 07:59:30.909"/>
</kw>
<doc>Esse teste verifica a opção Levanta grátis na loja em 15 minutos</doc>
<tag>Verifica_Opção</tag>
<status status="PASS" starttime="20230328 07:59:04.857" endtime="20230328 07:59:30.910"/>
</test>
<test id="s1-t19" name="Cenário 18 - Verifica a opção Recebe em casa em 2 horas" line="203">
<kw name="Abrir o navegador" library="Worten.resource" type="SETUP">
<kw name="Open Browser" library="SeleniumLibrary">
<arg>browser=chrome</arg>
<doc>Opens a new browser instance to the optional ``url``.</doc>
<msg timestamp="20230328 07:59:30.911" level="INFO">Opening browser 'chrome' to base url 'None'.</msg>
<status status="PASS" starttime="20230328 07:59:30.911" endtime="20230328 07:59:32.566"/>
</kw>
<kw name="Maximize Browser Window" library="SeleniumLibrary">
<doc>Maximizes current browser window.</doc>
<status status="PASS" starttime="20230328 07:59:32.566" endtime="20230328 07:59:33.217"/>
</kw>
<kw name="Set Selenium Speed" library="SeleniumLibrary">
<arg>${DELAY}</arg>
<doc>Sets the delay that is waited after each Selenium command.</doc>
<status status="PASS" starttime="20230328 07:59:33.217" endtime="20230328 07:59:33.217"/>
</kw>
<status status="PASS" starttime="20230328 07:59:30.911" endtime="20230328 07:59:33.217"/>
</kw>
<kw name="Dado que o usuário está na home page www.worten.pt" library="Worten.resource">
<kw name="Go To" library="SeleniumLibrary">
<arg>url=${URL}</arg>
<doc>Navigates the current browser window to the provided ``url``.</doc>
<msg timestamp="20230328 07:59:33.219" level="INFO">Opening url 'https://www.worten.pt'</msg>
<status status="PASS" starttime="20230328 07:59:33.219" endtime="20230328 07:59:40.584"/>
</kw>
<status status="PASS" starttime="20230328 07:59:33.217" endtime="20230328 07:59:40.586"/>
</kw>
<kw name="E aceitou o cookies" library="Worten.resource">
<kw name="Wait Until Element Is Visible" library="SeleniumLibrary">
<arg>locator=${Aceitar_cookies}</arg>
<doc>Waits until the element ``locator`` is visible.</doc>
<status status="PASS" starttime="20230328 07:59:40.593" endtime="20230328 07:59:42.981"/>
</kw>
<kw name="Click Button" library="SeleniumLibrary">
<arg>locator=${Aceitar_cookies}</arg>
<doc>Clicks the button identified by ``locator``.</doc>
<msg timestamp="20230328 07:59:42.984" level="INFO">Clicking button '//button[@type='button'][contains(.,'Aceitar Tudo')]'.</msg>
<status status="PASS" starttime="20230328 07:59:42.982" endtime="20230328 07:59:46.163"/>
</kw>
<status status="PASS" starttime="20230328 07:59:40.593" endtime="20230328 07:59:46.163"/>
</kw>
<kw name="Quando clicar na opção &quot;Recebe em casa em 2 horas&quot;" library="Worten.resource">
<kw name="Click Link" library="SeleniumLibrary">
<arg>${OpçãoRecebeEmCasa}</arg>
<doc>Clicks a link identified by ``locator``.</doc>
<msg timestamp="20230328 07:59:46.299" level="INFO">Clicking link '//a[contains(.,'Recebe em casa em 2 horas')]'.</msg>
<status status="PASS" starttime="20230328 07:59:46.297" endtime="20230328 07:59:48.382"/>
</kw>
<status status="PASS" starttime="20230328 07:59:46.296" endtime="20230328 07:59:48.382"/>
</kw>
<kw name="Então deve aparecer a lista de entregas rápidas" library="Worten.resource">
<kw name="Wait Until Element Is Visible" library="SeleniumLibrary">
<arg>${Lista_Entregas}</arg>
<doc>Waits until the element ``locator`` is visible.</doc>
<msg timestamp="20230328 07:59:54.679" level="INFO" html="true">&lt;/td&gt;&lt;/tr&gt;&lt;tr&gt;&lt;td colspan="3"&gt;&lt;a href="selenium-screenshot-27.png"&gt;&lt;img src="selenium-screenshot-27.png" width="800px"&gt;&lt;/a&gt;</msg>
<msg timestamp="20230328 07:59:54.679" level="FAIL">Element '//h1[@class='page-title__title page-title__title--centered']' not visible after 5 seconds.</msg>
<status status="FAIL" starttime="20230328 07:59:48.383" endtime="20230328 07:59:54.681"/>
</kw>
<status status="FAIL" starttime="20230328 07:59:48.383" endtime="20230328 07:59:54.682"/>
</kw>
<kw name="Fechar o navegador" library="Worten.resource" type="TEARDOWN">
<kw name="Capture Page Screenshot" library="SeleniumLibrary">
<doc>Takes a screenshot of the current page and embeds it into a log file.</doc>
<msg timestamp="20230328 07:59:58.178" level="INFO" html="true">&lt;/td&gt;&lt;/tr&gt;&lt;tr&gt;&lt;td colspan="3"&gt;&lt;a href="selenium-screenshot-28.png"&gt;&lt;img src="selenium-screenshot-28.png" width="800px"&gt;&lt;/a&gt;</msg>
<status status="PASS" starttime="20230328 07:59:54.690" endtime="20230328 07:59:58.179"/>
</kw>
<kw name="Close Browser" library="SeleniumLibrary">
<doc>Closes the current browser.</doc>
<status status="PASS" starttime="20230328 07:59:58.179" endtime="20230328 08:00:00.846"/>
</kw>
<kw name="Set Selenium Speed" library="SeleniumLibrary">
<arg>${DELAY}</arg>
<doc>Sets the delay that is waited after each Selenium command.</doc>
<status status="PASS" starttime="20230328 08:00:00.846" endtime="20230328 08:00:00.846"/>
</kw>
<status status="PASS" starttime="20230328 07:59:54.689" endtime="20230328 08:00:00.847"/>
</kw>
<doc>Esse teste Verifica a opção Recebe em casa em 2 horas</doc>
<tag>Verifica_Opção</tag>
<status status="FAIL" starttime="20230328 07:59:30.911" endtime="20230328 08:00:00.856">Element '//h1[@class='page-title__title page-title__title--centered']' not visible after 5 seconds.</status>
</test>
<test id="s1-t20" name="Cenário 19 - Verifica a opção 3x sem juros** TAEG 0%" line="211">
<kw name="Abrir o navegador" library="Worten.resource" type="SETUP">
<kw name="Open Browser" library="SeleniumLibrary">
<arg>browser=chrome</arg>
<doc>Opens a new browser instance to the optional ``url``.</doc>
<msg timestamp="20230328 08:00:00.861" level="INFO">Opening browser 'chrome' to base url 'None'.</msg>
<status status="PASS" starttime="20230328 08:00:00.861" endtime="20230328 08:00:03.181"/>
</kw>
<kw name="Maximize Browser Window" library="SeleniumLibrary">
<doc>Maximizes current browser window.</doc>
<status status="PASS" starttime="20230328 08:00:03.181" endtime="20230328 08:00:03.830"/>
</kw>
<kw name="Set Selenium Speed" library="SeleniumLibrary">
<arg>${DELAY}</arg>
<doc>Sets the delay that is waited after each Selenium command.</doc>
<status status="PASS" starttime="20230328 08:00:03.830" endtime="20230328 08:00:03.831"/>
</kw>
<status status="PASS" starttime="20230328 08:00:00.860" endtime="20230328 08:00:03.831"/>
</kw>
<kw name="Dado que o usuário está na home page www.worten.pt" library="Worten.resource">
<kw name="Go To" library="SeleniumLibrary">
<arg>url=${URL}</arg>
<doc>Navigates the current browser window to the provided ``url``.</doc>
<msg timestamp="20230328 08:00:03.831" level="INFO">Opening url 'https://www.worten.pt'</msg>
<status status="PASS" starttime="20230328 08:00:03.831" endtime="20230328 08:00:10.485"/>
</kw>
<status status="PASS" starttime="20230328 08:00:03.831" endtime="20230328 08:00:10.486"/>
</kw>
<kw name="E aceitou o cookies" library="Worten.resource">
<kw name="Wait Until Element Is Visible" library="SeleniumLibrary">
<arg>locator=${Aceitar_cookies}</arg>
<doc>Waits until the element ``locator`` is visible.</doc>
<status status="PASS" starttime="20230328 08:00:10.489" endtime="20230328 08:00:11.778"/>
</kw>
<kw name="Click Button" library="SeleniumLibrary">
<arg>locator=${Aceitar_cookies}</arg>
<doc>Clicks the button identified by ``locator``.</doc>
<msg timestamp="20230328 08:00:11.779" level="INFO">Clicking button '//button[@type='button'][contains(.,'Aceitar Tudo')]'.</msg>
<status status="PASS" starttime="20230328 08:00:11.778" endtime="20230328 08:00:14.498"/>
</kw>
<status status="PASS" starttime="20230328 08:00:10.487" endtime="20230328 08:00:14.500"/>
</kw>
<kw name="Quando clica na opção &quot;3x sem juros** TAEG 0%&quot;" library="Worten.resource">
<kw name="Click Element" library="SeleniumLibrary">
<arg>${Opção_S/Juros}</arg>
<doc>Click the element identified by ``locator``.</doc>
<msg timestamp="20230328 08:00:14.503" level="INFO">Clicking element '//p[contains(.,'3x sem juros** TAEG 0%')]'.</msg>
<status status="PASS" starttime="20230328 08:00:14.502" endtime="20230328 08:00:15.690"/>
</kw>
<status status="PASS" starttime="20230328 08:00:14.502" endtime="20230328 08:00:15.690"/>
</kw>
<kw name="Então deve aparecer a frase &quot; Crédito Worten&quot;" library="Worten.resource">
<kw name="Wait Until Element Is Visible" library="SeleniumLibrary">
<arg>${Credito_Worten}</arg>
<doc>Waits until the element ``locator`` is visible.</doc>
<status status="PASS" starttime="20230328 08:00:15.691" endtime="20230328 08:00:18.519"/>
</kw>
<status status="PASS" starttime="20230328 08:00:15.691" endtime="20230328 08:00:18.519"/>
</kw>
<kw name="Fechar o navegador" library="Worten.resource" type="TEARDOWN">
<kw name="Capture Page Screenshot" library="SeleniumLibrary">
<doc>Takes a screenshot of the current page and embeds it into a log file.</doc>
<msg timestamp="20230328 08:00:19.408" level="INFO" html="true">&lt;/td&gt;&lt;/tr&gt;&lt;tr&gt;&lt;td colspan="3"&gt;&lt;a href="selenium-screenshot-29.png"&gt;&lt;img src="selenium-screenshot-29.png" width="800px"&gt;&lt;/a&gt;</msg>
<status status="PASS" starttime="20230328 08:00:18.519" endtime="20230328 08:00:19.409"/>
</kw>
<kw name="Close Browser" library="SeleniumLibrary">
<doc>Closes the current browser.</doc>
<status status="PASS" starttime="20230328 08:00:19.409" endtime="20230328 08:00:22.161"/>
</kw>
<kw name="Set Selenium Speed" library="SeleniumLibrary">
<arg>${DELAY}</arg>
<doc>Sets the delay that is waited after each Selenium command.</doc>
<status status="PASS" starttime="20230328 08:00:22.161" endtime="20230328 08:00:22.161"/>
</kw>
<status status="PASS" starttime="20230328 08:00:18.519" endtime="20230328 08:00:22.161"/>
</kw>
<doc>Esse teste verifica a opção 3x sem juros** TAEG 0%</doc>
<tag>Verifica_Opção</tag>
<status status="PASS" starttime="20230328 08:00:00.859" endtime="20230328 08:00:22.161"/>
</test>
<test id="s1-t21" name="Cenário 20 - Verifica a opção Preço mínimo garantido" line="219">
<kw name="Abrir o navegador" library="Worten.resource" type="SETUP">
<kw name="Open Browser" library="SeleniumLibrary">
<arg>browser=chrome</arg>
<doc>Opens a new browser instance to the optional ``url``.</doc>
<msg timestamp="20230328 08:00:22.164" level="INFO">Opening browser 'chrome' to base url 'None'.</msg>
<status status="PASS" starttime="20230328 08:00:22.164" endtime="20230328 08:00:23.728"/>
</kw>
<kw name="Maximize Browser Window" library="SeleniumLibrary">
<doc>Maximizes current browser window.</doc>
<status status="PASS" starttime="20230328 08:00:23.728" endtime="20230328 08:00:24.381"/>
</kw>
<kw name="Set Selenium Speed" library="SeleniumLibrary">
<arg>${DELAY}</arg>
<doc>Sets the delay that is waited after each Selenium command.</doc>
<status status="PASS" starttime="20230328 08:00:24.381" endtime="20230328 08:00:24.382"/>
</kw>
<status status="PASS" starttime="20230328 08:00:22.163" endtime="20230328 08:00:24.382"/>
</kw>
<kw name="Dado que o usuário está na home page www.worten.pt" library="Worten.resource">
<kw name="Go To" library="SeleniumLibrary">
<arg>url=${URL}</arg>
<doc>Navigates the current browser window to the provided ``url``.</doc>
<msg timestamp="20230328 08:00:24.383" level="INFO">Opening url 'https://www.worten.pt'</msg>
<status status="PASS" starttime="20230328 08:00:24.383" endtime="20230328 08:00:31.284"/>
</kw>
<status status="PASS" starttime="20230328 08:00:24.382" endtime="20230328 08:00:31.284"/>
</kw>
<kw name="E aceitou o cookies" library="Worten.resource">
<kw name="Wait Until Element Is Visible" library="SeleniumLibrary">
<arg>locator=${Aceitar_cookies}</arg>
<doc>Waits until the element ``locator`` is visible.</doc>
<status status="PASS" starttime="20230328 08:00:31.373" endtime="20230328 08:00:33.512"/>
</kw>
<kw name="Click Button" library="SeleniumLibrary">
<arg>locator=${Aceitar_cookies}</arg>
<doc>Clicks the button identified by ``locator``.</doc>
<msg timestamp="20230328 08:00:33.513" level="INFO">Clicking button '//button[@type='button'][contains(.,'Aceitar Tudo')]'.</msg>
<status status="PASS" starttime="20230328 08:00:33.512" endtime="20230328 08:00:36.344"/>
</kw>
<status status="PASS" starttime="20230328 08:00:31.371" endtime="20230328 08:00:36.347"/>
</kw>
<kw name="Quando clica na opção &quot;Preço mínimo garantido&quot;" library="Worten.resource">
<kw name="Click Element" library="SeleniumLibrary">
<arg>${Opção_PreçoMinimo}</arg>
<doc>Click the element identified by ``locator``.</doc>
<msg timestamp="20230328 08:00:36.361" level="INFO">Clicking element '//p[contains(.,'Preço mínimo garantido')]'.</msg>
<status status="PASS" starttime="20230328 08:00:36.354" endtime="20230328 08:00:37.844"/>
</kw>
<status status="PASS" starttime="20230328 08:00:36.353" endtime="20230328 08:00:37.844"/>
</kw>
<kw name="Então deve aparecer a frase &quot;Preço Mínimo Garantido&quot;" library="Worten.resource">
<kw name="Wait Until Element Is Visible" library="SeleniumLibrary">
<arg>${Preço_Minimo}</arg>
<doc>Waits until the element ``locator`` is visible.</doc>
<status status="PASS" starttime="20230328 08:00:37.844" endtime="20230328 08:00:40.788"/>
</kw>
<status status="PASS" starttime="20230328 08:00:37.844" endtime="20230328 08:00:40.788"/>
</kw>
<kw name="Fechar o navegador" library="Worten.resource" type="TEARDOWN">
<kw name="Capture Page Screenshot" library="SeleniumLibrary">
<doc>Takes a screenshot of the current page and embeds it into a log file.</doc>
<msg timestamp="20230328 08:00:41.498" level="INFO" html="true">&lt;/td&gt;&lt;/tr&gt;&lt;tr&gt;&lt;td colspan="3"&gt;&lt;a href="selenium-screenshot-30.png"&gt;&lt;img src="selenium-screenshot-30.png" width="800px"&gt;&lt;/a&gt;</msg>
<status status="PASS" starttime="20230328 08:00:40.790" endtime="20230328 08:00:41.498"/>
</kw>
<kw name="Close Browser" library="SeleniumLibrary">
<doc>Closes the current browser.</doc>
<status status="PASS" starttime="20230328 08:00:41.498" endtime="20230328 08:00:44.121"/>
</kw>
<kw name="Set Selenium Speed" library="SeleniumLibrary">
<arg>${DELAY}</arg>
<doc>Sets the delay that is waited after each Selenium command.</doc>
<status status="PASS" starttime="20230328 08:00:44.121" endtime="20230328 08:00:44.122"/>
</kw>
<status status="PASS" starttime="20230328 08:00:40.790" endtime="20230328 08:00:44.122"/>
</kw>
<doc>Esse teste verifica a opção Preço mínimo garantido</doc>
<tag>Verifica_Opção</tag>
<status status="PASS" starttime="20230328 08:00:22.162" endtime="20230328 08:00:44.122"/>
</test>
<doc>Essa suíte será testa o site do www.Worten.pt</doc>
<status status="FAIL" starttime="20230328 07:48:19.057" endtime="20230328 08:00:44.124"/>
</suite>
<statistics>
<total>
<stat pass="12" fail="9" skip="0">All Tests</stat>
</total>
<tag>
<stat pass="1" fail="0" skip="0">Aceita_cookies</stat>
<stat pass="1" fail="1" skip="0">Adiciona_cama</stat>
<stat pass="0" fail="1" skip="0">Adiciona_carrinho</stat>
<stat pass="1" fail="0" skip="0">Adiciona_Livro</stat>
<stat pass="1" fail="0" skip="0">Adiciona_Maquinadecafé</stat>
<stat pass="0" fail="1" skip="0">Adiciona_smartphone</stat>
<stat pass="0" fail="1" skip="0">Adiciona_TV</stat>
<stat pass="1" fail="0" skip="0">Login</stat>
<stat pass="0" fail="1" skip="0">Pesquisa_produtos</stat>
<stat pass="1" fail="0" skip="0">Remove_Livro</stat>
<stat pass="0" fail="1" skip="0">Remove_Maquinadecafé</stat>
<stat pass="0" fail="1" skip="0">Remove_produto</stat>
<stat pass="1" fail="0" skip="0">Remove_smartphone</stat>
<stat pass="0" fail="1" skip="0">Remove_TV</stat>
<stat pass="3" fail="1" skip="0">Verifica_Opção</stat>
<stat pass="1" fail="0" skip="0">Verifica_produtos</stat>
<stat pass="1" fail="0" skip="0">Verifica_Serviços</stat>
</tag>
<suite>
<stat pass="12" fail="9" skip="0" id="s1" name="Worten.Test.Bdd">Worten.Test.Bdd</stat>
</suite>
</statistics>
<errors>
</errors>
</robot>
