<?xml version="1.0" encoding="UTF-8"?>
<robot generator="Robot 6.0.2 (Python 3.11.2 on win32)" generated="20230330 11:39:30.173" rpa="false" schemaversion="3">
<suite id="s1" name="Worten.Test.Bdd" source="C:\Users\Luan\Documents\Projetos\Worten-prática-robot\worten.test.bdd.robot">
<test id="s1-t1" name="Cenário 00 - Aceitando cookies" line="8">
<kw name="Abrir o navegador" library="Worten.resource" type="SETUP">
<kw name="Open Browser" library="SeleniumLibrary">
<arg>browser=chrome</arg>
<doc>Opens a new browser instance to the optional ``url``.</doc>
<msg timestamp="20230330 11:39:30.461" level="INFO">Opening browser 'chrome' to base url 'None'.</msg>
<status status="PASS" starttime="20230330 11:39:30.461" endtime="20230330 11:39:31.697"/>
</kw>
<kw name="Maximize Browser Window" library="SeleniumLibrary">
<doc>Maximizes current browser window.</doc>
<status status="PASS" starttime="20230330 11:39:31.697" endtime="20230330 11:39:31.809"/>
</kw>
<kw name="Set Selenium Speed" library="SeleniumLibrary">
<arg>${DELAY}</arg>
<doc>Sets the delay that is waited after each Selenium command.</doc>
<status status="PASS" starttime="20230330 11:39:31.810" endtime="20230330 11:39:31.810"/>
</kw>
<status status="PASS" starttime="20230330 11:39:30.460" endtime="20230330 11:39:31.810"/>
</kw>
<kw name="Dado que o usuário está na home page www.worten.pt" library="Worten.resource">
<kw name="Go To" library="SeleniumLibrary">
<arg>url=${URL}</arg>
<doc>Navigates the current browser window to the provided ``url``.</doc>
<msg timestamp="20230330 11:39:31.812" level="INFO">Opening url 'https://www.worten.pt'</msg>
<status status="PASS" starttime="20230330 11:39:31.811" endtime="20230330 11:39:35.548"/>
</kw>
<status status="PASS" starttime="20230330 11:39:31.811" endtime="20230330 11:39:35.548"/>
</kw>
<kw name="E aceitou o cookies" library="Worten.resource">
<kw name="Wait Until Element Is Visible" library="SeleniumLibrary">
<arg>locator=${Aceitar_cookies}</arg>
<doc>Waits until the element ``locator`` is visible.</doc>
<status status="PASS" starttime="20230330 11:39:35.549" endtime="20230330 11:39:37.368"/>
</kw>
<kw name="Click Button" library="SeleniumLibrary">
<arg>locator=${Aceitar_cookies}</arg>
<doc>Clicks the button identified by ``locator``.</doc>
<msg timestamp="20230330 11:39:37.369" level="INFO">Clicking button '//button[@type='button'][contains(.,'Aceitar Tudo')]'.</msg>
<status status="PASS" starttime="20230330 11:39:37.368" endtime="20230330 11:39:40.007"/>
</kw>
<status status="PASS" starttime="20230330 11:39:35.548" endtime="20230330 11:39:40.007"/>
</kw>
<kw name="Então a modal deve desaperecer" library="Worten.resource">
<kw name="Wait Until Element Is Visible" library="SeleniumLibrary">
<arg>${Worten}</arg>
<doc>Waits until the element ``locator`` is visible.</doc>
<status status="PASS" starttime="20230330 11:39:40.012" endtime="20230330 11:39:41.107"/>
</kw>
<status status="PASS" starttime="20230330 11:39:40.011" endtime="20230330 11:39:41.107"/>
</kw>
<kw name="Fechar o navegador" library="Worten.resource" type="TEARDOWN">
<kw name="Capture Page Screenshot" library="SeleniumLibrary">
<doc>Takes a screenshot of the current page and embeds it into a log file.</doc>
<msg timestamp="20230330 11:39:41.789" level="INFO" html="true">&lt;/td&gt;&lt;/tr&gt;&lt;tr&gt;&lt;td colspan="3"&gt;&lt;a href="selenium-screenshot-91.png"&gt;&lt;img src="selenium-screenshot-91.png" width="800px"&gt;&lt;/a&gt;</msg>
<status status="PASS" starttime="20230330 11:39:41.108" endtime="20230330 11:39:41.789"/>
</kw>
<kw name="Close Browser" library="SeleniumLibrary">
<doc>Closes the current browser.</doc>
<status status="PASS" starttime="20230330 11:39:41.789" endtime="20230330 11:39:44.546"/>
</kw>
<kw name="Set Selenium Speed" library="SeleniumLibrary">
<arg>${DELAY}</arg>
<doc>Sets the delay that is waited after each Selenium command.</doc>
<status status="PASS" starttime="20230330 11:39:44.546" endtime="20230330 11:39:44.547"/>
</kw>
<status status="PASS" starttime="20230330 11:39:41.107" endtime="20230330 11:39:44.547"/>
</kw>
<doc>Esse teste aceita todos os cookies</doc>
<tag>Aceita_cookies</tag>
<status status="PASS" starttime="20230330 11:39:30.459" endtime="20230330 11:39:44.547"/>
</test>
<test id="s1-t2" name="Cenário 01 - Fazendo login" line="15">
<kw name="Abrir o navegador" library="Worten.resource" type="SETUP">
<kw name="Open Browser" library="SeleniumLibrary">
<arg>browser=chrome</arg>
<doc>Opens a new browser instance to the optional ``url``.</doc>
<msg timestamp="20230330 11:39:44.550" level="INFO">Opening browser 'chrome' to base url 'None'.</msg>
<status status="PASS" starttime="20230330 11:39:44.550" endtime="20230330 11:39:45.722"/>
</kw>
<kw name="Maximize Browser Window" library="SeleniumLibrary">
<doc>Maximizes current browser window.</doc>
<status status="PASS" starttime="20230330 11:39:45.722" endtime="20230330 11:39:46.347"/>
</kw>
<kw name="Set Selenium Speed" library="SeleniumLibrary">
<arg>${DELAY}</arg>
<doc>Sets the delay that is waited after each Selenium command.</doc>
<status status="PASS" starttime="20230330 11:39:46.347" endtime="20230330 11:39:46.347"/>
</kw>
<status status="PASS" starttime="20230330 11:39:44.549" endtime="20230330 11:39:46.348"/>
</kw>
<kw name="Dado que o usuário está na home page www.worten.pt" library="Worten.resource">
<kw name="Go To" library="SeleniumLibrary">
<arg>url=${URL}</arg>
<doc>Navigates the current browser window to the provided ``url``.</doc>
<msg timestamp="20230330 11:39:46.349" level="INFO">Opening url 'https://www.worten.pt'</msg>
<status status="PASS" starttime="20230330 11:39:46.349" endtime="20230330 11:39:50.694"/>
</kw>
<status status="PASS" starttime="20230330 11:39:46.348" endtime="20230330 11:39:50.694"/>
</kw>
<kw name="E aceitou o cookies" library="Worten.resource">
<kw name="Wait Until Element Is Visible" library="SeleniumLibrary">
<arg>locator=${Aceitar_cookies}</arg>
<doc>Waits until the element ``locator`` is visible.</doc>
<status status="PASS" starttime="20230330 11:39:50.695" endtime="20230330 11:39:52.453"/>
</kw>
<kw name="Click Button" library="SeleniumLibrary">
<arg>locator=${Aceitar_cookies}</arg>
<doc>Clicks the button identified by ``locator``.</doc>
<msg timestamp="20230330 11:39:52.454" level="INFO">Clicking button '//button[@type='button'][contains(.,'Aceitar Tudo')]'.</msg>
<status status="PASS" starttime="20230330 11:39:52.453" endtime="20230330 11:39:55.082"/>
</kw>
<status status="PASS" starttime="20230330 11:39:50.694" endtime="20230330 11:39:55.082"/>
</kw>
<kw name="Quando o usuário clicar em Olá! Iniciar Sessão" library="Worten.resource">
<kw name="Click Button" library="SeleniumLibrary">
<arg>${Olá!_IniciarSessão}</arg>
<doc>Clicks the button identified by ``locator``.</doc>
<msg timestamp="20230330 11:39:55.084" level="INFO">Clicking button '(//button[contains(@type,'button')])[4]'.</msg>
<status status="PASS" starttime="20230330 11:39:55.083" endtime="20230330 11:39:57.698"/>
</kw>
<status status="PASS" starttime="20230330 11:39:55.083" endtime="20230330 11:39:57.698"/>
</kw>
<kw name="E clicar em Iniciar Sessão" library="Worten.resource">
<kw name="Click Link" library="SeleniumLibrary">
<arg>${Iniciar_Sessão}</arg>
<doc>Clicks a link identified by ``locator``.</doc>
<msg timestamp="20230330 11:39:57.700" level="INFO">Clicking link '//a[contains(.,'Iniciar Sessão')]'.</msg>
<status status="PASS" starttime="20230330 11:39:57.699" endtime="20230330 11:39:59.391"/>
</kw>
<status status="PASS" starttime="20230330 11:39:57.699" endtime="20230330 11:39:59.391"/>
</kw>
<kw name="Então deve ser redirecionado para a página de login" library="Worten.resource">
<kw name="Wait Until Element Is Visible" library="SeleniumLibrary">
<arg>${Área_Cliente}</arg>
<doc>Waits until the element ``locator`` is visible.</doc>
<status status="PASS" starttime="20230330 11:39:59.392" endtime="20230330 11:40:02.627"/>
</kw>
<status status="PASS" starttime="20230330 11:39:59.392" endtime="20230330 11:40:02.627"/>
</kw>
<kw name="Fechar o navegador" library="Worten.resource" type="TEARDOWN">
<kw name="Capture Page Screenshot" library="SeleniumLibrary">
<doc>Takes a screenshot of the current page and embeds it into a log file.</doc>
<msg timestamp="20230330 11:40:03.268" level="INFO" html="true">&lt;/td&gt;&lt;/tr&gt;&lt;tr&gt;&lt;td colspan="3"&gt;&lt;a href="selenium-screenshot-92.png"&gt;&lt;img src="selenium-screenshot-92.png" width="800px"&gt;&lt;/a&gt;</msg>
<status status="PASS" starttime="20230330 11:40:02.628" endtime="20230330 11:40:03.268"/>
</kw>
<kw name="Close Browser" library="SeleniumLibrary">
<doc>Closes the current browser.</doc>
<status status="PASS" starttime="20230330 11:40:03.268" endtime="20230330 11:40:05.876"/>
</kw>
<kw name="Set Selenium Speed" library="SeleniumLibrary">
<arg>${DELAY}</arg>
<doc>Sets the delay that is waited after each Selenium command.</doc>
<status status="PASS" starttime="20230330 11:40:05.876" endtime="20230330 11:40:05.876"/>
</kw>
<status status="PASS" starttime="20230330 11:40:02.628" endtime="20230330 11:40:05.876"/>
</kw>
<doc>Esse teste verifica o login do usuário</doc>
<tag>Login</tag>
<status status="PASS" starttime="20230330 11:39:44.549" endtime="20230330 11:40:05.877"/>
</test>
<test id="s1-t3" name="Cenário 02 - Verificação do menu &quot;Produtos&quot;" line="24">
<kw name="Abrir o navegador" library="Worten.resource" type="SETUP">
<kw name="Open Browser" library="SeleniumLibrary">
<arg>browser=chrome</arg>
<doc>Opens a new browser instance to the optional ``url``.</doc>
<msg timestamp="20230330 11:40:05.879" level="INFO">Opening browser 'chrome' to base url 'None'.</msg>
<status status="PASS" starttime="20230330 11:40:05.879" endtime="20230330 11:40:07.212"/>
</kw>
<kw name="Maximize Browser Window" library="SeleniumLibrary">
<doc>Maximizes current browser window.</doc>
<status status="PASS" starttime="20230330 11:40:07.212" endtime="20230330 11:40:07.840"/>
</kw>
<kw name="Set Selenium Speed" library="SeleniumLibrary">
<arg>${DELAY}</arg>
<doc>Sets the delay that is waited after each Selenium command.</doc>
<status status="PASS" starttime="20230330 11:40:07.840" endtime="20230330 11:40:07.840"/>
</kw>
<status status="PASS" starttime="20230330 11:40:05.878" endtime="20230330 11:40:07.841"/>
</kw>
<kw name="Dado que o usuário está na home page www.worten.pt" library="Worten.resource">
<kw name="Go To" library="SeleniumLibrary">
<arg>url=${URL}</arg>
<doc>Navigates the current browser window to the provided ``url``.</doc>
<msg timestamp="20230330 11:40:07.843" level="INFO">Opening url 'https://www.worten.pt'</msg>
<status status="PASS" starttime="20230330 11:40:07.842" endtime="20230330 11:40:14.360"/>
</kw>
<status status="PASS" starttime="20230330 11:40:07.842" endtime="20230330 11:40:14.360"/>
</kw>
<kw name="E aceitou o cookies" library="Worten.resource">
<kw name="Wait Until Element Is Visible" library="SeleniumLibrary">
<arg>locator=${Aceitar_cookies}</arg>
<doc>Waits until the element ``locator`` is visible.</doc>
<status status="PASS" starttime="20230330 11:40:14.361" endtime="20230330 11:40:16.166"/>
</kw>
<kw name="Click Button" library="SeleniumLibrary">
<arg>locator=${Aceitar_cookies}</arg>
<doc>Clicks the button identified by ``locator``.</doc>
<msg timestamp="20230330 11:40:16.166" level="INFO">Clicking button '//button[@type='button'][contains(.,'Aceitar Tudo')]'.</msg>
<status status="PASS" starttime="20230330 11:40:16.166" endtime="20230330 11:40:18.789"/>
</kw>
<status status="PASS" starttime="20230330 11:40:14.360" endtime="20230330 11:40:18.789"/>
</kw>
<kw name="Quando o usuário clicar em &quot;Produtos&quot;" library="Worten.resource">
<kw name="Click Button" library="SeleniumLibrary">
<arg>${Produtos}</arg>
<doc>Clicks the button identified by ``locator``.</doc>
<msg timestamp="20230330 11:40:18.790" level="INFO">Clicking button '//button[contains(@aria-label,'Produtos')]'.</msg>
<status status="PASS" starttime="20230330 11:40:18.790" endtime="20230330 11:40:21.413"/>
</kw>
<status status="PASS" starttime="20230330 11:40:18.789" endtime="20230330 11:40:21.413"/>
</kw>
<kw name="Então deve retornar um menu de produtos com várias opções" library="Worten.resource">
<kw name="Wait Until Element Is Visible" library="SeleniumLibrary">
<arg>${Verifica_Marcas}</arg>
<doc>Waits until the element ``locator`` is visible.</doc>
<status status="PASS" starttime="20230330 11:40:21.414" endtime="20230330 11:40:22.565"/>
</kw>
<status status="PASS" starttime="20230330 11:40:21.414" endtime="20230330 11:40:22.565"/>
</kw>
<kw name="Fechar o navegador" library="Worten.resource" type="TEARDOWN">
<kw name="Capture Page Screenshot" library="SeleniumLibrary">
<doc>Takes a screenshot of the current page and embeds it into a log file.</doc>
<msg timestamp="20230330 11:40:23.256" level="INFO" html="true">&lt;/td&gt;&lt;/tr&gt;&lt;tr&gt;&lt;td colspan="3"&gt;&lt;a href="selenium-screenshot-93.png"&gt;&lt;img src="selenium-screenshot-93.png" width="800px"&gt;&lt;/a&gt;</msg>
<status status="PASS" starttime="20230330 11:40:22.566" endtime="20230330 11:40:23.256"/>
</kw>
<kw name="Close Browser" library="SeleniumLibrary">
<doc>Closes the current browser.</doc>
<status status="PASS" starttime="20230330 11:40:23.256" endtime="20230330 11:40:25.877"/>
</kw>
<kw name="Set Selenium Speed" library="SeleniumLibrary">
<arg>${DELAY}</arg>
<doc>Sets the delay that is waited after each Selenium command.</doc>
<status status="PASS" starttime="20230330 11:40:25.877" endtime="20230330 11:40:25.878"/>
</kw>
<status status="PASS" starttime="20230330 11:40:22.566" endtime="20230330 11:40:25.878"/>
</kw>
<doc>Esse teste verifica o menu Produtos</doc>
<tag>Verifica_produtos</tag>
<status status="PASS" starttime="20230330 11:40:05.878" endtime="20230330 11:40:25.879"/>
</test>
<test id="s1-t4" name="Cenário 03 - Verificação Produto Tablet" line="32">
<kw name="Abrir o navegador" library="Worten.resource" type="SETUP">
<kw name="Open Browser" library="SeleniumLibrary">
<arg>browser=chrome</arg>
<doc>Opens a new browser instance to the optional ``url``.</doc>
<msg timestamp="20230330 11:40:25.881" level="INFO">Opening browser 'chrome' to base url 'None'.</msg>
<status status="PASS" starttime="20230330 11:40:25.881" endtime="20230330 11:40:27.046"/>
</kw>
<kw name="Maximize Browser Window" library="SeleniumLibrary">
<doc>Maximizes current browser window.</doc>
<status status="PASS" starttime="20230330 11:40:27.046" endtime="20230330 11:40:27.674"/>
</kw>
<kw name="Set Selenium Speed" library="SeleniumLibrary">
<arg>${DELAY}</arg>
<doc>Sets the delay that is waited after each Selenium command.</doc>
<status status="PASS" starttime="20230330 11:40:27.674" endtime="20230330 11:40:27.674"/>
</kw>
<status status="PASS" starttime="20230330 11:40:25.880" endtime="20230330 11:40:27.674"/>
</kw>
<kw name="Dado que o usuário está na home page www.worten.pt" library="Worten.resource">
<kw name="Go To" library="SeleniumLibrary">
<arg>url=${URL}</arg>
<doc>Navigates the current browser window to the provided ``url``.</doc>
<msg timestamp="20230330 11:40:27.676" level="INFO">Opening url 'https://www.worten.pt'</msg>
<status status="PASS" starttime="20230330 11:40:27.675" endtime="20230330 11:40:32.266"/>
</kw>
<status status="PASS" starttime="20230330 11:40:27.675" endtime="20230330 11:40:32.266"/>
</kw>
<kw name="E aceitou o cookies" library="Worten.resource">
<kw name="Wait Until Element Is Visible" library="SeleniumLibrary">
<arg>locator=${Aceitar_cookies}</arg>
<doc>Waits until the element ``locator`` is visible.</doc>
<status status="PASS" starttime="20230330 11:40:32.270" endtime="20230330 11:40:34.081"/>
</kw>
<kw name="Click Button" library="SeleniumLibrary">
<arg>locator=${Aceitar_cookies}</arg>
<doc>Clicks the button identified by ``locator``.</doc>
<msg timestamp="20230330 11:40:34.082" level="INFO">Clicking button '//button[@type='button'][contains(.,'Aceitar Tudo')]'.</msg>
<status status="PASS" starttime="20230330 11:40:34.081" endtime="20230330 11:40:36.712"/>
</kw>
<status status="PASS" starttime="20230330 11:40:32.269" endtime="20230330 11:40:36.713"/>
</kw>
<kw name="Quando o usuário clicar em &quot;Produtos&quot;" library="Worten.resource">
<kw name="Click Button" library="SeleniumLibrary">
<arg>${Produtos}</arg>
<doc>Clicks the button identified by ``locator``.</doc>
<msg timestamp="20230330 11:40:36.715" level="INFO">Clicking button '//button[contains(@aria-label,'Produtos')]'.</msg>
<status status="PASS" starttime="20230330 11:40:36.715" endtime="20230330 11:40:39.527"/>
</kw>
<status status="PASS" starttime="20230330 11:40:36.715" endtime="20230330 11:40:39.527"/>
</kw>
<kw name="E clicar em &quot;Informática&quot;" library="Worten.resource">
<kw name="Click Button" library="SeleniumLibrary">
<arg>${Informática}</arg>
<doc>Clicks the button identified by ``locator``.</doc>
<msg timestamp="20230330 11:40:39.528" level="INFO">Clicking button '(//button[@class='nav-tab__categories__button'][contains(.,'Informática')])[1]'.</msg>
<status status="PASS" starttime="20230330 11:40:39.528" endtime="20230330 11:40:42.140"/>
</kw>
<status status="PASS" starttime="20230330 11:40:39.527" endtime="20230330 11:40:42.140"/>
</kw>
<kw name="E clicar em &quot;Tablets&quot;" library="Worten.resource">
<kw name="Click Link" library="SeleniumLibrary">
<arg>${Tablets}</arg>
<doc>Clicks a link identified by ``locator``.</doc>
<msg timestamp="20230330 11:40:42.141" level="INFO">Clicking link '//a[@href='/informatica-e-acessorios/tablets']'.</msg>
<status status="PASS" starttime="20230330 11:40:42.141" endtime="20230330 11:40:43.758"/>
</kw>
<status status="PASS" starttime="20230330 11:40:42.141" endtime="20230330 11:40:43.758"/>
</kw>
<kw name="Então verifica se aparece a opção LENOVO M10 Plus + Capa + Pen(10.6'' - 128 GB - 4 GB RAM - Wi-Fi - Cinzento)" library="Worten.resource">
<kw name="Wait Until Element Is Visible" library="SeleniumLibrary">
<arg>${Produto_Tablets}</arg>
<doc>Waits until the element ``locator`` is visible.</doc>
<msg timestamp="20230330 11:40:45.286" level="INFO">Suppressing StaleElementReferenceException from Selenium.</msg>
<status status="PASS" starttime="20230330 11:40:43.759" endtime="20230330 11:40:47.693"/>
</kw>
<status status="PASS" starttime="20230330 11:40:43.759" endtime="20230330 11:40:47.693"/>
</kw>
<kw name="Fechar o navegador" library="Worten.resource" type="TEARDOWN">
<kw name="Capture Page Screenshot" library="SeleniumLibrary">
<doc>Takes a screenshot of the current page and embeds it into a log file.</doc>
<msg timestamp="20230330 11:40:48.399" level="INFO" html="true">&lt;/td&gt;&lt;/tr&gt;&lt;tr&gt;&lt;td colspan="3"&gt;&lt;a href="selenium-screenshot-94.png"&gt;&lt;img src="selenium-screenshot-94.png" width="800px"&gt;&lt;/a&gt;</msg>
<status status="PASS" starttime="20230330 11:40:47.694" endtime="20230330 11:40:48.400"/>
</kw>
<kw name="Close Browser" library="SeleniumLibrary">
<doc>Closes the current browser.</doc>
<status status="PASS" starttime="20230330 11:40:48.400" endtime="20230330 11:40:51.095"/>
</kw>
<kw name="Set Selenium Speed" library="SeleniumLibrary">
<arg>${DELAY}</arg>
<doc>Sets the delay that is waited after each Selenium command.</doc>
<status status="PASS" starttime="20230330 11:40:51.095" endtime="20230330 11:40:51.095"/>
</kw>
<status status="PASS" starttime="20230330 11:40:47.693" endtime="20230330 11:40:51.095"/>
</kw>
<doc>Esse teste verifica o elementos produtos</doc>
<tag>Pesquisa_produtos</tag>
<status status="PASS" starttime="20230330 11:40:25.880" endtime="20230330 11:40:51.096"/>
</test>
<test id="s1-t5" name="Cenário 04 - Adicionando produto ao carrinho" line="42">
<kw name="Abrir o navegador" library="Worten.resource" type="SETUP">
<kw name="Open Browser" library="SeleniumLibrary">
<arg>browser=chrome</arg>
<doc>Opens a new browser instance to the optional ``url``.</doc>
<msg timestamp="20230330 11:40:51.098" level="INFO">Opening browser 'chrome' to base url 'None'.</msg>
<status status="PASS" starttime="20230330 11:40:51.098" endtime="20230330 11:40:52.340"/>
</kw>
<kw name="Maximize Browser Window" library="SeleniumLibrary">
<doc>Maximizes current browser window.</doc>
<status status="PASS" starttime="20230330 11:40:52.340" endtime="20230330 11:40:52.965"/>
</kw>
<kw name="Set Selenium Speed" library="SeleniumLibrary">
<arg>${DELAY}</arg>
<doc>Sets the delay that is waited after each Selenium command.</doc>
<status status="PASS" starttime="20230330 11:40:52.965" endtime="20230330 11:40:52.965"/>
</kw>
<status status="PASS" starttime="20230330 11:40:51.098" endtime="20230330 11:40:52.965"/>
</kw>
<kw name="Dado que o usuário está na home page www.worten.pt" library="Worten.resource">
<kw name="Go To" library="SeleniumLibrary">
<arg>url=${URL}</arg>
<doc>Navigates the current browser window to the provided ``url``.</doc>
<msg timestamp="20230330 11:40:52.966" level="INFO">Opening url 'https://www.worten.pt'</msg>
<status status="PASS" starttime="20230330 11:40:52.966" endtime="20230330 11:40:56.140"/>
</kw>
<status status="PASS" starttime="20230330 11:40:52.966" endtime="20230330 11:40:56.140"/>
</kw>
<kw name="E aceitou o cookies" library="Worten.resource">
<kw name="Wait Until Element Is Visible" library="SeleniumLibrary">
<arg>locator=${Aceitar_cookies}</arg>
<doc>Waits until the element ``locator`` is visible.</doc>
<status status="PASS" starttime="20230330 11:40:56.141" endtime="20230330 11:40:57.945"/>
</kw>
<kw name="Click Button" library="SeleniumLibrary">
<arg>locator=${Aceitar_cookies}</arg>
<doc>Clicks the button identified by ``locator``.</doc>
<msg timestamp="20230330 11:40:57.946" level="INFO">Clicking button '//button[@type='button'][contains(.,'Aceitar Tudo')]'.</msg>
<status status="PASS" starttime="20230330 11:40:57.945" endtime="20230330 11:41:00.576"/>
</kw>
<status status="PASS" starttime="20230330 11:40:56.140" endtime="20230330 11:41:00.576"/>
</kw>
<kw name="Quando o usuário clicar em &quot;Produtos&quot;" library="Worten.resource">
<kw name="Click Button" library="SeleniumLibrary">
<arg>${Produtos}</arg>
<doc>Clicks the button identified by ``locator``.</doc>
<msg timestamp="20230330 11:41:00.578" level="INFO">Clicking button '//button[contains(@aria-label,'Produtos')]'.</msg>
<status status="PASS" starttime="20230330 11:41:00.577" endtime="20230330 11:41:03.445"/>
</kw>
<status status="PASS" starttime="20230330 11:41:00.576" endtime="20230330 11:41:03.445"/>
</kw>
<kw name="E clicar em &quot;Informática&quot;" library="Worten.resource">
<kw name="Click Button" library="SeleniumLibrary">
<arg>${Informática}</arg>
<doc>Clicks the button identified by ``locator``.</doc>
<msg timestamp="20230330 11:41:03.446" level="INFO">Clicking button '(//button[@class='nav-tab__categories__button'][contains(.,'Informática')])[1]'.</msg>
<status status="PASS" starttime="20230330 11:41:03.446" endtime="20230330 11:41:06.063"/>
</kw>
<status status="PASS" starttime="20230330 11:41:03.445" endtime="20230330 11:41:06.063"/>
</kw>
<kw name="E clicar em &quot;Tablets&quot;" library="Worten.resource">
<kw name="Click Link" library="SeleniumLibrary">
<arg>${Tablets}</arg>
<doc>Clicks a link identified by ``locator``.</doc>
<msg timestamp="20230330 11:41:06.064" level="INFO">Clicking link '//a[@href='/informatica-e-acessorios/tablets']'.</msg>
<status status="PASS" starttime="20230330 11:41:06.064" endtime="20230330 11:41:07.673"/>
</kw>
<status status="PASS" starttime="20230330 11:41:06.063" endtime="20230330 11:41:07.673"/>
</kw>
<kw name="Então clica no produto Tablet LENOVO M10 Plus + Capa + Pen(10.6'' - 128 GB - 4 GB RAM - Wi-Fi - Cinzento)" library="Worten.resource">
<kw name="Wait Until Element Is Visible" library="SeleniumLibrary">
<arg>${Título_Tablets}</arg>
<doc>Waits until the element ``locator`` is visible.</doc>
<status status="PASS" starttime="20230330 11:41:07.674" endtime="20230330 11:41:10.938"/>
</kw>
<kw name="Click Element" library="SeleniumLibrary">
<arg>${Produto_Tablets}</arg>
<doc>Click the element identified by ``locator``.</doc>
<msg timestamp="20230330 11:41:10.939" level="INFO">Clicking element '(//div[contains(@class,'product-card__flag flag--modal-disabled')])[1]'.</msg>
<status status="PASS" starttime="20230330 11:41:10.938" endtime="20230330 11:41:12.036"/>
</kw>
<status status="PASS" starttime="20230330 11:41:07.674" endtime="20230330 11:41:12.036"/>
</kw>
<kw name="E adiciona ao carrinho" library="Worten.resource">
<kw name="Wait Until Element Is Visible" library="SeleniumLibrary">
<arg>${Adiciona_Carrinho}</arg>
<doc>Waits until the element ``locator`` is visible.</doc>
<status status="PASS" starttime="20230330 11:41:12.037" endtime="20230330 11:41:16.639"/>
</kw>
<kw name="Click Button" library="SeleniumLibrary">
<arg>${Adiciona_Carrinho}</arg>
<doc>Clicks the button identified by ``locator``.</doc>
<msg timestamp="20230330 11:41:16.639" level="INFO">Clicking button '//button[@type='button'][contains(.,'Adicionar ao carrinho')]'.</msg>
<status status="PASS" starttime="20230330 11:41:16.639" endtime="20230330 11:41:19.273"/>
</kw>
<status status="PASS" starttime="20230330 11:41:12.036" endtime="20230330 11:41:19.273"/>
</kw>
<kw name="E verifica se foi adicionado ao carrinho" library="Worten.resource">
<kw name="Wait Until Element Is Visible" library="SeleniumLibrary">
<arg>${Ir_Carrinho}</arg>
<doc>Waits until the element ``locator`` is visible.</doc>
<status status="PASS" starttime="20230330 11:41:19.274" endtime="20230330 11:41:21.751"/>
</kw>
<kw name="Click Button" library="SeleniumLibrary">
<arg>${Ir_Carrinho}</arg>
<doc>Clicks the button identified by ``locator``.</doc>
<msg timestamp="20230330 11:41:21.751" level="INFO">Clicking button '//button[@type='button'][contains(.,'ir para carrinho')]'.</msg>
<status status="PASS" starttime="20230330 11:41:21.751" endtime="20230330 11:41:24.363"/>
</kw>
<status status="PASS" starttime="20230330 11:41:19.274" endtime="20230330 11:41:24.363"/>
</kw>
<kw name="Fechar o navegador" library="Worten.resource" type="TEARDOWN">
<kw name="Capture Page Screenshot" library="SeleniumLibrary">
<doc>Takes a screenshot of the current page and embeds it into a log file.</doc>
<msg timestamp="20230330 11:41:25.331" level="INFO" html="true">&lt;/td&gt;&lt;/tr&gt;&lt;tr&gt;&lt;td colspan="3"&gt;&lt;a href="selenium-screenshot-95.png"&gt;&lt;img src="selenium-screenshot-95.png" width="800px"&gt;&lt;/a&gt;</msg>
<status status="PASS" starttime="20230330 11:41:24.364" endtime="20230330 11:41:25.331"/>
</kw>
<kw name="Close Browser" library="SeleniumLibrary">
<doc>Closes the current browser.</doc>
<status status="PASS" starttime="20230330 11:41:25.331" endtime="20230330 11:41:27.939"/>
</kw>
<kw name="Set Selenium Speed" library="SeleniumLibrary">
<arg>${DELAY}</arg>
<doc>Sets the delay that is waited after each Selenium command.</doc>
<status status="PASS" starttime="20230330 11:41:27.939" endtime="20230330 11:41:27.941"/>
</kw>
<status status="PASS" starttime="20230330 11:41:24.364" endtime="20230330 11:41:27.941"/>
</kw>
<doc>Esse teste adiciona produto ao carrinho</doc>
<tag>Adiciona_carrinho</tag>
<status status="PASS" starttime="20230330 11:40:51.097" endtime="20230330 11:41:27.941"/>
</test>
<test id="s1-t6" name="Cenário 05 - Remover produto do carrinho" line="54">
<kw name="Abrir o navegador" library="Worten.resource" type="SETUP">
<kw name="Open Browser" library="SeleniumLibrary">
<arg>browser=chrome</arg>
<doc>Opens a new browser instance to the optional ``url``.</doc>
<msg timestamp="20230330 11:41:27.944" level="INFO">Opening browser 'chrome' to base url 'None'.</msg>
<status status="PASS" starttime="20230330 11:41:27.943" endtime="20230330 11:41:29.203"/>
</kw>
<kw name="Maximize Browser Window" library="SeleniumLibrary">
<doc>Maximizes current browser window.</doc>
<status status="PASS" starttime="20230330 11:41:29.204" endtime="20230330 11:41:29.828"/>
</kw>
<kw name="Set Selenium Speed" library="SeleniumLibrary">
<arg>${DELAY}</arg>
<doc>Sets the delay that is waited after each Selenium command.</doc>
<status status="PASS" starttime="20230330 11:41:29.828" endtime="20230330 11:41:29.828"/>
</kw>
<status status="PASS" starttime="20230330 11:41:27.943" endtime="20230330 11:41:29.829"/>
</kw>
<kw name="Dado que o usuário está na home page www.worten.pt" library="Worten.resource">
<kw name="Go To" library="SeleniumLibrary">
<arg>url=${URL}</arg>
<doc>Navigates the current browser window to the provided ``url``.</doc>
<msg timestamp="20230330 11:41:29.830" level="INFO">Opening url 'https://www.worten.pt'</msg>
<status status="PASS" starttime="20230330 11:41:29.830" endtime="20230330 11:41:36.015"/>
</kw>
<status status="PASS" starttime="20230330 11:41:29.830" endtime="20230330 11:41:36.015"/>
</kw>
<kw name="E aceitou o cookies" library="Worten.resource">
<kw name="Wait Until Element Is Visible" library="SeleniumLibrary">
<arg>locator=${Aceitar_cookies}</arg>
<doc>Waits until the element ``locator`` is visible.</doc>
<status status="PASS" starttime="20230330 11:41:36.015" endtime="20230330 11:41:39.917"/>
</kw>
<kw name="Click Button" library="SeleniumLibrary">
<arg>locator=${Aceitar_cookies}</arg>
<doc>Clicks the button identified by ``locator``.</doc>
<msg timestamp="20230330 11:41:39.917" level="INFO">Clicking button '//button[@type='button'][contains(.,'Aceitar Tudo')]'.</msg>
<status status="PASS" starttime="20230330 11:41:39.917" endtime="20230330 11:41:42.567"/>
</kw>
<status status="PASS" starttime="20230330 11:41:36.015" endtime="20230330 11:41:42.567"/>
</kw>
<kw name="Quando o usuário clicar em &quot;Produtos&quot;" library="Worten.resource">
<kw name="Click Button" library="SeleniumLibrary">
<arg>${Produtos}</arg>
<doc>Clicks the button identified by ``locator``.</doc>
<msg timestamp="20230330 11:41:42.568" level="INFO">Clicking button '//button[contains(@aria-label,'Produtos')]'.</msg>
<status status="PASS" starttime="20230330 11:41:42.568" endtime="20230330 11:41:45.435"/>
</kw>
<status status="PASS" starttime="20230330 11:41:42.567" endtime="20230330 11:41:45.435"/>
</kw>
<kw name="E clicou em &quot;Informática&quot;" library="Worten.resource">
<kw name="Click Button" library="SeleniumLibrary">
<arg>${Informática}</arg>
<doc>Clicks the button identified by ``locator``.</doc>
<msg timestamp="20230330 11:41:45.436" level="INFO">Clicking button '(//button[@class='nav-tab__categories__button'][contains(.,'Informática')])[1]'.</msg>
<status status="PASS" starttime="20230330 11:41:45.436" endtime="20230330 11:41:48.064"/>
</kw>
<status status="PASS" starttime="20230330 11:41:45.435" endtime="20230330 11:41:48.064"/>
</kw>
<kw name="E clicou em &quot;Tablets&quot;" library="Worten.resource">
<kw name="Click Link" library="SeleniumLibrary">
<arg>${Tablets}</arg>
<doc>Clicks a link identified by ``locator``.</doc>
<msg timestamp="20230330 11:41:48.066" level="INFO">Clicking link '//a[@href='/informatica-e-acessorios/tablets']'.</msg>
<status status="PASS" starttime="20230330 11:41:48.065" endtime="20230330 11:41:49.682"/>
</kw>
<status status="PASS" starttime="20230330 11:41:48.065" endtime="20230330 11:41:49.683"/>
</kw>
<kw name="E clicou no produto Tablet LENOVO M10 Plus + Capa + Pen(10.6'' - 128 GB - 4 GB RAM - Wi-Fi - Cinzento)" library="Worten.resource">
<kw name="Wait Until Element Is Visible" library="SeleniumLibrary">
<arg>${Título_Tablets}</arg>
<doc>Waits until the element ``locator`` is visible.</doc>
<status status="PASS" starttime="20230330 11:41:49.696" endtime="20230330 11:41:54.467"/>
</kw>
<kw name="Click Element" library="SeleniumLibrary">
<arg>${Produto_Tablets}</arg>
<doc>Click the element identified by ``locator``.</doc>
<msg timestamp="20230330 11:41:54.467" level="INFO">Clicking element '(//div[contains(@class,'product-card__flag flag--modal-disabled')])[1]'.</msg>
<status status="PASS" starttime="20230330 11:41:54.467" endtime="20230330 11:41:56.198"/>
</kw>
<status status="PASS" starttime="20230330 11:41:49.695" endtime="20230330 11:41:56.198"/>
</kw>
<kw name="Então adiciona ao carrinho" library="Worten.resource">
<kw name="Wait Until Element Is Visible" library="SeleniumLibrary">
<arg>${Adiciona_Carrinho}</arg>
<doc>Waits until the element ``locator`` is visible.</doc>
<status status="PASS" starttime="20230330 11:41:56.199" endtime="20230330 11:41:59.918"/>
</kw>
<kw name="Click Button" library="SeleniumLibrary">
<arg>${Adiciona_Carrinho}</arg>
<doc>Clicks the button identified by ``locator``.</doc>
<msg timestamp="20230330 11:41:59.919" level="INFO">Clicking button '//button[@type='button'][contains(.,'Adicionar ao carrinho')]'.</msg>
<status status="PASS" starttime="20230330 11:41:59.918" endtime="20230330 11:42:02.734"/>
</kw>
<status status="PASS" starttime="20230330 11:41:56.199" endtime="20230330 11:42:02.734"/>
</kw>
<kw name="E verifica se foi adicionado ao carrinho" library="Worten.resource">
<kw name="Wait Until Element Is Visible" library="SeleniumLibrary">
<arg>${Ir_Carrinho}</arg>
<doc>Waits until the element ``locator`` is visible.</doc>
<status status="PASS" starttime="20230330 11:42:02.735" endtime="20230330 11:42:05.254"/>
</kw>
<kw name="Click Button" library="SeleniumLibrary">
<arg>${Ir_Carrinho}</arg>
<doc>Clicks the button identified by ``locator``.</doc>
<msg timestamp="20230330 11:42:05.254" level="INFO">Clicking button '//button[@type='button'][contains(.,'ir para carrinho')]'.</msg>
<status status="PASS" starttime="20230330 11:42:05.254" endtime="20230330 11:42:07.868"/>
</kw>
<status status="PASS" starttime="20230330 11:42:02.735" endtime="20230330 11:42:07.868"/>
</kw>
<kw name="E remova o produto &quot;Tablet LENOVO M10 Plus + Capa + Pen(10.6'' - 128 GB - 4 GB RAM - Wi-Fi - Cinzento)&quot;&quot; do carrinho" library="Worten.resource">
<kw name="Wait Until Element Is Visible" library="SeleniumLibrary">
<arg>${Remover_Carrinho}</arg>
<doc>Waits until the element ``locator`` is visible.</doc>
<msg timestamp="20230330 11:42:09.490" level="INFO">Suppressing StaleElementReferenceException from Selenium.</msg>
<status status="PASS" starttime="20230330 11:42:07.871" endtime="20230330 11:42:10.774"/>
</kw>
<kw name="Click Button" library="SeleniumLibrary">
<arg>${Remover_Carrinho}</arg>
<doc>Clicks the button identified by ``locator``.</doc>
<msg timestamp="20230330 11:42:10.774" level="INFO">Clicking button '//button[contains(.,'Remover')]'.</msg>
<status status="PASS" starttime="20230330 11:42:10.774" endtime="20230330 11:42:13.834"/>
</kw>
<status status="PASS" starttime="20230330 11:42:07.870" endtime="20230330 11:42:13.834"/>
</kw>
<kw name="E o carrinho deve ficar vazio" library="Worten.resource">
<kw name="Wait Until Element Is Visible" library="SeleniumLibrary">
<arg>${Carrinho_Vazio}</arg>
<doc>Waits until the element ``locator`` is visible.</doc>
<status status="PASS" starttime="20230330 11:42:13.834" endtime="20230330 11:42:15.591"/>
</kw>
<status status="PASS" starttime="20230330 11:42:13.834" endtime="20230330 11:42:15.591"/>
</kw>
<kw name="Fechar o navegador" library="Worten.resource" type="TEARDOWN">
<kw name="Capture Page Screenshot" library="SeleniumLibrary">
<doc>Takes a screenshot of the current page and embeds it into a log file.</doc>
<msg timestamp="20230330 11:42:16.236" level="INFO" html="true">&lt;/td&gt;&lt;/tr&gt;&lt;tr&gt;&lt;td colspan="3"&gt;&lt;a href="selenium-screenshot-96.png"&gt;&lt;img src="selenium-screenshot-96.png" width="800px"&gt;&lt;/a&gt;</msg>
<status status="PASS" starttime="20230330 11:42:15.592" endtime="20230330 11:42:16.236"/>
</kw>
<kw name="Close Browser" library="SeleniumLibrary">
<doc>Closes the current browser.</doc>
<status status="PASS" starttime="20230330 11:42:16.236" endtime="20230330 11:42:18.843"/>
</kw>
<kw name="Set Selenium Speed" library="SeleniumLibrary">
<arg>${DELAY}</arg>
<doc>Sets the delay that is waited after each Selenium command.</doc>
<status status="PASS" starttime="20230330 11:42:18.843" endtime="20230330 11:42:18.844"/>
</kw>
<status status="PASS" starttime="20230330 11:42:15.591" endtime="20230330 11:42:18.844"/>
</kw>
<doc>Esse teste remove o produto do carrinho</doc>
<tag>Remove_produto</tag>
<status status="PASS" starttime="20230330 11:41:27.942" endtime="20230330 11:42:18.844"/>
</test>
<test id="s1-t7" name="Cenário 06 - Adicionando uma &quot;TV&quot; ao carrinho" line="68">
<kw name="Abrir o navegador" library="Worten.resource" type="SETUP">
<kw name="Open Browser" library="SeleniumLibrary">
<arg>browser=chrome</arg>
<doc>Opens a new browser instance to the optional ``url``.</doc>
<msg timestamp="20230330 11:42:18.847" level="INFO">Opening browser 'chrome' to base url 'None'.</msg>
<status status="PASS" starttime="20230330 11:42:18.846" endtime="20230330 11:42:19.976"/>
</kw>
<kw name="Maximize Browser Window" library="SeleniumLibrary">
<doc>Maximizes current browser window.</doc>
<status status="PASS" starttime="20230330 11:42:19.976" endtime="20230330 11:42:20.607"/>
</kw>
<kw name="Set Selenium Speed" library="SeleniumLibrary">
<arg>${DELAY}</arg>
<doc>Sets the delay that is waited after each Selenium command.</doc>
<status status="PASS" starttime="20230330 11:42:20.607" endtime="20230330 11:42:20.607"/>
</kw>
<status status="PASS" starttime="20230330 11:42:18.846" endtime="20230330 11:42:20.607"/>
</kw>
<kw name="Dado que o usuário está na home page www.worten.pt" library="Worten.resource">
<kw name="Go To" library="SeleniumLibrary">
<arg>url=${URL}</arg>
<doc>Navigates the current browser window to the provided ``url``.</doc>
<msg timestamp="20230330 11:42:20.609" level="INFO">Opening url 'https://www.worten.pt'</msg>
<status status="PASS" starttime="20230330 11:42:20.608" endtime="20230330 11:42:30.597"/>
</kw>
<status status="PASS" starttime="20230330 11:42:20.608" endtime="20230330 11:42:30.597"/>
</kw>
<kw name="E aceitou o cookies" library="Worten.resource">
<kw name="Wait Until Element Is Visible" library="SeleniumLibrary">
<arg>locator=${Aceitar_cookies}</arg>
<doc>Waits until the element ``locator`` is visible.</doc>
<status status="PASS" starttime="20230330 11:42:30.598" endtime="20230330 11:42:31.644"/>
</kw>
<kw name="Click Button" library="SeleniumLibrary">
<arg>locator=${Aceitar_cookies}</arg>
<doc>Clicks the button identified by ``locator``.</doc>
<msg timestamp="20230330 11:42:31.645" level="INFO">Clicking button '//button[@type='button'][contains(.,'Aceitar Tudo')]'.</msg>
<status status="PASS" starttime="20230330 11:42:31.644" endtime="20230330 11:42:34.273"/>
</kw>
<status status="PASS" starttime="20230330 11:42:30.597" endtime="20230330 11:42:34.273"/>
</kw>
<kw name="E pesquisou por TVs" library="Worten.resource">
<kw name="Input Text" library="SeleniumLibrary">
<arg>search</arg>
<arg>Tvs</arg>
<doc>Types the given ``text`` into the text field identified by ``locator``.</doc>
<msg timestamp="20230330 11:42:34.275" level="INFO">Typing text 'Tvs' into text field 'search'.</msg>
<status status="PASS" starttime="20230330 11:42:34.274" endtime="20230330 11:42:36.124"/>
</kw>
<status status="PASS" starttime="20230330 11:42:34.274" endtime="20230330 11:42:36.124"/>
</kw>
<kw name="E clicou na opção tvs" library="Worten.resource">
<kw name="Wait Until Element Is Visible" library="SeleniumLibrary">
<arg>${Título_TV}</arg>
<doc>Waits until the element ``locator`` is visible.</doc>
<status status="PASS" starttime="20230330 11:42:36.126" endtime="20230330 11:42:37.885"/>
</kw>
<kw name="Click Element" library="SeleniumLibrary">
<arg>${Título_TV}</arg>
<doc>Click the element identified by ``locator``.</doc>
<msg timestamp="20230330 11:42:37.886" level="INFO">Clicking element '//p[@class='neu-11'][contains(.,'tvs 32')]'.</msg>
<status status="PASS" starttime="20230330 11:42:37.885" endtime="20230330 11:42:39.020"/>
</kw>
<status status="PASS" starttime="20230330 11:42:36.124" endtime="20230330 11:42:39.020"/>
</kw>
<kw name="Quando clicar na opção de tvs" library="Worten.resource">
<kw name="Wait Until Element Is Visible" library="SeleniumLibrary">
<arg>${Opção_Tv}</arg>
<doc>Waits until the element ``locator`` is visible.</doc>
<status status="PASS" starttime="20230330 11:42:39.021" endtime="20230330 11:42:43.481"/>
</kw>
<kw name="Click Element" library="SeleniumLibrary">
<arg>${Opção_Tv}</arg>
<doc>Click the element identified by ``locator``.</doc>
<msg timestamp="20230330 11:42:43.482" level="INFO">Clicking element '(//span[contains(@class,'produc-card__name__link')])[1]'.</msg>
<status status="PASS" starttime="20230330 11:42:43.481" endtime="20230330 11:42:44.841"/>
</kw>
<status status="PASS" starttime="20230330 11:42:39.020" endtime="20230330 11:42:44.842"/>
</kw>
<kw name="Então adiciona ao carrinho" library="Worten.resource">
<kw name="Wait Until Element Is Visible" library="SeleniumLibrary">
<arg>${Adiciona_Carrinho}</arg>
<doc>Waits until the element ``locator`` is visible.</doc>
<status status="PASS" starttime="20230330 11:42:44.844" endtime="20230330 11:42:49.348"/>
</kw>
<kw name="Click Button" library="SeleniumLibrary">
<arg>${Adiciona_Carrinho}</arg>
<doc>Clicks the button identified by ``locator``.</doc>
<msg timestamp="20230330 11:42:49.349" level="INFO">Clicking button '//button[@type='button'][contains(.,'Adicionar ao carrinho')]'.</msg>
<status status="PASS" starttime="20230330 11:42:49.348" endtime="20230330 11:42:52.071"/>
</kw>
<status status="PASS" starttime="20230330 11:42:44.844" endtime="20230330 11:42:52.071"/>
</kw>
<kw name="E verifica se foi adicionado ao carrinho" library="Worten.resource">
<kw name="Wait Until Element Is Visible" library="SeleniumLibrary">
<arg>${Ir_Carrinho}</arg>
<doc>Waits until the element ``locator`` is visible.</doc>
<status status="PASS" starttime="20230330 11:42:52.074" endtime="20230330 11:42:56.105"/>
</kw>
<kw name="Click Button" library="SeleniumLibrary">
<arg>${Ir_Carrinho}</arg>
<doc>Clicks the button identified by ``locator``.</doc>
<msg timestamp="20230330 11:42:56.105" level="INFO">Clicking button '//button[@type='button'][contains(.,'ir para carrinho')]'.</msg>
<status status="PASS" starttime="20230330 11:42:56.105" endtime="20230330 11:42:58.787"/>
</kw>
<status status="PASS" starttime="20230330 11:42:52.073" endtime="20230330 11:42:58.787"/>
</kw>
<kw name="Fechar o navegador" library="Worten.resource" type="TEARDOWN">
<kw name="Capture Page Screenshot" library="SeleniumLibrary">
<doc>Takes a screenshot of the current page and embeds it into a log file.</doc>
<msg timestamp="20230330 11:42:59.608" level="INFO" html="true">&lt;/td&gt;&lt;/tr&gt;&lt;tr&gt;&lt;td colspan="3"&gt;&lt;a href="selenium-screenshot-97.png"&gt;&lt;img src="selenium-screenshot-97.png" width="800px"&gt;&lt;/a&gt;</msg>
<status status="PASS" starttime="20230330 11:42:58.788" endtime="20230330 11:42:59.609"/>
</kw>
<kw name="Close Browser" library="SeleniumLibrary">
<doc>Closes the current browser.</doc>
<status status="PASS" starttime="20230330 11:42:59.609" endtime="20230330 11:43:02.233"/>
</kw>
<kw name="Set Selenium Speed" library="SeleniumLibrary">
<arg>${DELAY}</arg>
<doc>Sets the delay that is waited after each Selenium command.</doc>
<status status="PASS" starttime="20230330 11:43:02.233" endtime="20230330 11:43:02.233"/>
</kw>
<status status="PASS" starttime="20230330 11:42:58.787" endtime="20230330 11:43:02.233"/>
</kw>
<doc>Esse teste adiciona uma TV ao carrinho</doc>
<tag>Adiciona_TV</tag>
<status status="PASS" starttime="20230330 11:42:18.845" endtime="20230330 11:43:02.234"/>
</test>
<test id="s1-t8" name="Cenário 07 - Removendo uma TV do carrinho" line="79">
<kw name="Abrir o navegador" library="Worten.resource" type="SETUP">
<kw name="Open Browser" library="SeleniumLibrary">
<arg>browser=chrome</arg>
<doc>Opens a new browser instance to the optional ``url``.</doc>
<msg timestamp="20230330 11:43:02.238" level="INFO">Opening browser 'chrome' to base url 'None'.</msg>
<status status="PASS" starttime="20230330 11:43:02.237" endtime="20230330 11:43:03.478"/>
</kw>
<kw name="Maximize Browser Window" library="SeleniumLibrary">
<doc>Maximizes current browser window.</doc>
<status status="PASS" starttime="20230330 11:43:03.478" endtime="20230330 11:43:04.109"/>
</kw>
<kw name="Set Selenium Speed" library="SeleniumLibrary">
<arg>${DELAY}</arg>
<doc>Sets the delay that is waited after each Selenium command.</doc>
<status status="PASS" starttime="20230330 11:43:04.109" endtime="20230330 11:43:04.109"/>
</kw>
<status status="PASS" starttime="20230330 11:43:02.237" endtime="20230330 11:43:04.109"/>
</kw>
<kw name="Dado que o usuário está na home page www.worten.pt" library="Worten.resource">
<kw name="Go To" library="SeleniumLibrary">
<arg>url=${URL}</arg>
<doc>Navigates the current browser window to the provided ``url``.</doc>
<msg timestamp="20230330 11:43:04.111" level="INFO">Opening url 'https://www.worten.pt'</msg>
<status status="PASS" starttime="20230330 11:43:04.110" endtime="20230330 11:43:07.807"/>
</kw>
<status status="PASS" starttime="20230330 11:43:04.110" endtime="20230330 11:43:07.807"/>
</kw>
<kw name="E aceitou o cookies" library="Worten.resource">
<kw name="Wait Until Element Is Visible" library="SeleniumLibrary">
<arg>locator=${Aceitar_cookies}</arg>
<doc>Waits until the element ``locator`` is visible.</doc>
<status status="PASS" starttime="20230330 11:43:07.808" endtime="20230330 11:43:09.670"/>
</kw>
<kw name="Click Button" library="SeleniumLibrary">
<arg>locator=${Aceitar_cookies}</arg>
<doc>Clicks the button identified by ``locator``.</doc>
<msg timestamp="20230330 11:43:09.671" level="INFO">Clicking button '//button[@type='button'][contains(.,'Aceitar Tudo')]'.</msg>
<status status="PASS" starttime="20230330 11:43:09.670" endtime="20230330 11:43:12.310"/>
</kw>
<status status="PASS" starttime="20230330 11:43:07.807" endtime="20230330 11:43:12.310"/>
</kw>
<kw name="E pesquisou por TVs" library="Worten.resource">
<kw name="Input Text" library="SeleniumLibrary">
<arg>search</arg>
<arg>Tvs</arg>
<doc>Types the given ``text`` into the text field identified by ``locator``.</doc>
<msg timestamp="20230330 11:43:12.312" level="INFO">Typing text 'Tvs' into text field 'search'.</msg>
<status status="PASS" starttime="20230330 11:43:12.311" endtime="20230330 11:43:14.230"/>
</kw>
<status status="PASS" starttime="20230330 11:43:12.310" endtime="20230330 11:43:14.230"/>
</kw>
<kw name="E clicou na opção tvs" library="Worten.resource">
<kw name="Wait Until Element Is Visible" library="SeleniumLibrary">
<arg>${Título_TV}</arg>
<doc>Waits until the element ``locator`` is visible.</doc>
<status status="PASS" starttime="20230330 11:43:14.231" endtime="20230330 11:43:15.995"/>
</kw>
<kw name="Click Element" library="SeleniumLibrary">
<arg>${Título_TV}</arg>
<doc>Click the element identified by ``locator``.</doc>
<msg timestamp="20230330 11:43:15.996" level="INFO">Clicking element '//p[@class='neu-11'][contains(.,'tvs 32')]'.</msg>
<status status="PASS" starttime="20230330 11:43:15.995" endtime="20230330 11:43:17.091"/>
</kw>
<status status="PASS" starttime="20230330 11:43:14.230" endtime="20230330 11:43:17.091"/>
</kw>
<kw name="Quando clicar na opção de tvs" library="Worten.resource">
<kw name="Wait Until Element Is Visible" library="SeleniumLibrary">
<arg>${Opção_Tv}</arg>
<doc>Waits until the element ``locator`` is visible.</doc>
<status status="PASS" starttime="20230330 11:43:17.092" endtime="20230330 11:43:21.557"/>
</kw>
<kw name="Click Element" library="SeleniumLibrary">
<arg>${Opção_Tv}</arg>
<doc>Click the element identified by ``locator``.</doc>
<msg timestamp="20230330 11:43:21.557" level="INFO">Clicking element '(//span[contains(@class,'produc-card__name__link')])[1]'.</msg>
<status status="PASS" starttime="20230330 11:43:21.557" endtime="20230330 11:43:22.671"/>
</kw>
<status status="PASS" starttime="20230330 11:43:17.091" endtime="20230330 11:43:22.671"/>
</kw>
<kw name="E adiciona ao carrinho" library="Worten.resource">
<kw name="Wait Until Element Is Visible" library="SeleniumLibrary">
<arg>${Adiciona_Carrinho}</arg>
<doc>Waits until the element ``locator`` is visible.</doc>
<status status="PASS" starttime="20230330 11:43:22.671" endtime="20230330 11:43:26.774"/>
</kw>
<kw name="Click Button" library="SeleniumLibrary">
<arg>${Adiciona_Carrinho}</arg>
<doc>Clicks the button identified by ``locator``.</doc>
<msg timestamp="20230330 11:43:26.775" level="INFO">Clicking button '//button[@type='button'][contains(.,'Adicionar ao carrinho')]'.</msg>
<status status="PASS" starttime="20230330 11:43:26.774" endtime="20230330 11:43:29.535"/>
</kw>
<status status="PASS" starttime="20230330 11:43:22.671" endtime="20230330 11:43:29.535"/>
</kw>
<kw name="E verificou se foi adicionado ao carrinho" library="Worten.resource">
<kw name="Wait Until Element Is Visible" library="SeleniumLibrary">
<arg>${Ir_Carrinho}</arg>
<doc>Waits until the element ``locator`` is visible.</doc>
<status status="PASS" starttime="20230330 11:43:29.536" endtime="20230330 11:43:32.045"/>
</kw>
<kw name="Click Button" library="SeleniumLibrary">
<arg>${Ir_Carrinho}</arg>
<doc>Clicks the button identified by ``locator``.</doc>
<msg timestamp="20230330 11:43:32.046" level="INFO">Clicking button '//button[@type='button'][contains(.,'ir para carrinho')]'.</msg>
<status status="PASS" starttime="20230330 11:43:32.045" endtime="20230330 11:43:34.716"/>
</kw>
<status status="PASS" starttime="20230330 11:43:29.536" endtime="20230330 11:43:34.716"/>
</kw>
<kw name="Então remove o produto tv do carrinho" library="Worten.resource">
<kw name="Wait Until Element Is Visible" library="SeleniumLibrary">
<arg>${Remover_Carrinho}</arg>
<doc>Waits until the element ``locator`` is visible.</doc>
<status status="PASS" starttime="20230330 11:43:34.717" endtime="20230330 11:43:36.853"/>
</kw>
<kw name="Click Button" library="SeleniumLibrary">
<arg>${Remover_Carrinho}</arg>
<doc>Clicks the button identified by ``locator``.</doc>
<msg timestamp="20230330 11:43:36.853" level="INFO">Clicking button '//button[contains(.,'Remover')]'.</msg>
<status status="PASS" starttime="20230330 11:43:36.853" endtime="20230330 11:43:39.570"/>
</kw>
<status status="PASS" starttime="20230330 11:43:34.716" endtime="20230330 11:43:39.570"/>
</kw>
<kw name="E o carrinho deve estar vazio" library="Worten.resource">
<kw name="Wait Until Element Is Visible" library="SeleniumLibrary">
<arg>${Carrinho_Vazio}</arg>
<doc>Waits until the element ``locator`` is visible.</doc>
<status status="PASS" starttime="20230330 11:43:39.571" endtime="20230330 11:43:41.333"/>
</kw>
<status status="PASS" starttime="20230330 11:43:39.571" endtime="20230330 11:43:41.333"/>
</kw>
<kw name="Fechar o navegador" library="Worten.resource" type="TEARDOWN">
<kw name="Capture Page Screenshot" library="SeleniumLibrary">
<doc>Takes a screenshot of the current page and embeds it into a log file.</doc>
<msg timestamp="20230330 11:43:41.991" level="INFO" html="true">&lt;/td&gt;&lt;/tr&gt;&lt;tr&gt;&lt;td colspan="3"&gt;&lt;a href="selenium-screenshot-98.png"&gt;&lt;img src="selenium-screenshot-98.png" width="800px"&gt;&lt;/a&gt;</msg>
<status status="PASS" starttime="20230330 11:43:41.335" endtime="20230330 11:43:41.991"/>
</kw>
<kw name="Close Browser" library="SeleniumLibrary">
<doc>Closes the current browser.</doc>
<status status="PASS" starttime="20230330 11:43:41.991" endtime="20230330 11:43:44.598"/>
</kw>
<kw name="Set Selenium Speed" library="SeleniumLibrary">
<arg>${DELAY}</arg>
<doc>Sets the delay that is waited after each Selenium command.</doc>
<status status="PASS" starttime="20230330 11:43:44.598" endtime="20230330 11:43:44.598"/>
</kw>
<status status="PASS" starttime="20230330 11:43:41.334" endtime="20230330 11:43:44.598"/>
</kw>
<doc>Esse teste remove uma TV ao carrinho</doc>
<tag>Remove_TV</tag>
<status status="PASS" starttime="20230330 11:43:02.236" endtime="20230330 11:43:44.599"/>
</test>
<test id="s1-t9" name="Cenário 08 - Adicionando um iphone ao carrinho" line="92">
<kw name="Abrir o navegador" library="Worten.resource" type="SETUP">
<kw name="Open Browser" library="SeleniumLibrary">
<arg>browser=chrome</arg>
<doc>Opens a new browser instance to the optional ``url``.</doc>
<msg timestamp="20230330 11:43:44.602" level="INFO">Opening browser 'chrome' to base url 'None'.</msg>
<status status="PASS" starttime="20230330 11:43:44.601" endtime="20230330 11:43:45.768"/>
</kw>
<kw name="Maximize Browser Window" library="SeleniumLibrary">
<doc>Maximizes current browser window.</doc>
<status status="PASS" starttime="20230330 11:43:45.768" endtime="20230330 11:43:46.388"/>
</kw>
<kw name="Set Selenium Speed" library="SeleniumLibrary">
<arg>${DELAY}</arg>
<doc>Sets the delay that is waited after each Selenium command.</doc>
<status status="PASS" starttime="20230330 11:43:46.388" endtime="20230330 11:43:46.388"/>
</kw>
<status status="PASS" starttime="20230330 11:43:44.601" endtime="20230330 11:43:46.388"/>
</kw>
<kw name="Dado que o usuário está na home page www.worten.pt" library="Worten.resource">
<kw name="Go To" library="SeleniumLibrary">
<arg>url=${URL}</arg>
<doc>Navigates the current browser window to the provided ``url``.</doc>
<msg timestamp="20230330 11:43:46.389" level="INFO">Opening url 'https://www.worten.pt'</msg>
<status status="PASS" starttime="20230330 11:43:46.389" endtime="20230330 11:43:49.767"/>
</kw>
<status status="PASS" starttime="20230330 11:43:46.389" endtime="20230330 11:43:49.767"/>
</kw>
<kw name="E aceitou o cookies" library="Worten.resource">
<kw name="Wait Until Element Is Visible" library="SeleniumLibrary">
<arg>locator=${Aceitar_cookies}</arg>
<doc>Waits until the element ``locator`` is visible.</doc>
<status status="PASS" starttime="20230330 11:43:49.768" endtime="20230330 11:43:51.689"/>
</kw>
<kw name="Click Button" library="SeleniumLibrary">
<arg>locator=${Aceitar_cookies}</arg>
<doc>Clicks the button identified by ``locator``.</doc>
<msg timestamp="20230330 11:43:51.689" level="INFO">Clicking button '//button[@type='button'][contains(.,'Aceitar Tudo')]'.</msg>
<status status="PASS" starttime="20230330 11:43:51.689" endtime="20230330 11:43:54.316"/>
</kw>
<status status="PASS" starttime="20230330 11:43:49.768" endtime="20230330 11:43:54.317"/>
</kw>
<kw name="E pesquisou por iphone" library="Worten.resource">
<kw name="Input Text" library="SeleniumLibrary">
<arg>search</arg>
<arg>iphone</arg>
<doc>Types the given ``text`` into the text field identified by ``locator``.</doc>
<msg timestamp="20230330 11:43:54.319" level="INFO">Typing text 'iphone' into text field 'search'.</msg>
<status status="PASS" starttime="20230330 11:43:54.318" endtime="20230330 11:43:56.109"/>
</kw>
<status status="PASS" starttime="20230330 11:43:54.317" endtime="20230330 11:43:56.109"/>
</kw>
<kw name="E clicou na opção de iphone" library="Worten.resource">
<kw name="Wait Until Element Is Visible" library="SeleniumLibrary">
<arg>${Opção_Iphone}</arg>
<doc>Waits until the element ``locator`` is visible.</doc>
<status status="PASS" starttime="20230330 11:43:56.110" endtime="20230330 11:43:57.870"/>
</kw>
<kw name="Click Element" library="SeleniumLibrary">
<arg>${Opção_Iphone}</arg>
<doc>Click the element identified by ``locator``.</doc>
<msg timestamp="20230330 11:43:57.871" level="INFO">Clicking element '(//span[@class='bold'][contains(.,'iphone')])[1]'.</msg>
<status status="PASS" starttime="20230330 11:43:57.870" endtime="20230330 11:43:58.986"/>
</kw>
<status status="PASS" starttime="20230330 11:43:56.109" endtime="20230330 11:43:58.986"/>
</kw>
<kw name="E clicou no produto iphone" library="Worten.resource">
<kw name="Wait Until Element Is Visible" library="SeleniumLibrary">
<arg>${Produto_Iphone14}</arg>
<doc>Waits until the element ``locator`` is visible.</doc>
<status status="PASS" starttime="20230330 11:43:58.987" endtime="20230330 11:44:02.878"/>
</kw>
<kw name="Click Element" library="SeleniumLibrary">
<arg>${Produto_Iphone14}</arg>
<doc>Click the element identified by ``locator``.</doc>
<msg timestamp="20230330 11:44:02.879" level="INFO">Clicking element '(//span[contains(@class,'produc-card__name__link')])[1]'.</msg>
<status status="PASS" starttime="20230330 11:44:02.878" endtime="20230330 11:44:04.005"/>
</kw>
<status status="PASS" starttime="20230330 11:43:58.986" endtime="20230330 11:44:04.005"/>
</kw>
<kw name="Quando adicionar a opção de iphone no carrinho" library="Worten.resource">
<kw name="Wait Until Element Is Visible" library="SeleniumLibrary">
<arg>${Adiciona_Carrinho}</arg>
<doc>Waits until the element ``locator`` is visible.</doc>
<status status="PASS" starttime="20230330 11:44:04.006" endtime="20230330 11:44:08.524"/>
</kw>
<kw name="Click Button" library="SeleniumLibrary">
<arg>${Adiciona_Carrinho}</arg>
<doc>Clicks the button identified by ``locator``.</doc>
<msg timestamp="20230330 11:44:08.524" level="INFO">Clicking button '//button[@type='button'][contains(.,'Adicionar ao carrinho')]'.</msg>
<status status="PASS" starttime="20230330 11:44:08.524" endtime="20230330 11:44:11.179"/>
</kw>
<status status="PASS" starttime="20230330 11:44:04.005" endtime="20230330 11:44:11.179"/>
</kw>
<kw name="Então verifica se foi adicionado ao carrinho" library="Worten.resource">
<kw name="Wait Until Element Is Visible" library="SeleniumLibrary">
<arg>${Ir_Carrinho}</arg>
<doc>Waits until the element ``locator`` is visible.</doc>
<status status="PASS" starttime="20230330 11:44:11.180" endtime="20230330 11:44:12.969"/>
</kw>
<kw name="Click Button" library="SeleniumLibrary">
<arg>${Ir_Carrinho}</arg>
<doc>Clicks the button identified by ``locator``.</doc>
<msg timestamp="20230330 11:44:12.970" level="INFO">Clicking button '//button[@type='button'][contains(.,'ir para carrinho')]'.</msg>
<status status="PASS" starttime="20230330 11:44:12.969" endtime="20230330 11:44:15.613"/>
</kw>
<status status="PASS" starttime="20230330 11:44:11.179" endtime="20230330 11:44:15.613"/>
</kw>
<kw name="Fechar o navegador" library="Worten.resource" type="TEARDOWN">
<kw name="Capture Page Screenshot" library="SeleniumLibrary">
<doc>Takes a screenshot of the current page and embeds it into a log file.</doc>
<msg timestamp="20230330 11:44:16.585" level="INFO" html="true">&lt;/td&gt;&lt;/tr&gt;&lt;tr&gt;&lt;td colspan="3"&gt;&lt;a href="selenium-screenshot-99.png"&gt;&lt;img src="selenium-screenshot-99.png" width="800px"&gt;&lt;/a&gt;</msg>
<status status="PASS" starttime="20230330 11:44:15.614" endtime="20230330 11:44:16.585"/>
</kw>
<kw name="Close Browser" library="SeleniumLibrary">
<doc>Closes the current browser.</doc>
<status status="PASS" starttime="20230330 11:44:16.585" endtime="20230330 11:44:19.230"/>
</kw>
<kw name="Set Selenium Speed" library="SeleniumLibrary">
<arg>${DELAY}</arg>
<doc>Sets the delay that is waited after each Selenium command.</doc>
<status status="PASS" starttime="20230330 11:44:19.230" endtime="20230330 11:44:19.231"/>
</kw>
<status status="PASS" starttime="20230330 11:44:15.613" endtime="20230330 11:44:19.231"/>
</kw>
<doc>Esse teste adiciona smartphone ao carrinho</doc>
<tag>Adiciona_smartphone</tag>
<status status="PASS" starttime="20230330 11:43:44.600" endtime="20230330 11:44:19.232"/>
</test>
<test id="s1-t10" name="Cenário 09 - Removendo smarphone do carrinho" line="103">
<kw name="Abrir o navegador" library="Worten.resource" type="SETUP">
<kw name="Open Browser" library="SeleniumLibrary">
<arg>browser=chrome</arg>
<doc>Opens a new browser instance to the optional ``url``.</doc>
<msg timestamp="20230330 11:44:19.235" level="INFO">Opening browser 'chrome' to base url 'None'.</msg>
<status status="PASS" starttime="20230330 11:44:19.235" endtime="20230330 11:44:20.468"/>
</kw>
<kw name="Maximize Browser Window" library="SeleniumLibrary">
<doc>Maximizes current browser window.</doc>
<status status="PASS" starttime="20230330 11:44:20.469" endtime="20230330 11:44:21.096"/>
</kw>
<kw name="Set Selenium Speed" library="SeleniumLibrary">
<arg>${DELAY}</arg>
<doc>Sets the delay that is waited after each Selenium command.</doc>
<status status="PASS" starttime="20230330 11:44:21.096" endtime="20230330 11:44:21.096"/>
</kw>
<status status="PASS" starttime="20230330 11:44:19.234" endtime="20230330 11:44:21.096"/>
</kw>
<kw name="Dado que o usuário está na home page www.worten.pt" library="Worten.resource">
<kw name="Go To" library="SeleniumLibrary">
<arg>url=${URL}</arg>
<doc>Navigates the current browser window to the provided ``url``.</doc>
<msg timestamp="20230330 11:44:21.098" level="INFO">Opening url 'https://www.worten.pt'</msg>
<status status="PASS" starttime="20230330 11:44:21.097" endtime="20230330 11:44:28.799"/>
</kw>
<status status="PASS" starttime="20230330 11:44:21.097" endtime="20230330 11:44:28.799"/>
</kw>
<kw name="E aceitou o cookies" library="Worten.resource">
<kw name="Wait Until Element Is Visible" library="SeleniumLibrary">
<arg>locator=${Aceitar_cookies}</arg>
<doc>Waits until the element ``locator`` is visible.</doc>
<status status="PASS" starttime="20230330 11:44:28.800" endtime="20230330 11:44:30.558"/>
</kw>
<kw name="Click Button" library="SeleniumLibrary">
<arg>locator=${Aceitar_cookies}</arg>
<doc>Clicks the button identified by ``locator``.</doc>
<msg timestamp="20230330 11:44:30.558" level="INFO">Clicking button '//button[@type='button'][contains(.,'Aceitar Tudo')]'.</msg>
<status status="PASS" starttime="20230330 11:44:30.558" endtime="20230330 11:44:33.195"/>
</kw>
<status status="PASS" starttime="20230330 11:44:28.800" endtime="20230330 11:44:33.195"/>
</kw>
<kw name="E pesquisou por iphone" library="Worten.resource">
<kw name="Input Text" library="SeleniumLibrary">
<arg>search</arg>
<arg>iphone</arg>
<doc>Types the given ``text`` into the text field identified by ``locator``.</doc>
<msg timestamp="20230330 11:44:33.196" level="INFO">Typing text 'iphone' into text field 'search'.</msg>
<status status="PASS" starttime="20230330 11:44:33.196" endtime="20230330 11:44:34.891"/>
</kw>
<status status="PASS" starttime="20230330 11:44:33.195" endtime="20230330 11:44:34.891"/>
</kw>
<kw name="E clicou na opção de iphone" library="Worten.resource">
<kw name="Wait Until Element Is Visible" library="SeleniumLibrary">
<arg>${Opção_Iphone}</arg>
<doc>Waits until the element ``locator`` is visible.</doc>
<status status="PASS" starttime="20230330 11:44:34.893" endtime="20230330 11:44:36.683"/>
</kw>
<kw name="Click Element" library="SeleniumLibrary">
<arg>${Opção_Iphone}</arg>
<doc>Click the element identified by ``locator``.</doc>
<msg timestamp="20230330 11:44:36.683" level="INFO">Clicking element '(//span[@class='bold'][contains(.,'iphone')])[1]'.</msg>
<status status="PASS" starttime="20230330 11:44:36.683" endtime="20230330 11:44:37.874"/>
</kw>
<status status="PASS" starttime="20230330 11:44:34.892" endtime="20230330 11:44:37.875"/>
</kw>
<kw name="E clicou no produto iphone" library="Worten.resource">
<kw name="Wait Until Element Is Visible" library="SeleniumLibrary">
<arg>${Produto_Iphone14}</arg>
<doc>Waits until the element ``locator`` is visible.</doc>
<status status="PASS" starttime="20230330 11:44:37.876" endtime="20230330 11:44:42.290"/>
</kw>
<kw name="Click Element" library="SeleniumLibrary">
<arg>${Produto_Iphone14}</arg>
<doc>Click the element identified by ``locator``.</doc>
<msg timestamp="20230330 11:44:42.291" level="INFO">Clicking element '(//span[contains(@class,'produc-card__name__link')])[1]'.</msg>
<status status="PASS" starttime="20230330 11:44:42.290" endtime="20230330 11:44:43.397"/>
</kw>
<status status="PASS" starttime="20230330 11:44:37.875" endtime="20230330 11:44:43.397"/>
</kw>
<kw name="Quando adicionar a opção de iphone no carrinho" library="Worten.resource">
<kw name="Wait Until Element Is Visible" library="SeleniumLibrary">
<arg>${Adiciona_Carrinho}</arg>
<doc>Waits until the element ``locator`` is visible.</doc>
<status status="PASS" starttime="20230330 11:44:43.398" endtime="20230330 11:44:47.519"/>
</kw>
<kw name="Click Button" library="SeleniumLibrary">
<arg>${Adiciona_Carrinho}</arg>
<doc>Clicks the button identified by ``locator``.</doc>
<msg timestamp="20230330 11:44:47.519" level="INFO">Clicking button '//button[@type='button'][contains(.,'Adicionar ao carrinho')]'.</msg>
<status status="PASS" starttime="20230330 11:44:47.519" endtime="20230330 11:44:50.177"/>
</kw>
<status status="PASS" starttime="20230330 11:44:43.397" endtime="20230330 11:44:50.177"/>
</kw>
<kw name="Então verifica se foi adicionado ao carrinho" library="Worten.resource">
<kw name="Wait Until Element Is Visible" library="SeleniumLibrary">
<arg>${Ir_Carrinho}</arg>
<doc>Waits until the element ``locator`` is visible.</doc>
<status status="PASS" starttime="20230330 11:44:50.178" endtime="20230330 11:44:51.954"/>
</kw>
<kw name="Click Button" library="SeleniumLibrary">
<arg>${Ir_Carrinho}</arg>
<doc>Clicks the button identified by ``locator``.</doc>
<msg timestamp="20230330 11:44:51.954" level="INFO">Clicking button '//button[@type='button'][contains(.,'ir para carrinho')]'.</msg>
<status status="PASS" starttime="20230330 11:44:51.954" endtime="20230330 11:44:54.611"/>
</kw>
<status status="PASS" starttime="20230330 11:44:50.178" endtime="20230330 11:44:54.611"/>
</kw>
<kw name="E remova o smartphone do carrinho" library="Worten.resource">
<kw name="Wait Until Element Is Visible" library="SeleniumLibrary">
<arg>${Remover_Carrinho}</arg>
<doc>Waits until the element ``locator`` is visible.</doc>
<msg timestamp="20230330 11:44:56.440" level="INFO">Suppressing StaleElementReferenceException from Selenium.</msg>
<status status="PASS" starttime="20230330 11:44:54.612" endtime="20230330 11:44:58.218"/>
</kw>
<kw name="Click Button" library="SeleniumLibrary">
<arg>${Remover_Carrinho}</arg>
<doc>Clicks the button identified by ``locator``.</doc>
<msg timestamp="20230330 11:44:58.218" level="INFO">Clicking button '//button[contains(.,'Remover')]'.</msg>
<status status="PASS" starttime="20230330 11:44:58.218" endtime="20230330 11:45:00.865"/>
</kw>
<status status="PASS" starttime="20230330 11:44:54.611" endtime="20230330 11:45:00.865"/>
</kw>
<kw name="E verifica o carrinho" library="Worten.resource">
<kw name="Wait Until Element Is Visible" library="SeleniumLibrary">
<arg>${Carrinho_Vazio}</arg>
<doc>Waits until the element ``locator`` is visible.</doc>
<status status="PASS" starttime="20230330 11:45:00.866" endtime="20230330 11:45:03.372"/>
</kw>
<status status="PASS" starttime="20230330 11:45:00.866" endtime="20230330 11:45:03.372"/>
</kw>
<kw name="Fechar o navegador" library="Worten.resource" type="TEARDOWN">
<kw name="Capture Page Screenshot" library="SeleniumLibrary">
<doc>Takes a screenshot of the current page and embeds it into a log file.</doc>
<msg timestamp="20230330 11:45:04.037" level="INFO" html="true">&lt;/td&gt;&lt;/tr&gt;&lt;tr&gt;&lt;td colspan="3"&gt;&lt;a href="selenium-screenshot-100.png"&gt;&lt;img src="selenium-screenshot-100.png" width="800px"&gt;&lt;/a&gt;</msg>
<status status="PASS" starttime="20230330 11:45:03.373" endtime="20230330 11:45:04.037"/>
</kw>
<kw name="Close Browser" library="SeleniumLibrary">
<doc>Closes the current browser.</doc>
<status status="PASS" starttime="20230330 11:45:04.038" endtime="20230330 11:45:06.755"/>
</kw>
<kw name="Set Selenium Speed" library="SeleniumLibrary">
<arg>${DELAY}</arg>
<doc>Sets the delay that is waited after each Selenium command.</doc>
<status status="PASS" starttime="20230330 11:45:06.755" endtime="20230330 11:45:06.755"/>
</kw>
<status status="PASS" starttime="20230330 11:45:03.373" endtime="20230330 11:45:06.755"/>
</kw>
<doc>Esse teste remove um smartphone do carrinho</doc>
<tag>Remove_smartphone</tag>
<status status="PASS" starttime="20230330 11:44:19.234" endtime="20230330 11:45:06.756"/>
</test>
<test id="s1-t11" name="Cenário 10 - Adicionando uma cama ao carrinho" line="116">
<kw name="Abrir o navegador" library="Worten.resource" type="SETUP">
<kw name="Open Browser" library="SeleniumLibrary">
<arg>browser=chrome</arg>
<doc>Opens a new browser instance to the optional ``url``.</doc>
<msg timestamp="20230330 11:45:06.759" level="INFO">Opening browser 'chrome' to base url 'None'.</msg>
<status status="PASS" starttime="20230330 11:45:06.759" endtime="20230330 11:45:07.977"/>
</kw>
<kw name="Maximize Browser Window" library="SeleniumLibrary">
<doc>Maximizes current browser window.</doc>
<status status="PASS" starttime="20230330 11:45:07.978" endtime="20230330 11:45:08.603"/>
</kw>
<kw name="Set Selenium Speed" library="SeleniumLibrary">
<arg>${DELAY}</arg>
<doc>Sets the delay that is waited after each Selenium command.</doc>
<status status="PASS" starttime="20230330 11:45:08.603" endtime="20230330 11:45:08.603"/>
</kw>
<status status="PASS" starttime="20230330 11:45:06.758" endtime="20230330 11:45:08.603"/>
</kw>
<kw name="Dado que o usuário está na home page www.worten.pt" library="Worten.resource">
<kw name="Go To" library="SeleniumLibrary">
<arg>url=${URL}</arg>
<doc>Navigates the current browser window to the provided ``url``.</doc>
<msg timestamp="20230330 11:45:08.606" level="INFO">Opening url 'https://www.worten.pt'</msg>
<status status="PASS" starttime="20230330 11:45:08.606" endtime="20230330 11:45:13.447"/>
</kw>
<status status="PASS" starttime="20230330 11:45:08.604" endtime="20230330 11:45:13.447"/>
</kw>
<kw name="E aceitou o cookies" library="Worten.resource">
<kw name="Wait Until Element Is Visible" library="SeleniumLibrary">
<arg>locator=${Aceitar_cookies}</arg>
<doc>Waits until the element ``locator`` is visible.</doc>
<status status="PASS" starttime="20230330 11:45:13.448" endtime="20230330 11:45:15.244"/>
</kw>
<kw name="Click Button" library="SeleniumLibrary">
<arg>locator=${Aceitar_cookies}</arg>
<doc>Clicks the button identified by ``locator``.</doc>
<msg timestamp="20230330 11:45:15.244" level="INFO">Clicking button '//button[@type='button'][contains(.,'Aceitar Tudo')]'.</msg>
<status status="PASS" starttime="20230330 11:45:15.244" endtime="20230330 11:45:17.911"/>
</kw>
<status status="PASS" starttime="20230330 11:45:13.447" endtime="20230330 11:45:17.911"/>
</kw>
<kw name="Quando pesquisar por cama" library="Worten.resource">
<kw name="Input Text" library="SeleniumLibrary">
<arg>search</arg>
<arg>cama</arg>
<doc>Types the given ``text`` into the text field identified by ``locator``.</doc>
<msg timestamp="20230330 11:45:17.913" level="INFO">Typing text 'cama' into text field 'search'.</msg>
<status status="PASS" starttime="20230330 11:45:17.912" endtime="20230330 11:45:19.746"/>
</kw>
<status status="PASS" starttime="20230330 11:45:17.911" endtime="20230330 11:45:19.746"/>
</kw>
<kw name="E clicar na opção de cama" library="Worten.resource">
<kw name="Wait Until Element Is Visible" library="SeleniumLibrary">
<arg>${Opção_Cama}</arg>
<doc>Waits until the element ``locator`` is visible.</doc>
<status status="PASS" starttime="20230330 11:45:19.747" endtime="20230330 11:45:21.516"/>
</kw>
<kw name="Click Element" library="SeleniumLibrary">
<arg>${Opção_Cama}</arg>
<doc>Click the element identified by ``locator``.</doc>
<msg timestamp="20230330 11:45:21.516" level="INFO">Clicking element '(//span[@class='bold'][contains(.,'cama')])[1]'.</msg>
<status status="PASS" starttime="20230330 11:45:21.516" endtime="20230330 11:45:22.615"/>
</kw>
<status status="PASS" starttime="20230330 11:45:19.746" endtime="20230330 11:45:22.615"/>
</kw>
<kw name="Então clica na &quot;vidaXL Estrutura de cama c/ gavetas 90x200 cm branco&quot;" library="Worten.resource">
<kw name="Wait Until Element Is Visible" library="SeleniumLibrary">
<arg>${Produto_Cama}</arg>
<doc>Waits until the element ``locator`` is visible.</doc>
<msg timestamp="20230330 11:45:26.499" level="INFO">Suppressing StaleElementReferenceException from Selenium.</msg>
<status status="PASS" starttime="20230330 11:45:22.616" endtime="20230330 11:45:28.011"/>
</kw>
<kw name="Click Element" library="SeleniumLibrary">
<arg>${Produto_Cama}</arg>
<doc>Click the element identified by ``locator``.</doc>
<msg timestamp="20230330 11:45:28.012" level="INFO">Clicking element '//span[contains(.,'vidaXL Estrutura de cama c/ gavetas 90x200 cm branco')]'.</msg>
<status status="PASS" starttime="20230330 11:45:28.011" endtime="20230330 11:45:29.155"/>
</kw>
<status status="PASS" starttime="20230330 11:45:22.616" endtime="20230330 11:45:29.155"/>
</kw>
<kw name="E adicione a &quot;vidaXL Estrutura de cama c/ gavetas 90x200 cm branco&quot; no carrinho" library="Worten.resource">
<kw name="Wait Until Element Is Visible" library="SeleniumLibrary">
<arg>${Adiciona_Carrinho}</arg>
<doc>Waits until the element ``locator`` is visible.</doc>
<status status="PASS" starttime="20230330 11:45:29.156" endtime="20230330 11:45:32.157"/>
</kw>
<kw name="Click Button" library="SeleniumLibrary">
<arg>${Adiciona_Carrinho}</arg>
<doc>Clicks the button identified by ``locator``.</doc>
<msg timestamp="20230330 11:45:32.158" level="INFO">Clicking button '//button[@type='button'][contains(.,'Adicionar ao carrinho')]'.</msg>
<status status="PASS" starttime="20230330 11:45:32.157" endtime="20230330 11:45:34.852"/>
</kw>
<status status="PASS" starttime="20230330 11:45:29.156" endtime="20230330 11:45:34.852"/>
</kw>
<kw name="E verifica se adicionou ao carrinho" library="Worten.resource">
<kw name="Wait Until Element Is Visible" library="SeleniumLibrary">
<arg>${Botão_Carrinho}</arg>
<doc>Waits until the element ``locator`` is visible.</doc>
<msg timestamp="20230330 11:45:35.761" level="INFO">Suppressing StaleElementReferenceException from Selenium.</msg>
<status status="PASS" starttime="20230330 11:45:34.853" endtime="20230330 11:45:37.107"/>
</kw>
<status status="PASS" starttime="20230330 11:45:34.852" endtime="20230330 11:45:37.107"/>
</kw>
<kw name="Fechar o navegador" library="Worten.resource" type="TEARDOWN">
<kw name="Capture Page Screenshot" library="SeleniumLibrary">
<doc>Takes a screenshot of the current page and embeds it into a log file.</doc>
<msg timestamp="20230330 11:45:37.805" level="INFO" html="true">&lt;/td&gt;&lt;/tr&gt;&lt;tr&gt;&lt;td colspan="3"&gt;&lt;a href="selenium-screenshot-101.png"&gt;&lt;img src="selenium-screenshot-101.png" width="800px"&gt;&lt;/a&gt;</msg>
<status status="PASS" starttime="20230330 11:45:37.108" endtime="20230330 11:45:37.805"/>
</kw>
<kw name="Close Browser" library="SeleniumLibrary">
<doc>Closes the current browser.</doc>
<status status="PASS" starttime="20230330 11:45:37.805" endtime="20230330 11:45:40.462"/>
</kw>
<kw name="Set Selenium Speed" library="SeleniumLibrary">
<arg>${DELAY}</arg>
<doc>Sets the delay that is waited after each Selenium command.</doc>
<status status="PASS" starttime="20230330 11:45:40.462" endtime="20230330 11:45:40.463"/>
</kw>
<status status="PASS" starttime="20230330 11:45:37.108" endtime="20230330 11:45:40.463"/>
</kw>
<doc>Esse teste adiciona uma cama ao carrinho</doc>
<tag>Adiciona_cama</tag>
<status status="PASS" starttime="20230330 11:45:06.758" endtime="20230330 11:45:40.464"/>
</test>
<test id="s1-t12" name="Cenário 11 - Removendo uma cama do carrinho" line="127">
<kw name="Abrir o navegador" library="Worten.resource" type="SETUP">
<kw name="Open Browser" library="SeleniumLibrary">
<arg>browser=chrome</arg>
<doc>Opens a new browser instance to the optional ``url``.</doc>
<msg timestamp="20230330 11:45:40.467" level="INFO">Opening browser 'chrome' to base url 'None'.</msg>
<status status="PASS" starttime="20230330 11:45:40.466" endtime="20230330 11:45:41.614"/>
</kw>
<kw name="Maximize Browser Window" library="SeleniumLibrary">
<doc>Maximizes current browser window.</doc>
<status status="PASS" starttime="20230330 11:45:41.614" endtime="20230330 11:45:42.250"/>
</kw>
<kw name="Set Selenium Speed" library="SeleniumLibrary">
<arg>${DELAY}</arg>
<doc>Sets the delay that is waited after each Selenium command.</doc>
<status status="PASS" starttime="20230330 11:45:42.250" endtime="20230330 11:45:42.250"/>
</kw>
<status status="PASS" starttime="20230330 11:45:40.466" endtime="20230330 11:45:42.250"/>
</kw>
<kw name="Dado que o usuário está na home page www.worten.pt" library="Worten.resource">
<kw name="Go To" library="SeleniumLibrary">
<arg>url=${URL}</arg>
<doc>Navigates the current browser window to the provided ``url``.</doc>
<msg timestamp="20230330 11:45:42.251" level="INFO">Opening url 'https://www.worten.pt'</msg>
<status status="PASS" starttime="20230330 11:45:42.251" endtime="20230330 11:45:45.956"/>
</kw>
<status status="PASS" starttime="20230330 11:45:42.251" endtime="20230330 11:45:45.956"/>
</kw>
<kw name="E aceitou o cookies" library="Worten.resource">
<kw name="Wait Until Element Is Visible" library="SeleniumLibrary">
<arg>locator=${Aceitar_cookies}</arg>
<doc>Waits until the element ``locator`` is visible.</doc>
<status status="PASS" starttime="20230330 11:45:45.957" endtime="20230330 11:45:47.716"/>
</kw>
<kw name="Click Button" library="SeleniumLibrary">
<arg>locator=${Aceitar_cookies}</arg>
<doc>Clicks the button identified by ``locator``.</doc>
<msg timestamp="20230330 11:45:47.717" level="INFO">Clicking button '//button[@type='button'][contains(.,'Aceitar Tudo')]'.</msg>
<status status="PASS" starttime="20230330 11:45:47.716" endtime="20230330 11:45:50.342"/>
</kw>
<status status="PASS" starttime="20230330 11:45:45.956" endtime="20230330 11:45:50.342"/>
</kw>
<kw name="Quando pesquisar por cama" library="Worten.resource">
<kw name="Input Text" library="SeleniumLibrary">
<arg>search</arg>
<arg>cama</arg>
<doc>Types the given ``text`` into the text field identified by ``locator``.</doc>
<msg timestamp="20230330 11:45:50.344" level="INFO">Typing text 'cama' into text field 'search'.</msg>
<status status="PASS" starttime="20230330 11:45:50.343" endtime="20230330 11:45:52.048"/>
</kw>
<status status="PASS" starttime="20230330 11:45:50.342" endtime="20230330 11:45:52.048"/>
</kw>
<kw name="E clicar na opção de cama" library="Worten.resource">
<kw name="Wait Until Element Is Visible" library="SeleniumLibrary">
<arg>${Opção_Cama}</arg>
<doc>Waits until the element ``locator`` is visible.</doc>
<status status="PASS" starttime="20230330 11:45:52.049" endtime="20230330 11:45:53.119"/>
</kw>
<kw name="Click Element" library="SeleniumLibrary">
<arg>${Opção_Cama}</arg>
<doc>Click the element identified by ``locator``.</doc>
<msg timestamp="20230330 11:45:53.120" level="INFO">Clicking element '(//span[@class='bold'][contains(.,'cama')])[1]'.</msg>
<status status="PASS" starttime="20230330 11:45:53.119" endtime="20230330 11:45:54.229"/>
</kw>
<status status="PASS" starttime="20230330 11:45:52.048" endtime="20230330 11:45:54.229"/>
</kw>
<kw name="Então clica na &quot;vidaXL Estrutura de cama c/ gavetas 90x200 cm branco&quot;" library="Worten.resource">
<kw name="Wait Until Element Is Visible" library="SeleniumLibrary">
<arg>${Produto_Cama}</arg>
<doc>Waits until the element ``locator`` is visible.</doc>
<status status="PASS" starttime="20230330 11:45:54.230" endtime="20230330 11:45:58.641"/>
</kw>
<kw name="Click Element" library="SeleniumLibrary">
<arg>${Produto_Cama}</arg>
<doc>Click the element identified by ``locator``.</doc>
<msg timestamp="20230330 11:45:58.641" level="INFO">Clicking element '//span[contains(.,'vidaXL Estrutura de cama c/ gavetas 90x200 cm branco')]'.</msg>
<status status="PASS" starttime="20230330 11:45:58.641" endtime="20230330 11:45:59.832"/>
</kw>
<status status="PASS" starttime="20230330 11:45:54.229" endtime="20230330 11:45:59.832"/>
</kw>
<kw name="E adicione a &quot;vidaXL Estrutura de cama c/ gavetas 90x200 cm branco&quot; no carrinho" library="Worten.resource">
<kw name="Wait Until Element Is Visible" library="SeleniumLibrary">
<arg>${Adiciona_Carrinho}</arg>
<doc>Waits until the element ``locator`` is visible.</doc>
<status status="PASS" starttime="20230330 11:45:59.833" endtime="20230330 11:46:02.983"/>
</kw>
<kw name="Click Button" library="SeleniumLibrary">
<arg>${Adiciona_Carrinho}</arg>
<doc>Clicks the button identified by ``locator``.</doc>
[...]
</kw>
<doc>Esse teste remove livro do carrinho</doc>
<tag>Remove_Livro</tag>
<status status="PASS" starttime="20230330 11:48:27.497" endtime="20230330 11:49:06.831"/>
</test>
<test id="s1-t18" name="Cenário 17 - Verificar a opção Levanta grátis na loja em 15 minutos" line="195">
<kw name="Abrir o navegador" library="Worten.resource" type="SETUP">
<kw name="Open Browser" library="SeleniumLibrary">
<arg>browser=chrome</arg>
<doc>Opens a new browser instance to the optional ``url``.</doc>
<msg timestamp="20230330 11:49:06.833" level="INFO">Opening browser 'chrome' to base url 'None'.</msg>
<status status="PASS" starttime="20230330 11:49:06.833" endtime="20230330 11:49:07.949"/>
</kw>
<kw name="Maximize Browser Window" library="SeleniumLibrary">
<doc>Maximizes current browser window.</doc>
<status status="PASS" starttime="20230330 11:49:07.949" endtime="20230330 11:49:08.578"/>
</kw>
<kw name="Set Selenium Speed" library="SeleniumLibrary">
<arg>${DELAY}</arg>
<doc>Sets the delay that is waited after each Selenium command.</doc>
<status status="PASS" starttime="20230330 11:49:08.578" endtime="20230330 11:49:08.578"/>
</kw>
<status status="PASS" starttime="20230330 11:49:06.833" endtime="20230330 11:49:08.578"/>
</kw>
<kw name="Dado que o usuário está na home page www.worten.pt" library="Worten.resource">
<kw name="Go To" library="SeleniumLibrary">
<arg>url=${URL}</arg>
<doc>Navigates the current browser window to the provided ``url``.</doc>
<msg timestamp="20230330 11:49:08.579" level="INFO">Opening url 'https://www.worten.pt'</msg>
<status status="PASS" starttime="20230330 11:49:08.579" endtime="20230330 11:49:12.398"/>
</kw>
<status status="PASS" starttime="20230330 11:49:08.579" endtime="20230330 11:49:12.398"/>
</kw>
<kw name="E aceitou o cookies" library="Worten.resource">
<kw name="Wait Until Element Is Visible" library="SeleniumLibrary">
<arg>locator=${Aceitar_cookies}</arg>
<doc>Waits until the element ``locator`` is visible.</doc>
<status status="PASS" starttime="20230330 11:49:12.399" endtime="20230330 11:49:14.199"/>
</kw>
<kw name="Click Button" library="SeleniumLibrary">
<arg>locator=${Aceitar_cookies}</arg>
<doc>Clicks the button identified by ``locator``.</doc>
<msg timestamp="20230330 11:49:14.199" level="INFO">Clicking button '//button[@type='button'][contains(.,'Aceitar Tudo')]'.</msg>
<status status="PASS" starttime="20230330 11:49:14.199" endtime="20230330 11:49:16.825"/>
</kw>
<status status="PASS" starttime="20230330 11:49:12.398" endtime="20230330 11:49:16.825"/>
</kw>
<kw name="Quando clicar na opção &quot;Levanta grátis na loja em 15 minutos&quot;" library="Worten.resource">
<kw name="Click Element" library="SeleniumLibrary">
<arg>${Opção_LevantaGrátis}</arg>
<doc>Click the element identified by ``locator``.</doc>
<msg timestamp="20230330 11:49:16.827" level="INFO">Clicking element '//p[contains(.,'Levanta grátis na loja em 15 minutos')]'.</msg>
<status status="PASS" starttime="20230330 11:49:16.826" endtime="20230330 11:49:17.911"/>
</kw>
<status status="PASS" starttime="20230330 11:49:16.826" endtime="20230330 11:49:17.911"/>
</kw>
<kw name="Então deve aparecer a lista de entregas rápidas" library="Worten.resource">
<kw name="Wait Until Element Is Visible" library="SeleniumLibrary">
<arg>${Lista_Entregas}</arg>
<doc>Waits until the element ``locator`` is visible.</doc>
<status status="PASS" starttime="20230330 11:49:17.912" endtime="20230330 11:49:21.789"/>
</kw>
<status status="PASS" starttime="20230330 11:49:17.911" endtime="20230330 11:49:21.789"/>
</kw>
<kw name="Fechar o navegador" library="Worten.resource" type="TEARDOWN">
<kw name="Capture Page Screenshot" library="SeleniumLibrary">
<doc>Takes a screenshot of the current page and embeds it into a log file.</doc>
<msg timestamp="20230330 11:49:22.477" level="INFO" html="true">&lt;/td&gt;&lt;/tr&gt;&lt;tr&gt;&lt;td colspan="3"&gt;&lt;a href="selenium-screenshot-108.png"&gt;&lt;img src="selenium-screenshot-108.png" width="800px"&gt;&lt;/a&gt;</msg>
<status status="PASS" starttime="20230330 11:49:21.790" endtime="20230330 11:49:22.477"/>
</kw>
<kw name="Close Browser" library="SeleniumLibrary">
<doc>Closes the current browser.</doc>
<status status="PASS" starttime="20230330 11:49:22.477" endtime="20230330 11:49:25.128"/>
</kw>
<kw name="Set Selenium Speed" library="SeleniumLibrary">
<arg>${DELAY}</arg>
<doc>Sets the delay that is waited after each Selenium command.</doc>
<status status="PASS" starttime="20230330 11:49:25.128" endtime="20230330 11:49:25.128"/>
</kw>
<status status="PASS" starttime="20230330 11:49:21.789" endtime="20230330 11:49:25.128"/>
</kw>
<doc>Esse teste verifica a opção Levanta grátis na loja em 15 minutos</doc>
<tag>Verifica_Opção</tag>
<status status="PASS" starttime="20230330 11:49:06.832" endtime="20230330 11:49:25.129"/>
</test>
<test id="s1-t19" name="Cenário 18 - Verifica a opção Recebe em casa em 2 horas" line="203">
<kw name="Abrir o navegador" library="Worten.resource" type="SETUP">
<kw name="Open Browser" library="SeleniumLibrary">
<arg>browser=chrome</arg>
<doc>Opens a new browser instance to the optional ``url``.</doc>
<msg timestamp="20230330 11:49:25.131" level="INFO">Opening browser 'chrome' to base url 'None'.</msg>
<status status="PASS" starttime="20230330 11:49:25.131" endtime="20230330 11:49:26.352"/>
</kw>
<kw name="Maximize Browser Window" library="SeleniumLibrary">
<doc>Maximizes current browser window.</doc>
<status status="PASS" starttime="20230330 11:49:26.352" endtime="20230330 11:49:26.981"/>
</kw>
<kw name="Set Selenium Speed" library="SeleniumLibrary">
<arg>${DELAY}</arg>
<doc>Sets the delay that is waited after each Selenium command.</doc>
<status status="PASS" starttime="20230330 11:49:26.981" endtime="20230330 11:49:26.981"/>
</kw>
<status status="PASS" starttime="20230330 11:49:25.131" endtime="20230330 11:49:26.982"/>
</kw>
<kw name="Dado que o usuário está na home page www.worten.pt" library="Worten.resource">
<kw name="Go To" library="SeleniumLibrary">
<arg>url=${URL}</arg>
<doc>Navigates the current browser window to the provided ``url``.</doc>
<msg timestamp="20230330 11:49:26.982" level="INFO">Opening url 'https://www.worten.pt'</msg>
<status status="PASS" starttime="20230330 11:49:26.982" endtime="20230330 11:49:32.314"/>
</kw>
<status status="PASS" starttime="20230330 11:49:26.982" endtime="20230330 11:49:32.314"/>
</kw>
<kw name="E aceitou o cookies" library="Worten.resource">
<kw name="Wait Until Element Is Visible" library="SeleniumLibrary">
<arg>locator=${Aceitar_cookies}</arg>
<doc>Waits until the element ``locator`` is visible.</doc>
<status status="PASS" starttime="20230330 11:49:32.315" endtime="20230330 11:49:34.070"/>
</kw>
<kw name="Click Button" library="SeleniumLibrary">
<arg>locator=${Aceitar_cookies}</arg>
<doc>Clicks the button identified by ``locator``.</doc>
<msg timestamp="20230330 11:49:34.071" level="INFO">Clicking button '//button[@type='button'][contains(.,'Aceitar Tudo')]'.</msg>
<status status="PASS" starttime="20230330 11:49:34.070" endtime="20230330 11:49:36.699"/>
</kw>
<status status="PASS" starttime="20230330 11:49:32.314" endtime="20230330 11:49:36.699"/>
</kw>
<kw name="Quando clicar na opção &quot;Recebe em casa em 2 horas&quot;" library="Worten.resource">
<kw name="Click Link" library="SeleniumLibrary">
<arg>${OpçãoRecebeEmCasa}</arg>
<doc>Clicks a link identified by ``locator``.</doc>
<msg timestamp="20230330 11:49:36.701" level="INFO">Clicking link '//a[contains(.,'Recebe em casa em 2 horas')]'.</msg>
<status status="PASS" starttime="20230330 11:49:36.700" endtime="20230330 11:49:38.474"/>
</kw>
<status status="PASS" starttime="20230330 11:49:36.700" endtime="20230330 11:49:38.474"/>
</kw>
<kw name="Então deve aparecer a lista de entregas rápidas" library="Worten.resource">
<kw name="Wait Until Element Is Visible" library="SeleniumLibrary">
<arg>${Lista_Entregas}</arg>
<doc>Waits until the element ``locator`` is visible.</doc>
<status status="PASS" starttime="20230330 11:49:38.475" endtime="20230330 11:49:42.699"/>
</kw>
<status status="PASS" starttime="20230330 11:49:38.475" endtime="20230330 11:49:42.699"/>
</kw>
<kw name="Fechar o navegador" library="Worten.resource" type="TEARDOWN">
<kw name="Capture Page Screenshot" library="SeleniumLibrary">
<doc>Takes a screenshot of the current page and embeds it into a log file.</doc>
<msg timestamp="20230330 11:49:43.390" level="INFO" html="true">&lt;/td&gt;&lt;/tr&gt;&lt;tr&gt;&lt;td colspan="3"&gt;&lt;a href="selenium-screenshot-109.png"&gt;&lt;img src="selenium-screenshot-109.png" width="800px"&gt;&lt;/a&gt;</msg>
<status status="PASS" starttime="20230330 11:49:42.700" endtime="20230330 11:49:43.390"/>
</kw>
<kw name="Close Browser" library="SeleniumLibrary">
<doc>Closes the current browser.</doc>
<status status="PASS" starttime="20230330 11:49:43.390" endtime="20230330 11:49:46.017"/>
</kw>
<kw name="Set Selenium Speed" library="SeleniumLibrary">
<arg>${DELAY}</arg>
<doc>Sets the delay that is waited after each Selenium command.</doc>
<status status="PASS" starttime="20230330 11:49:46.017" endtime="20230330 11:49:46.018"/>
</kw>
<status status="PASS" starttime="20230330 11:49:42.700" endtime="20230330 11:49:46.018"/>
</kw>
<doc>Esse teste Verifica a opção Recebe em casa em 2 horas</doc>
<tag>Verifica_Opção</tag>
<status status="PASS" starttime="20230330 11:49:25.130" endtime="20230330 11:49:46.018"/>
</test>
<test id="s1-t20" name="Cenário 19 - Verifica a opção 3x sem juros** TAEG 0%" line="211">
<kw name="Abrir o navegador" library="Worten.resource" type="SETUP">
<kw name="Open Browser" library="SeleniumLibrary">
<arg>browser=chrome</arg>
<doc>Opens a new browser instance to the optional ``url``.</doc>
<msg timestamp="20230330 11:49:46.020" level="INFO">Opening browser 'chrome' to base url 'None'.</msg>
<status status="PASS" starttime="20230330 11:49:46.020" endtime="20230330 11:49:47.257"/>
</kw>
<kw name="Maximize Browser Window" library="SeleniumLibrary">
<doc>Maximizes current browser window.</doc>
<status status="PASS" starttime="20230330 11:49:47.257" endtime="20230330 11:49:47.884"/>
</kw>
<kw name="Set Selenium Speed" library="SeleniumLibrary">
<arg>${DELAY}</arg>
<doc>Sets the delay that is waited after each Selenium command.</doc>
<status status="PASS" starttime="20230330 11:49:47.884" endtime="20230330 11:49:47.884"/>
</kw>
<status status="PASS" starttime="20230330 11:49:46.020" endtime="20230330 11:49:47.884"/>
</kw>
<kw name="Dado que o usuário está na home page www.worten.pt" library="Worten.resource">
<kw name="Go To" library="SeleniumLibrary">
<arg>url=${URL}</arg>
<doc>Navigates the current browser window to the provided ``url``.</doc>
<msg timestamp="20230330 11:49:47.885" level="INFO">Opening url 'https://www.worten.pt'</msg>
<status status="PASS" starttime="20230330 11:49:47.885" endtime="20230330 11:49:51.087"/>
</kw>
<status status="PASS" starttime="20230330 11:49:47.885" endtime="20230330 11:49:51.087"/>
</kw>
<kw name="E aceitou o cookies" library="Worten.resource">
<kw name="Wait Until Element Is Visible" library="SeleniumLibrary">
<arg>locator=${Aceitar_cookies}</arg>
<doc>Waits until the element ``locator`` is visible.</doc>
<status status="PASS" starttime="20230330 11:49:51.088" endtime="20230330 11:49:53.761"/>
</kw>
<kw name="Click Button" library="SeleniumLibrary">
<arg>locator=${Aceitar_cookies}</arg>
<doc>Clicks the button identified by ``locator``.</doc>
<msg timestamp="20230330 11:49:53.761" level="INFO">Clicking button '//button[@type='button'][contains(.,'Aceitar Tudo')]'.</msg>
<status status="PASS" starttime="20230330 11:49:53.761" endtime="20230330 11:49:56.388"/>
</kw>
<status status="PASS" starttime="20230330 11:49:51.087" endtime="20230330 11:49:56.388"/>
</kw>
<kw name="Quando clica na opção &quot;3x sem juros** TAEG 0%&quot;" library="Worten.resource">
<kw name="Click Element" library="SeleniumLibrary">
<arg>${Opção_S/Juros}</arg>
<doc>Click the element identified by ``locator``.</doc>
<msg timestamp="20230330 11:49:56.389" level="INFO">Clicking element '//p[contains(.,'3x sem juros** TAEG 0%')]'.</msg>
<status status="PASS" starttime="20230330 11:49:56.389" endtime="20230330 11:49:57.481"/>
</kw>
<status status="PASS" starttime="20230330 11:49:56.388" endtime="20230330 11:49:57.481"/>
</kw>
<kw name="Então deve aparecer a frase &quot; Crédito Worten&quot;" library="Worten.resource">
<kw name="Wait Until Element Is Visible" library="SeleniumLibrary">
<arg>${Credito_Worten}</arg>
<doc>Waits until the element ``locator`` is visible.</doc>
<status status="PASS" starttime="20230330 11:49:57.483" endtime="20230330 11:49:59.674"/>
</kw>
<status status="PASS" starttime="20230330 11:49:57.483" endtime="20230330 11:49:59.674"/>
</kw>
<kw name="Fechar o navegador" library="Worten.resource" type="TEARDOWN">
<kw name="Capture Page Screenshot" library="SeleniumLibrary">
<doc>Takes a screenshot of the current page and embeds it into a log file.</doc>
<msg timestamp="20230330 11:50:00.471" level="INFO" html="true">&lt;/td&gt;&lt;/tr&gt;&lt;tr&gt;&lt;td colspan="3"&gt;&lt;a href="selenium-screenshot-110.png"&gt;&lt;img src="selenium-screenshot-110.png" width="800px"&gt;&lt;/a&gt;</msg>
<status status="PASS" starttime="20230330 11:49:59.675" endtime="20230330 11:50:00.471"/>
</kw>
<kw name="Close Browser" library="SeleniumLibrary">
<doc>Closes the current browser.</doc>
<status status="PASS" starttime="20230330 11:50:00.471" endtime="20230330 11:50:03.079"/>
</kw>
<kw name="Set Selenium Speed" library="SeleniumLibrary">
<arg>${DELAY}</arg>
<doc>Sets the delay that is waited after each Selenium command.</doc>
<status status="PASS" starttime="20230330 11:50:03.079" endtime="20230330 11:50:03.080"/>
</kw>
<status status="PASS" starttime="20230330 11:49:59.675" endtime="20230330 11:50:03.080"/>
</kw>
<doc>Esse teste verifica a opção 3x sem juros** TAEG 0%</doc>
<tag>Verifica_Opção</tag>
<status status="PASS" starttime="20230330 11:49:46.019" endtime="20230330 11:50:03.080"/>
</test>
<test id="s1-t21" name="Cenário 20 - Verifica a opção Preço mínimo garantido" line="219">
<kw name="Abrir o navegador" library="Worten.resource" type="SETUP">
<kw name="Open Browser" library="SeleniumLibrary">
<arg>browser=chrome</arg>
<doc>Opens a new browser instance to the optional ``url``.</doc>
<msg timestamp="20230330 11:50:03.083" level="INFO">Opening browser 'chrome' to base url 'None'.</msg>
<status status="PASS" starttime="20230330 11:50:03.083" endtime="20230330 11:50:04.311"/>
</kw>
<kw name="Maximize Browser Window" library="SeleniumLibrary">
<doc>Maximizes current browser window.</doc>
<status status="PASS" starttime="20230330 11:50:04.311" endtime="20230330 11:50:04.938"/>
</kw>
<kw name="Set Selenium Speed" library="SeleniumLibrary">
<arg>${DELAY}</arg>
<doc>Sets the delay that is waited after each Selenium command.</doc>
<status status="PASS" starttime="20230330 11:50:04.938" endtime="20230330 11:50:04.938"/>
</kw>
<status status="PASS" starttime="20230330 11:50:03.082" endtime="20230330 11:50:04.938"/>
</kw>
<kw name="Dado que o usuário está na home page www.worten.pt" library="Worten.resource">
<kw name="Go To" library="SeleniumLibrary">
<arg>url=${URL}</arg>
<doc>Navigates the current browser window to the provided ``url``.</doc>
<msg timestamp="20230330 11:50:04.940" level="INFO">Opening url 'https://www.worten.pt'</msg>
<status status="PASS" starttime="20230330 11:50:04.939" endtime="20230330 11:50:09.449"/>
</kw>
<status status="PASS" starttime="20230330 11:50:04.939" endtime="20230330 11:50:09.449"/>
</kw>
<kw name="E aceitou o cookies" library="Worten.resource">
<kw name="Wait Until Element Is Visible" library="SeleniumLibrary">
<arg>locator=${Aceitar_cookies}</arg>
<doc>Waits until the element ``locator`` is visible.</doc>
<status status="PASS" starttime="20230330 11:50:09.450" endtime="20230330 11:50:10.497"/>
</kw>
<kw name="Click Button" library="SeleniumLibrary">
<arg>locator=${Aceitar_cookies}</arg>
<doc>Clicks the button identified by ``locator``.</doc>
<msg timestamp="20230330 11:50:10.497" level="INFO">Clicking button '//button[@type='button'][contains(.,'Aceitar Tudo')]'.</msg>
<status status="PASS" starttime="20230330 11:50:10.497" endtime="20230330 11:50:13.125"/>
</kw>
<status status="PASS" starttime="20230330 11:50:09.449" endtime="20230330 11:50:13.125"/>
</kw>
<kw name="Quando clica na opção &quot;Preço mínimo garantido&quot;" library="Worten.resource">
<kw name="Click Element" library="SeleniumLibrary">
<arg>${Opção_PreçoMinimo}</arg>
<doc>Click the element identified by ``locator``.</doc>
<msg timestamp="20230330 11:50:13.127" level="INFO">Clicking element '//p[contains(.,'Preço mínimo garantido')]'.</msg>
<status status="PASS" starttime="20230330 11:50:13.126" endtime="20230330 11:50:14.231"/>
</kw>
<status status="PASS" starttime="20230330 11:50:13.126" endtime="20230330 11:50:14.231"/>
</kw>
<kw name="Então deve aparecer a frase &quot;Preço Mínimo Garantido&quot;" library="Worten.resource">
<kw name="Wait Until Element Is Visible" library="SeleniumLibrary">
<arg>${Preço_Minimo}</arg>
<doc>Waits until the element ``locator`` is visible.</doc>
<status status="PASS" starttime="20230330 11:50:14.232" endtime="20230330 11:50:16.385"/>
</kw>
<status status="PASS" starttime="20230330 11:50:14.231" endtime="20230330 11:50:16.385"/>
</kw>
<kw name="Fechar o navegador" library="Worten.resource" type="TEARDOWN">
<kw name="Capture Page Screenshot" library="SeleniumLibrary">
<doc>Takes a screenshot of the current page and embeds it into a log file.</doc>
<msg timestamp="20230330 11:50:17.050" level="INFO" html="true">&lt;/td&gt;&lt;/tr&gt;&lt;tr&gt;&lt;td colspan="3"&gt;&lt;a href="selenium-screenshot-111.png"&gt;&lt;img src="selenium-screenshot-111.png" width="800px"&gt;&lt;/a&gt;</msg>
<status status="PASS" starttime="20230330 11:50:16.387" endtime="20230330 11:50:17.051"/>
</kw>
<kw name="Close Browser" library="SeleniumLibrary">
<doc>Closes the current browser.</doc>
<status status="PASS" starttime="20230330 11:50:17.051" endtime="20230330 11:50:19.672"/>
</kw>
<kw name="Set Selenium Speed" library="SeleniumLibrary">
<arg>${DELAY}</arg>
<doc>Sets the delay that is waited after each Selenium command.</doc>
<status status="PASS" starttime="20230330 11:50:19.672" endtime="20230330 11:50:19.673"/>
</kw>
<status status="PASS" starttime="20230330 11:50:16.386" endtime="20230330 11:50:19.673"/>
</kw>
<doc>Esse teste verifica a opção Preço mínimo garantido</doc>
<tag>Verifica_Opção</tag>
<status status="PASS" starttime="20230330 11:50:03.081" endtime="20230330 11:50:19.673"/>
</test>
<doc>Essa suíte será testa o site do www.Worten.pt</doc>
<status status="PASS" starttime="20230330 11:39:30.175" endtime="20230330 11:50:19.675"/>
</suite>
<statistics>
<total>
<stat pass="21" fail="0" skip="0">All Tests</stat>
</total>
<tag>
<stat pass="1" fail="0" skip="0">Aceita_cookies</stat>
<stat pass="2" fail="0" skip="0">Adiciona_cama</stat>
<stat pass="1" fail="0" skip="0">Adiciona_carrinho</stat>
<stat pass="1" fail="0" skip="0">Adiciona_Livro</stat>
<stat pass="1" fail="0" skip="0">Adiciona_Maquinadecafé</stat>
<stat pass="1" fail="0" skip="0">Adiciona_smartphone</stat>
<stat pass="1" fail="0" skip="0">Adiciona_TV</stat>
<stat pass="1" fail="0" skip="0">Login</stat>
<stat pass="1" fail="0" skip="0">Pesquisa_produtos</stat>
<stat pass="1" fail="0" skip="0">Remove_Livro</stat>
<stat pass="1" fail="0" skip="0">Remove_Maquinadecafé</stat>
<stat pass="1" fail="0" skip="0">Remove_produto</stat>
<stat pass="1" fail="0" skip="0">Remove_smartphone</stat>
<stat pass="1" fail="0" skip="0">Remove_TV</stat>
<stat pass="4" fail="0" skip="0">Verifica_Opção</stat>
<stat pass="1" fail="0" skip="0">Verifica_produtos</stat>
<stat pass="1" fail="0" skip="0">Verifica_Serviços</stat>
</tag>
<suite>
<stat pass="21" fail="0" skip="0" id="s1" name="Worten.Test.Bdd">Worten.Test.Bdd</stat>
</suite>
</statistics>
<errors>
</errors>
</robot>
